<?xml version="1.0" encoding="utf-8"?>
<TestRun id="7f14a29f-fb2a-4c33-b519-c1dec97d8eaa" name="@fv-az635-124 2023-10-04 11:32:15" xmlns="http://microsoft.com/schemas/VisualStudio/TeamTest/2010">
  <Times creation="2023-10-04T11:32:15.5804688+00:00" queuing="2023-10-04T11:32:15.5804688+00:00" start="2023-10-04T11:32:10.8190954+00:00" finish="2023-10-04T11:32:17.1319833+00:00" />
  <TestSettings name="default" id="931d4838-386a-4b01-903e-5a0431fa42dd">
    <Deployment runDeploymentRoot="_fv-az635-124_2023-10-04_11_32_15" />
  </TestSettings>
  <Results>
    <UnitTestResult executionId="fb91ba1e-f278-476a-b7e4-8d76af051851" testId="e7d8c60a-a78e-021e-f338-d6871015868e" testName="ShouldExtractRefundMessages" computerName="fv-az635-124" duration="00:00:00.0010056" startTime="2023-10-04T11:32:15.6964810+00:00" endTime="2023-10-04T11:32:15.6981920+00:00" testType="13cdc9d9-ddb5-4fa4-a97d-d965ccfc6d4b" outcome="Passed" testListId="8c84fa94-04c1-424b-9868-57a2d4851a1d" relativeResultsDirectory="fb91ba1e-f278-476a-b7e4-8d76af051851" />
    <UnitTestResult executionId="1a734904-8e6b-48d2-8f5d-c7b91df912c8" testId="1f670645-d56f-933d-d08f-b27b7f0b94c5" testName="ShouldReturnTheCorrectCountryCodeFromaString (GBR,GBR)" computerName="fv-az635-124" duration="00:00:00.0000148" startTime="2023-10-04T11:32:16.6351280+00:00" endTime="2023-10-04T11:32:16.6358520+00:00" testType="13cdc9d9-ddb5-4fa4-a97d-d965ccfc6d4b" outcome="Passed" testListId="8c84fa94-04c1-424b-9868-57a2d4851a1d" relativeResultsDirectory="1a734904-8e6b-48d2-8f5d-c7b91df912c8" />
    <UnitTestResult executionId="7e2b3f14-5877-4a69-af1d-0c7e3790ae79" testId="f3815f6a-8938-1836-14ac-589e0b78c275" testName="Correct Params, Invalid HMAC 2" computerName="fv-az635-124" duration="00:00:00.0001779" startTime="2023-10-04T11:32:16.6078340+00:00" endTime="2023-10-04T11:32:16.6087010+00:00" testType="13cdc9d9-ddb5-4fa4-a97d-d965ccfc6d4b" outcome="Passed" testListId="8c84fa94-04c1-424b-9868-57a2d4851a1d" relativeResultsDirectory="7e2b3f14-5877-4a69-af1d-0c7e3790ae79" />
    <UnitTestResult executionId="37ca72af-0a7c-4d78-9f70-2b5be1224cd7" testId="8b568998-aa4a-e6fc-5842-0df3b2a98adc" testName="ShouldReturnStatusUnknownAndMessagesWhenRequestFailsValidation" computerName="fv-az635-124" duration="00:00:00.0010160" startTime="2023-10-04T11:32:16.5025380+00:00" endTime="2023-10-04T11:32:16.5042600+00:00" testType="13cdc9d9-ddb5-4fa4-a97d-d965ccfc6d4b" outcome="Passed" testListId="8c84fa94-04c1-424b-9868-57a2d4851a1d" relativeResultsDirectory="37ca72af-0a7c-4d78-9f70-2b5be1224cd7" />
    <UnitTestResult executionId="3868a66f-5636-4142-ba1b-4419c81a9301" testId="0f4db286-3c61-ca8c-739c-00f6d7453f01" testName="ShouldReturnStatusUnknownAndAMessageWhenProviderResponseIsNull" computerName="fv-az635-124" duration="00:00:00.0019547" startTime="2023-10-04T11:32:16.4934030+00:00" endTime="2023-10-04T11:32:16.4960620+00:00" testType="13cdc9d9-ddb5-4fa4-a97d-d965ccfc6d4b" outcome="Passed" testListId="8c84fa94-04c1-424b-9868-57a2d4851a1d" relativeResultsDirectory="3868a66f-5636-4142-ba1b-4419c81a9301" />
    <UnitTestResult executionId="540f33c8-feb7-446b-9950-745500f20890" testId="87033f7f-7293-f15d-39f0-c6868773f5ab" testName="ShouldThrowValidationExceptionOnUnrecognisedCountryCode (TES)" computerName="fv-az635-124" duration="00:00:00.0004549" startTime="2023-10-04T11:32:16.6306170+00:00" endTime="2023-10-04T11:32:16.6317710+00:00" testType="13cdc9d9-ddb5-4fa4-a97d-d965ccfc6d4b" outcome="Passed" testListId="8c84fa94-04c1-424b-9868-57a2d4851a1d" relativeResultsDirectory="540f33c8-feb7-446b-9950-745500f20890" />
    <UnitTestResult executionId="6da824c3-1ad7-4923-aea3-806012ee61b7" testId="5a6387cd-11d1-cbda-9a28-b2c04c2fa108" testName="ShouldExtractBrowserInformation" computerName="fv-az635-124" duration="00:00:00.0012802" startTime="2023-10-04T11:32:15.6995800+00:00" endTime="2023-10-04T11:32:15.7015730+00:00" testType="13cdc9d9-ddb5-4fa4-a97d-d965ccfc6d4b" outcome="Passed" testListId="8c84fa94-04c1-424b-9868-57a2d4851a1d" relativeResultsDirectory="6da824c3-1ad7-4923-aea3-806012ee61b7" />
    <UnitTestResult executionId="51efa09d-1d66-46df-a12e-3bfe77c22610" testId="164a2c5b-e354-ac1a-d0ca-0f22934e0f13" testName="SavedCardNoUserDetail" computerName="fv-az635-124" duration="00:00:00.0012669" startTime="2023-10-04T11:32:16.3593600+00:00" endTime="2023-10-04T11:32:16.3619630+00:00" testType="13cdc9d9-ddb5-4fa4-a97d-d965ccfc6d4b" outcome="Passed" testListId="8c84fa94-04c1-424b-9868-57a2d4851a1d" relativeResultsDirectory="51efa09d-1d66-46df-a12e-3bfe77c22610" />
    <UnitTestResult executionId="3dcbf370-32ca-4e9d-9adb-6347ff0b2711" testId="a70a19ba-1b6e-12f7-fa00-2c945790e66d" testName="ShouldReturnStatusUnknownAndAMessageWhenProviderResponseIsNull" computerName="fv-az635-124" duration="00:00:00.0019561" startTime="2023-10-04T11:32:16.5673890+00:00" endTime="2023-10-04T11:32:16.5700450+00:00" testType="13cdc9d9-ddb5-4fa4-a97d-d965ccfc6d4b" outcome="Passed" testListId="8c84fa94-04c1-424b-9868-57a2d4851a1d" relativeResultsDirectory="3dcbf370-32ca-4e9d-9adb-6347ff0b2711" />
    <UnitTestResult executionId="8600498c-e1f2-4379-826f-73588677418a" testId="7edc5100-eca1-470d-d2ed-037ada91af38" testName="ShouldReturnStatusUnknownAndAMessageWhenProviderReturnsErrors" computerName="fv-az635-124" duration="00:00:00.0018083" startTime="2023-10-04T11:32:16.5743860+00:00" endTime="2023-10-04T11:32:16.5769130+00:00" testType="13cdc9d9-ddb5-4fa4-a97d-d965ccfc6d4b" outcome="Passed" testListId="8c84fa94-04c1-424b-9868-57a2d4851a1d" relativeResultsDirectory="8600498c-e1f2-4379-826f-73588677418a" />
    <UnitTestResult executionId="c8c636c5-8d1a-40d1-9b20-65d968042613" testId="7f021ba4-ce47-c759-0e9a-e85913d720db" testName="ShouldReturnCorrectTransactionStatus (BLOCKED,CompleteFailed,Optimis.SmartPayBureau.Client.error[])" computerName="fv-az635-124" duration="00:00:00.0000078" startTime="2023-10-04T11:32:16.6593360+00:00" endTime="2023-10-04T11:32:16.6600670+00:00" testType="13cdc9d9-ddb5-4fa4-a97d-d965ccfc6d4b" outcome="Passed" testListId="8c84fa94-04c1-424b-9868-57a2d4851a1d" relativeResultsDirectory="c8c636c5-8d1a-40d1-9b20-65d968042613" />
    <UnitTestResult executionId="868217d3-4a8f-4036-9886-314c10b3f4b9" testId="bd0f3e87-2d49-7223-2c00-e0924f9c83f5" testName="SubsequentRecurringCardNoUserDetail" computerName="fv-az635-124" duration="00:00:00.0006997" startTime="2023-10-04T11:32:16.3624740+00:00" endTime="2023-10-04T11:32:16.4115700+00:00" testType="13cdc9d9-ddb5-4fa4-a97d-d965ccfc6d4b" outcome="Passed" testListId="8c84fa94-04c1-424b-9868-57a2d4851a1d" relativeResultsDirectory="868217d3-4a8f-4036-9886-314c10b3f4b9" />
    <UnitTestResult executionId="ab1fd446-307d-427f-bf62-3fb17af2e668" testId="ab28ccf6-333d-b4aa-d447-f56c9db347dc" testName="ShouldReturnCorrectTransactionStatus (PAYMENT_CHOICE,AwaitingUserInput,Optimis.SmartPayBureau.Client.error[])" computerName="fv-az635-124" duration="00:00:00.0000078" startTime="2023-10-04T11:32:16.6511240+00:00" endTime="2023-10-04T11:32:16.6518640+00:00" testType="13cdc9d9-ddb5-4fa4-a97d-d965ccfc6d4b" outcome="Passed" testListId="8c84fa94-04c1-424b-9868-57a2d4851a1d" relativeResultsDirectory="ab1fd446-307d-427f-bf62-3fb17af2e668" />
    <UnitTestResult executionId="8e1fbc57-3b45-4892-8814-85592be5beef" testId="16b3b326-cc84-6c59-cca4-fcf99dce36ba" testName="ShouldReturnStatusUnknownAndMessagesWhenRequestFailsValidation" computerName="fv-az635-124" duration="00:00:00.0009829" startTime="2023-10-04T11:32:16.5610260+00:00" endTime="2023-10-04T11:32:16.5627010+00:00" testType="13cdc9d9-ddb5-4fa4-a97d-d965ccfc6d4b" outcome="Passed" testListId="8c84fa94-04c1-424b-9868-57a2d4851a1d" relativeResultsDirectory="8e1fbc57-3b45-4892-8814-85592be5beef" />
    <UnitTestResult executionId="c2ac505a-6f7f-4c81-8032-91aec3b514cb" testId="bbe06873-5587-57a7-4c05-c20596f08802" testName="ShouldExtractResponderInformation" computerName="fv-az635-124" duration="00:00:00.0004439" startTime="2023-10-04T11:32:15.7048650+00:00" endTime="2023-10-04T11:32:15.7059990+00:00" testType="13cdc9d9-ddb5-4fa4-a97d-d965ccfc6d4b" outcome="Passed" testListId="8c84fa94-04c1-424b-9868-57a2d4851a1d" relativeResultsDirectory="c2ac505a-6f7f-4c81-8032-91aec3b514cb" />
    <UnitTestResult executionId="95e71713-e38f-40df-ba34-96added76236" testId="b346dfbf-3c2d-699a-985c-d7f8bf492fb1" testName="ShouldReturnStatusUnknownAndAMessageWhenProviderResponseIsNull" computerName="fv-az635-124" duration="00:00:00.0017561" startTime="2023-10-04T11:32:16.2780370+00:00" endTime="2023-10-04T11:32:16.2804880+00:00" testType="13cdc9d9-ddb5-4fa4-a97d-d965ccfc6d4b" outcome="Passed" testListId="8c84fa94-04c1-424b-9868-57a2d4851a1d" relativeResultsDirectory="95e71713-e38f-40df-ba34-96added76236" />
    <UnitTestResult executionId="88e6f8f1-e451-41ed-a37b-1d2e661d0be0" testId="aa47d6b1-108d-99f5-94b2-59cb8f57d7a1" testName="ShouldReturnCorrectTransactionStatus (PENDING,AwaitingUserInput,Optimis.SmartPayBureau.Client.error[])" computerName="fv-az635-124" duration="00:00:00.0000082" startTime="2023-10-04T11:32:16.6486790+00:00" endTime="2023-10-04T11:32:16.6494660+00:00" testType="13cdc9d9-ddb5-4fa4-a97d-d965ccfc6d4b" outcome="Passed" testListId="8c84fa94-04c1-424b-9868-57a2d4851a1d" relativeResultsDirectory="88e6f8f1-e451-41ed-a37b-1d2e661d0be0" />
    <UnitTestResult executionId="eb8e2541-a008-46b4-876d-78fd8597af5b" testId="22d45d7c-261c-a3ed-c9ba-05d4b8217242" testName="ShouldThrowArgumentNullWhenRequestIsNull" computerName="fv-az635-124" duration="00:00:00.0009378" startTime="2023-10-04T11:32:16.4413530+00:00" endTime="2023-10-04T11:32:16.4429980+00:00" testType="13cdc9d9-ddb5-4fa4-a97d-d965ccfc6d4b" outcome="Passed" testListId="8c84fa94-04c1-424b-9868-57a2d4851a1d" relativeResultsDirectory="eb8e2541-a008-46b4-876d-78fd8597af5b" />
    <UnitTestResult executionId="8e909b7b-ebe2-419e-8981-1825fae111ee" testId="fdfb1a8a-03c0-c004-80b1-15cb51a9925a" testName="ShouldReturnStatusUnknownAndMessagesWhenRequestFailsValidation" computerName="fv-az635-124" duration="00:00:00.0020966" startTime="2023-10-04T11:32:16.2705450+00:00" endTime="2023-10-04T11:32:16.2733610+00:00" testType="13cdc9d9-ddb5-4fa4-a97d-d965ccfc6d4b" outcome="Passed" testListId="8c84fa94-04c1-424b-9868-57a2d4851a1d" relativeResultsDirectory="8e909b7b-ebe2-419e-8981-1825fae111ee" />
    <UnitTestResult executionId="9e8ecb32-025e-4b29-822d-c6a5ed242ba1" testId="fa963db9-1434-5174-259d-d7d67be44055" testName="ShouldThrowOperationCanceledIfCancellationRequested" computerName="fv-az635-124" duration="00:00:00.0010496" startTime="2023-10-04T11:32:16.2758590+00:00" endTime="2023-10-04T11:32:16.2776040+00:00" testType="13cdc9d9-ddb5-4fa4-a97d-d965ccfc6d4b" outcome="Passed" testListId="8c84fa94-04c1-424b-9868-57a2d4851a1d" relativeResultsDirectory="9e8ecb32-025e-4b29-822d-c6a5ed242ba1" />
    <UnitTestResult executionId="c31e09a0-293e-41fd-be2b-59b41c3601c1" testId="eff09d83-bd92-0411-f0da-02775c83cec1" testName="Unknown" computerName="fv-az635-124" duration="00:00:00.0000088" startTime="2023-10-04T11:32:15.6011630+00:00" endTime="2023-10-04T11:32:15.6019000+00:00" testType="13cdc9d9-ddb5-4fa4-a97d-d965ccfc6d4b" outcome="Passed" testListId="8c84fa94-04c1-424b-9868-57a2d4851a1d" relativeResultsDirectory="c31e09a0-293e-41fd-be2b-59b41c3601c1" />
    <UnitTestResult executionId="9a7b6314-0e42-416b-a3ca-729e255f13ac" testId="d1961d8c-ff91-ed5b-2daa-ea7911098b62" testName="NULL url" computerName="fv-az635-124" duration="00:00:00.0009474" startTime="2023-10-04T11:32:16.5993010+00:00" endTime="2023-10-04T11:32:16.6009600+00:00" testType="13cdc9d9-ddb5-4fa4-a97d-d965ccfc6d4b" outcome="Passed" testListId="8c84fa94-04c1-424b-9868-57a2d4851a1d" relativeResultsDirectory="9a7b6314-0e42-416b-a3ca-729e255f13ac" />
    <UnitTestResult executionId="f47f8d93-20aa-4757-9444-3f4ceaa2d05a" testId="9801fb59-c57e-5801-2fe7-0d635dc7d934" testName="ShouldReturnCorrectTransactionStatus (FAIL,CompleteFailed,Optimis.SmartPayBureau.Client.error[])" computerName="fv-az635-124" duration="00:00:00.0000078" startTime="2023-10-04T11:32:16.6706770+00:00" endTime="2023-10-04T11:32:16.6714020+00:00" testType="13cdc9d9-ddb5-4fa4-a97d-d965ccfc6d4b" outcome="Passed" testListId="8c84fa94-04c1-424b-9868-57a2d4851a1d" relativeResultsDirectory="f47f8d93-20aa-4757-9444-3f4ceaa2d05a" />
    <UnitTestResult executionId="402552e4-eb47-493b-98ed-9b45cac3063e" testId="5aa5ea04-6bfa-51ef-b206-a607967dfccc" testName="ShouldThrowOptimisExceptionWhenProfileIsNotFound" computerName="fv-az635-124" duration="00:00:00.0013101" startTime="2023-10-04T11:32:16.5883230+00:00" endTime="2023-10-04T11:32:16.5903530+00:00" testType="13cdc9d9-ddb5-4fa4-a97d-d965ccfc6d4b" outcome="Passed" testListId="8c84fa94-04c1-424b-9868-57a2d4851a1d" relativeResultsDirectory="402552e4-eb47-493b-98ed-9b45cac3063e" />
    <UnitTestResult executionId="beee2da0-455f-4685-b658-c6b267f3fdbb" testId="b6339c5b-f34b-700b-6f92-633c9a7b2875" testName="ShouldExtractBankInformation" computerName="fv-az635-124" duration="00:00:00.0002747" startTime="2023-10-04T11:32:15.7034890+00:00" endTime="2023-10-04T11:32:15.7044310+00:00" testType="13cdc9d9-ddb5-4fa4-a97d-d965ccfc6d4b" outcome="Passed" testListId="8c84fa94-04c1-424b-9868-57a2d4851a1d" relativeResultsDirectory="beee2da0-455f-4685-b658-c6b267f3fdbb" />
    <UnitTestResult executionId="294b405e-a86f-4e5f-9378-7ffaf4467a95" testId="8a19cc13-e9ae-fab0-9fcf-bab61bab3f54" testName="ShouldThrowOperationCanceledIfCancellationRequested" computerName="fv-az635-124" duration="00:00:00.0057159" startTime="2023-10-04T11:32:16.4434400+00:00" endTime="2023-10-04T11:32:16.4498590+00:00" testType="13cdc9d9-ddb5-4fa4-a97d-d965ccfc6d4b" outcome="Passed" testListId="8c84fa94-04c1-424b-9868-57a2d4851a1d" relativeResultsDirectory="294b405e-a86f-4e5f-9378-7ffaf4467a95" />
    <UnitTestResult executionId="6032ba1f-29c5-4944-a232-3ab185cd37d5" testId="9310dba4-9950-11c6-2796-11498a681546" testName="ShouldExtractErrorMessages" computerName="fv-az635-124" duration="00:00:00.0004184" startTime="2023-10-04T11:32:15.7019850+00:00" endTime="2023-10-04T11:32:15.7030770+00:00" testType="13cdc9d9-ddb5-4fa4-a97d-d965ccfc6d4b" outcome="Passed" testListId="8c84fa94-04c1-424b-9868-57a2d4851a1d" relativeResultsDirectory="6032ba1f-29c5-4944-a232-3ab185cd37d5" />
    <UnitTestResult executionId="7b8b15e7-ec6e-478f-9e69-f8b4e07bf9a5" testId="a9197f0a-8ee9-e62b-2829-2109af07411e" testName="ShouldReturnStatusUnknownAndAMessageWhenProviderResponseIsNull" computerName="fv-az635-124" duration="00:00:00.0019897" startTime="2023-10-04T11:32:16.4247170+00:00" endTime="2023-10-04T11:32:16.4274370+00:00" testType="13cdc9d9-ddb5-4fa4-a97d-d965ccfc6d4b" outcome="Passed" testListId="8c84fa94-04c1-424b-9868-57a2d4851a1d" relativeResultsDirectory="7b8b15e7-ec6e-478f-9e69-f8b4e07bf9a5" />
    <UnitTestResult executionId="56d4bb3c-a198-401e-a3cd-da6dcfa7eeec" testId="4a841170-9862-d267-b0df-c437e1f8c222" testName="ShouldSetTheTrxRefWhenLegacyTransactionNumberIsNull" computerName="fv-az635-124" duration="00:00:00.0030281" startTime="2023-10-04T11:32:16.4614810+00:00" endTime="2023-10-04T11:32:16.4652230+00:00" testType="13cdc9d9-ddb5-4fa4-a97d-d965ccfc6d4b" outcome="Passed" testListId="8c84fa94-04c1-424b-9868-57a2d4851a1d" relativeResultsDirectory="56d4bb3c-a198-401e-a3cd-da6dcfa7eeec" />
    <UnitTestResult executionId="9fccad95-cd0b-4a22-b778-0b6fdb81f9fd" testId="1dca3bce-8d12-528a-a6d5-9c43cadba373" testName="ShouldThrowOptimisExceptionWhenProfileIsNotFound" computerName="fv-az635-124" duration="00:00:00.0015392" startTime="2023-10-04T11:32:16.2678680+00:00" endTime="2023-10-04T11:32:16.2701140+00:00" testType="13cdc9d9-ddb5-4fa4-a97d-d965ccfc6d4b" outcome="Passed" testListId="8c84fa94-04c1-424b-9868-57a2d4851a1d" relativeResultsDirectory="9fccad95-cd0b-4a22-b778-0b6fdb81f9fd" />
    <UnitTestResult executionId="b175a9b9-ac13-4e54-84bb-c29841e2ac47" testId="e89eaea6-87d7-c54c-6626-d95ac312c7a4" testName="ShouldSetTheTransactionReferenceWhenLegacyTransactionNumberIsNotNull" computerName="fv-az635-124" duration="00:00:00.0029656" startTime="2023-10-04T11:32:16.4656400+00:00" endTime="2023-10-04T11:32:16.4693150+00:00" testType="13cdc9d9-ddb5-4fa4-a97d-d965ccfc6d4b" outcome="Passed" testListId="8c84fa94-04c1-424b-9868-57a2d4851a1d" relativeResultsDirectory="b175a9b9-ac13-4e54-84bb-c29841e2ac47" />
    <UnitTestResult executionId="bacfe150-1c12-4b50-bc08-94e31c7b7eb7" testId="1f85aa92-a7b8-90e3-cd84-675231e8b2ea" testName="ShouldReturnCorrectWindowSize (Medium,WINDOW_SIZE_390_400)" computerName="fv-az635-124" duration="00:00:00.0000081" startTime="2023-10-04T11:32:15.6162390+00:00" endTime="2023-10-04T11:32:15.6169720+00:00" testType="13cdc9d9-ddb5-4fa4-a97d-d965ccfc6d4b" outcome="Passed" testListId="8c84fa94-04c1-424b-9868-57a2d4851a1d" relativeResultsDirectory="bacfe150-1c12-4b50-bc08-94e31c7b7eb7" />
    <UnitTestResult executionId="876ed1f5-b073-457c-a396-de87d3752f88" testId="de6429c0-23aa-7a4c-02b7-3f0d4e9a4b93" testName="ShouldReturnStatusUnknownAndAMessageWhenProviderResponseBodyIsNull" computerName="fv-az635-124" duration="00:00:00.0017687" startTime="2023-10-04T11:32:16.2809430+00:00" endTime="2023-10-04T11:32:16.2834110+00:00" testType="13cdc9d9-ddb5-4fa4-a97d-d965ccfc6d4b" outcome="Passed" testListId="8c84fa94-04c1-424b-9868-57a2d4851a1d" relativeResultsDirectory="876ed1f5-b073-457c-a396-de87d3752f88" />
    <UnitTestResult executionId="110b1ae2-7a77-4d25-9154-f6be6db65e5d" testId="479a1010-f6e9-9671-1803-2b402b0dd79f" testName="WPAY-9 Card Declined" computerName="fv-az635-124" duration="00:00:00.0005568" startTime="2023-10-04T11:32:16.5575240+00:00" endTime="2023-10-04T11:32:16.5588080+00:00" testType="13cdc9d9-ddb5-4fa4-a97d-d965ccfc6d4b" outcome="Passed" testListId="8c84fa94-04c1-424b-9868-57a2d4851a1d" relativeResultsDirectory="110b1ae2-7a77-4d25-9154-f6be6db65e5d" />
    <UnitTestResult executionId="2bcedf69-e255-4c64-89b5-574b00c62f67" testId="b261375e-fd2d-3029-2da5-973d26ab235f" testName="ShouldThrowArgumentNullForOptions" computerName="fv-az635-124" duration="00:00:00.0004121" startTime="2023-10-04T11:32:16.6918730+00:00" endTime="2023-10-04T11:32:16.6929860+00:00" testType="13cdc9d9-ddb5-4fa4-a97d-d965ccfc6d4b" outcome="Passed" testListId="8c84fa94-04c1-424b-9868-57a2d4851a1d" relativeResultsDirectory="2bcedf69-e255-4c64-89b5-574b00c62f67" />
    <UnitTestResult executionId="a554d084-4ab3-4d32-9217-2f1a13781ae8" testId="de85d904-22d1-2d53-5f95-378c27a3eaaf" testName="AUTHENTICATED" computerName="fv-az635-124" duration="00:00:00.0000140" startTime="2023-10-04T11:32:15.5458900+00:00" endTime="2023-10-04T11:32:15.5466650+00:00" testType="13cdc9d9-ddb5-4fa4-a97d-d965ccfc6d4b" outcome="Passed" testListId="8c84fa94-04c1-424b-9868-57a2d4851a1d" relativeResultsDirectory="a554d084-4ab3-4d32-9217-2f1a13781ae8" />
    <UnitTestResult executionId="706da2d4-e082-4be9-beab-8c0cbb195e61" testId="0ed4bcc1-7723-170d-d3e0-27feb4c8b890" testName="Correct Params, Invalid HMAC, with other params" computerName="fv-az635-124" duration="00:00:00.0001808" startTime="2023-10-04T11:32:16.6112600+00:00" endTime="2023-10-04T11:32:16.6121690+00:00" testType="13cdc9d9-ddb5-4fa4-a97d-d965ccfc6d4b" outcome="Passed" testListId="8c84fa94-04c1-424b-9868-57a2d4851a1d" relativeResultsDirectory="706da2d4-e082-4be9-beab-8c0cbb195e61" />
    <UnitTestResult executionId="2fb3f724-b060-4a88-bea9-a6fe1dda88c8" testId="bd0f3e87-2d49-7223-2c00-e0924f9c83f5" testName="SavedCardNoUserDetail" computerName="fv-az635-124" duration="00:00:00.0006715" startTime="2023-10-04T11:32:16.3624740+00:00" endTime="2023-10-04T11:32:16.4115700+00:00" testType="13cdc9d9-ddb5-4fa4-a97d-d965ccfc6d4b" outcome="Passed" testListId="8c84fa94-04c1-424b-9868-57a2d4851a1d" relativeResultsDirectory="2fb3f724-b060-4a88-bea9-a6fe1dda88c8" />
    <UnitTestResult executionId="d1cb0871-b712-44e2-9e11-f4361f4629de" testId="d0f1b942-6143-e709-c747-a266749b886a" testName="ShouldReturnMessagesWhenObjectIsAWebPaymentResponse" computerName="fv-az635-124" duration="00:00:00.0004798" startTime="2023-10-04T11:32:15.8722730+00:00" endTime="2023-10-04T11:32:15.8736730+00:00" testType="13cdc9d9-ddb5-4fa4-a97d-d965ccfc6d4b" outcome="Passed" testListId="8c84fa94-04c1-424b-9868-57a2d4851a1d" relativeResultsDirectory="d1cb0871-b712-44e2-9e11-f4361f4629de" />
    <UnitTestResult executionId="448dcdb4-d013-42fe-903d-50b802d615b0" testId="1470dc2f-2837-0db2-86ba-cbf170e3a57a" testName="ShouldForgetCard" computerName="fv-az635-124" duration="00:00:00.0030854" startTime="2023-10-04T11:32:16.4337760+00:00" endTime="2023-10-04T11:32:16.4377670+00:00" testType="13cdc9d9-ddb5-4fa4-a97d-d965ccfc6d4b" outcome="Passed" testListId="8c84fa94-04c1-424b-9868-57a2d4851a1d" relativeResultsDirectory="448dcdb4-d013-42fe-903d-50b802d615b0" />
    <UnitTestResult executionId="5972479d-435c-4164-a173-f45a5e5ecad3" testId="931ab4b7-aef9-163c-fe9c-df9d028946fc" testName="NO AUTH" computerName="fv-az635-124" duration="00:00:00.0000122" startTime="2023-10-04T11:32:15.5553570+00:00" endTime="2023-10-04T11:32:15.5561190+00:00" testType="13cdc9d9-ddb5-4fa4-a97d-d965ccfc6d4b" outcome="Passed" testListId="8c84fa94-04c1-424b-9868-57a2d4851a1d" relativeResultsDirectory="5972479d-435c-4164-a173-f45a5e5ecad3" />
    <UnitTestResult executionId="2d79f1b8-40ea-45d1-b13e-f5829536d5c0" testId="2d43241f-ee2e-eaea-1ee2-6b26ad25791c" testName="ShouldReturnCorrectWindowSize (FullScreen,FULL_SCREEN)" computerName="fv-az635-124" duration="00:00:00.0010217" startTime="2023-10-04T11:32:15.6105100+00:00" endTime="2023-10-04T11:32:15.6124280+00:00" testType="13cdc9d9-ddb5-4fa4-a97d-d965ccfc6d4b" outcome="Passed" testListId="8c84fa94-04c1-424b-9868-57a2d4851a1d" relativeResultsDirectory="2d79f1b8-40ea-45d1-b13e-f5829536d5c0" />
    <UnitTestResult executionId="a2be9d22-0f16-41ed-bc50-5877d35aff44" testId="f87a3c24-9fac-e0ac-0fbf-ceacf1607988" testName="ShouldReturnCorrectPeriod (P1W,WEEKLY)" computerName="fv-az635-124" duration="00:00:00.0000074" startTime="2023-10-04T11:32:16.6377300+00:00" endTime="2023-10-04T11:32:16.6441170+00:00" testType="13cdc9d9-ddb5-4fa4-a97d-d965ccfc6d4b" outcome="Passed" testListId="8c84fa94-04c1-424b-9868-57a2d4851a1d" relativeResultsDirectory="a2be9d22-0f16-41ed-bc50-5877d35aff44" />
    <UnitTestResult executionId="875d83bf-9fa3-48b9-b58b-8c393517b270" testId="03b63410-9ef7-d8b9-b08c-0822217ba785" testName="AUTHENTICATION_UNAVAILABLE" computerName="fv-az635-124" duration="00:00:00.0000148" startTime="2023-10-04T11:32:15.5483160+00:00" endTime="2023-10-04T11:32:15.5490850+00:00" testType="13cdc9d9-ddb5-4fa4-a97d-d965ccfc6d4b" outcome="Passed" testListId="8c84fa94-04c1-424b-9868-57a2d4851a1d" relativeResultsDirectory="875d83bf-9fa3-48b9-b58b-8c393517b270" />
    <UnitTestResult executionId="88e30c02-9b2a-4c38-91fe-520b8233b0f2" testId="0f81a69c-6032-e972-62aa-6312066c0bef" testName="ShouldThrowArgumentNullWhenRequestIsNull" computerName="fv-az635-124" duration="00:00:00.0009431" startTime="2023-10-04T11:32:16.4891090+00:00" endTime="2023-10-04T11:32:16.4907650+00:00" testType="13cdc9d9-ddb5-4fa4-a97d-d965ccfc6d4b" outcome="Passed" testListId="8c84fa94-04c1-424b-9868-57a2d4851a1d" relativeResultsDirectory="88e30c02-9b2a-4c38-91fe-520b8233b0f2" />
    <UnitTestResult executionId="f9904bff-6278-4da4-8a38-040ba08aabd8" testId="657d1624-3e31-b7a4-86e1-b2905ca4dd45" testName="WPAY-8 Card Info" computerName="fv-az635-124" duration="00:00:00.0022976" startTime="2023-10-04T11:32:16.5538570+00:00" endTime="2023-10-04T11:32:16.5570420+00:00" testType="13cdc9d9-ddb5-4fa4-a97d-d965ccfc6d4b" outcome="Passed" testListId="8c84fa94-04c1-424b-9868-57a2d4851a1d" relativeResultsDirectory="f9904bff-6278-4da4-8a38-040ba08aabd8" />
    <UnitTestResult executionId="c371cd51-91d9-4f4f-93dd-7e60a7790b5d" testId="600245f2-231c-e3ab-6306-8014302485f9" testName="CardNoUserDetail" computerName="fv-az635-124" duration="00:00:00.0210170" startTime="2023-10-04T11:32:16.2877770+00:00" endTime="2023-10-04T11:32:16.3587620+00:00" testType="13cdc9d9-ddb5-4fa4-a97d-d965ccfc6d4b" outcome="Passed" testListId="8c84fa94-04c1-424b-9868-57a2d4851a1d" relativeResultsDirectory="c371cd51-91d9-4f4f-93dd-7e60a7790b5d" />
    <UnitTestResult executionId="180b25ff-c4a2-4fb5-a61a-093512344025" testId="a8019242-1b8b-4dac-6b31-8bb78ccf691d" testName="Card" computerName="fv-az635-124" duration="00:00:00.0010659" startTime="2023-10-04T11:32:15.6070560+00:00" endTime="2023-10-04T11:32:15.6088750+00:00" testType="13cdc9d9-ddb5-4fa4-a97d-d965ccfc6d4b" outcome="Passed" testListId="8c84fa94-04c1-424b-9868-57a2d4851a1d" relativeResultsDirectory="180b25ff-c4a2-4fb5-a61a-093512344025" />
    <UnitTestResult executionId="b5ed6718-5886-440f-b600-69f872b1405f" testId="edaca9e8-b563-259f-cf5b-d16e71917a5d" testName="NOT_ENROLLED_V1_V2" computerName="fv-az635-124" duration="00:00:00.0000150" startTime="2023-10-04T11:32:15.5541360+00:00" endTime="2023-10-04T11:32:15.5548930+00:00" testType="13cdc9d9-ddb5-4fa4-a97d-d965ccfc6d4b" outcome="Passed" testListId="8c84fa94-04c1-424b-9868-57a2d4851a1d" relativeResultsDirectory="b5ed6718-5886-440f-b600-69f872b1405f" />
    <UnitTestResult executionId="00d61cea-98b8-45b9-b542-9e080183a145" testId="ef50a747-b633-a32d-55bb-d79f6dcd20b2" testName="ShouldReturnCorrectTransactionStatus (CARD_DETAILS,AwaitingUserInput,Optimis.SmartPayBureau.Client.error[])" computerName="fv-az635-124" duration="00:00:00.0002035" startTime="2023-10-04T11:32:16.6456420+00:00" endTime="2023-10-04T11:32:16.6482150+00:00" testType="13cdc9d9-ddb5-4fa4-a97d-d965ccfc6d4b" outcome="Passed" testListId="8c84fa94-04c1-424b-9868-57a2d4851a1d" relativeResultsDirectory="00d61cea-98b8-45b9-b542-9e080183a145" />
    <UnitTestResult executionId="e0b8cae1-1fe7-437c-bf2a-37575315fbf4" testId="b1c40a64-cd26-77a6-5dd1-489c9e9f7ce6" testName="ShouldThrowArgumentNullOnNullOptionsInTheConstructor" computerName="fv-az635-124" duration="00:00:00.0006417" startTime="2023-10-04T11:32:15.8239890+00:00" endTime="2023-10-04T11:32:15.8253720+00:00" testType="13cdc9d9-ddb5-4fa4-a97d-d965ccfc6d4b" outcome="Passed" testListId="8c84fa94-04c1-424b-9868-57a2d4851a1d" relativeResultsDirectory="e0b8cae1-1fe7-437c-bf2a-37575315fbf4" />
    <UnitTestResult executionId="08c20459-4a1e-474d-83b0-f9b7a559324c" testId="324d4a31-7176-fbdd-5c3c-c7acd24cb06e" testName="ShouldReturnTheCorrectCountryDiallingCode (ITA,39)" computerName="fv-az635-124" duration="00:00:00.0000116" startTime="2023-10-04T11:32:15.6235500+00:00" endTime="2023-10-04T11:32:15.6242430+00:00" testType="13cdc9d9-ddb5-4fa4-a97d-d965ccfc6d4b" outcome="Passed" testListId="8c84fa94-04c1-424b-9868-57a2d4851a1d" relativeResultsDirectory="08c20459-4a1e-474d-83b0-f9b7a559324c" />
    <UnitTestResult executionId="99dd39af-7e45-407a-a954-7b735893ffe6" testId="2e75e45b-c9e1-d9d9-bfac-4d9ece6335ac" testName="ShouldReturnStatusUnknownAndAMessageWhenProviderReturnsErrors" computerName="fv-az635-124" duration="00:00:00.0015265" startTime="2023-10-04T11:32:16.5304250+00:00" endTime="2023-10-04T11:32:16.5326540+00:00" testType="13cdc9d9-ddb5-4fa4-a97d-d965ccfc6d4b" outcome="Passed" testListId="8c84fa94-04c1-424b-9868-57a2d4851a1d" relativeResultsDirectory="99dd39af-7e45-407a-a954-7b735893ffe6" />
    <UnitTestResult executionId="5b0d9128-e6a9-4c2c-a395-4d3f08d46774" testId="3f0bd07c-b704-15ac-93f5-529d50da5776" testName="ShouldReturnTheCorrectCountryDiallingCode (DNK,45)" computerName="fv-az635-124" duration="00:00:00.0000083" startTime="2023-10-04T11:32:15.6224040+00:00" endTime="2023-10-04T11:32:15.6230980+00:00" testType="13cdc9d9-ddb5-4fa4-a97d-d965ccfc6d4b" outcome="Passed" testListId="8c84fa94-04c1-424b-9868-57a2d4851a1d" relativeResultsDirectory="5b0d9128-e6a9-4c2c-a395-4d3f08d46774" />
    <UnitTestResult executionId="82a84046-7d01-4f6c-a158-9de0a152b557" testId="0fa6c5b5-a4ce-3874-d54f-69f4538d4db7" testName="ShouldReturnHostMessageWhenSet" computerName="fv-az635-124" duration="00:00:00.0001835" startTime="2023-10-04T11:32:16.6775060+00:00" endTime="2023-10-04T11:32:16.6783560+00:00" testType="13cdc9d9-ddb5-4fa4-a97d-d965ccfc6d4b" outcome="Passed" testListId="8c84fa94-04c1-424b-9868-57a2d4851a1d" relativeResultsDirectory="82a84046-7d01-4f6c-a158-9de0a152b557" />
    <UnitTestResult executionId="7861cb92-9c02-4eb5-b1d2-4b6d6dacf5a0" testId="2ab0e3ad-daef-2497-fc12-efdc78e834e5" testName="ShouldThrowArgumentNullWhenRequestIsNull" computerName="fv-az635-124" duration="00:00:00.0009703" startTime="2023-10-04T11:32:16.4203570+00:00" endTime="2023-10-04T11:32:16.4220740+00:00" testType="13cdc9d9-ddb5-4fa4-a97d-d965ccfc6d4b" outcome="Passed" testListId="8c84fa94-04c1-424b-9868-57a2d4851a1d" relativeResultsDirectory="7861cb92-9c02-4eb5-b1d2-4b6d6dacf5a0" />
    <UnitTestResult executionId="700e4b12-c8cf-4d5c-ae33-24451b3d1a84" testId="6db3b1a0-33c1-c016-b8c1-400fd1fcab46" testName="ShouldThrowArgumentNullWhenRequestIsNull" computerName="fv-az635-124" duration="00:00:00.0015144" startTime="2023-10-04T11:32:16.2230520+00:00" endTime="2023-10-04T11:32:16.2252850+00:00" testType="13cdc9d9-ddb5-4fa4-a97d-d965ccfc6d4b" outcome="Passed" testListId="8c84fa94-04c1-424b-9868-57a2d4851a1d" relativeResultsDirectory="700e4b12-c8cf-4d5c-ae33-24451b3d1a84" />
    <UnitTestResult executionId="29b512eb-6937-4946-b1ff-0b5203d48c2b" testId="949bc5bc-4f53-b56d-1ae0-f975c3cf8cca" testName="ShouldGetValidPaymentTypesAndCardsFromResponse" computerName="fv-az635-124" duration="00:00:00.0166515" startTime="2023-10-04T11:32:15.5712650+00:00" endTime="2023-10-04T11:32:15.5886430+00:00" testType="13cdc9d9-ddb5-4fa4-a97d-d965ccfc6d4b" outcome="Passed" testListId="8c84fa94-04c1-424b-9868-57a2d4851a1d" relativeResultsDirectory="29b512eb-6937-4946-b1ff-0b5203d48c2b" />
    <UnitTestResult executionId="0b1a7e66-6dac-4b42-bf8b-359cc7a04e06" testId="0d5f3881-9f74-5ba6-55cd-49929b97968a" testName="ShouldReturnStatusUnknownAndAMessageWhenProviderResponseIsNull" computerName="fv-az635-124" duration="00:00:00.0017357" startTime="2023-10-04T11:32:16.6167180+00:00" endTime="2023-10-04T11:32:16.6191690+00:00" testType="13cdc9d9-ddb5-4fa4-a97d-d965ccfc6d4b" outcome="Passed" testListId="8c84fa94-04c1-424b-9868-57a2d4851a1d" relativeResultsDirectory="0b1a7e66-6dac-4b42-bf8b-359cc7a04e06" />
    <UnitTestResult executionId="cc0c1e3f-9903-4b04-adb0-1538e33c0e83" testId="d815865c-a498-fd09-554d-da0b1e6d10aa" testName="Card" computerName="fv-az635-124" duration="00:00:00.0010788" startTime="2023-10-04T11:32:15.6023590+00:00" endTime="2023-10-04T11:32:15.6043800+00:00" testType="13cdc9d9-ddb5-4fa4-a97d-d965ccfc6d4b" outcome="Passed" testListId="8c84fa94-04c1-424b-9868-57a2d4851a1d" relativeResultsDirectory="cc0c1e3f-9903-4b04-adb0-1538e33c0e83" />
    <UnitTestResult executionId="5a0ecfe9-5940-4fec-9492-88a3b88d3b7a" testId="ee202971-b172-ce95-4153-81705c9863f0" testName="ShouldProcessRegisterCardRequest" computerName="fv-az635-124" duration="00:00:00.0072775" startTime="2023-10-04T11:32:16.5046910+00:00" endTime="2023-10-04T11:32:16.5129880+00:00" testType="13cdc9d9-ddb5-4fa4-a97d-d965ccfc6d4b" outcome="Passed" testListId="8c84fa94-04c1-424b-9868-57a2d4851a1d" relativeResultsDirectory="5a0ecfe9-5940-4fec-9492-88a3b88d3b7a" />
    <UnitTestResult executionId="2e54da98-998e-4b09-8cd2-515c53d9c531" testId="35a25e45-fb54-d63b-8e58-995c1cbea674" testName="ShouldExtractAllMessagesFromResponse" computerName="fv-az635-124" duration="00:00:00.0138081" startTime="2023-10-04T11:32:15.6691790+00:00" endTime="2023-10-04T11:32:15.6836970+00:00" testType="13cdc9d9-ddb5-4fa4-a97d-d965ccfc6d4b" outcome="Passed" testListId="8c84fa94-04c1-424b-9868-57a2d4851a1d" relativeResultsDirectory="2e54da98-998e-4b09-8cd2-515c53d9c531" />
    <UnitTestResult executionId="4bc02387-c0d1-4bc5-b433-e734a048f725" testId="6418872a-cf52-2479-ca3f-3648cfcf0064" testName="ShouldLeaveOnlyNumbers (_+123^&amp;%$,123)" computerName="fv-az635-124" duration="00:00:00.0081909" startTime="2023-10-04T11:32:15.6287780+00:00" endTime="2023-10-04T11:32:15.6376960+00:00" testType="13cdc9d9-ddb5-4fa4-a97d-d965ccfc6d4b" outcome="Passed" testListId="8c84fa94-04c1-424b-9868-57a2d4851a1d" relativeResultsDirectory="4bc02387-c0d1-4bc5-b433-e734a048f725" />
    <UnitTestResult executionId="3db85d13-c4f1-471e-8ac7-4760d82887c5" testId="6030da1d-97fa-21a4-17e6-8b4edb67b33f" testName="ShouldReturnCorrectTransactionStatus (ALIPAY,AwaitingUserInput,Optimis.SmartPayBureau.Client.error[])" computerName="fv-az635-124" duration="00:00:00.0000078" startTime="2023-10-04T11:32:16.6535410+00:00" endTime="2023-10-04T11:32:16.6542760+00:00" testType="13cdc9d9-ddb5-4fa4-a97d-d965ccfc6d4b" outcome="Passed" testListId="8c84fa94-04c1-424b-9868-57a2d4851a1d" relativeResultsDirectory="3db85d13-c4f1-471e-8ac7-4760d82887c5" />
    <UnitTestResult executionId="307a1b28-d84b-463d-a15f-bb59542fb67f" testId="12124c31-87cb-74bb-6037-c6d2ed5968da" testName="ShouldReturnCorrectTransactionStatus (DECLINED,CompleteFailed,Optimis.SmartPayBureau.Client.error[])" computerName="fv-az635-124" duration="00:00:00.0000079" startTime="2023-10-04T11:32:16.6581490+00:00" endTime="2023-10-04T11:32:16.6588850+00:00" testType="13cdc9d9-ddb5-4fa4-a97d-d965ccfc6d4b" outcome="Passed" testListId="8c84fa94-04c1-424b-9868-57a2d4851a1d" relativeResultsDirectory="307a1b28-d84b-463d-a15f-bb59542fb67f" />
    <UnitTestResult executionId="e2f3645c-bf90-41b7-b70f-33ffc91b0523" testId="14a75706-78d9-5245-a1e5-40328647eb94" testName="ShouldThrowArgumentNullForServiceContract" computerName="fv-az635-124" duration="00:00:00.0003094" startTime="2023-10-04T11:32:16.6838740+00:00" endTime="2023-10-04T11:32:16.6850970+00:00" testType="13cdc9d9-ddb5-4fa4-a97d-d965ccfc6d4b" outcome="Passed" testListId="8c84fa94-04c1-424b-9868-57a2d4851a1d" relativeResultsDirectory="e2f3645c-bf90-41b7-b70f-33ffc91b0523" />
    <UnitTestResult executionId="d63bcbba-edef-4169-b2b4-45c47d006dc1" testId="6d36bd06-1bc1-c4be-650e-6ce901194bac" testName="ShouldReturnTheCorrectCountryCodeFromaString (AFG,)" computerName="fv-az635-124" duration="00:00:00.0010497" startTime="2023-10-04T11:32:16.6322200+00:00" endTime="2023-10-04T11:32:16.6346720+00:00" testType="13cdc9d9-ddb5-4fa4-a97d-d965ccfc6d4b" outcome="Passed" testListId="8c84fa94-04c1-424b-9868-57a2d4851a1d" relativeResultsDirectory="d63bcbba-edef-4169-b2b4-45c47d006dc1" />
    <UnitTestResult executionId="8bd3608f-48df-4336-968c-8f14cd8dcc0d" testId="953b7d46-eba8-e2d3-d9a6-d1f91d76e0c7" testName="ShouldSetTheTrxRefWhenLegacyTransactionNumberIsNull" computerName="fv-az635-124" duration="00:00:00.0208619" startTime="2023-10-04T11:32:16.1819960+00:00" endTime="2023-10-04T11:32:16.2037410+00:00" testType="13cdc9d9-ddb5-4fa4-a97d-d965ccfc6d4b" outcome="Passed" testListId="8c84fa94-04c1-424b-9868-57a2d4851a1d" relativeResultsDirectory="8bd3608f-48df-4336-968c-8f14cd8dcc0d" />
    <UnitTestResult executionId="3fede2b8-065e-492e-8890-6a6eb35c6316" testId="d5216fe9-fa5a-5d23-fdd7-178e43d8e62c" testName="ShouldLeaveOnlyNumbers (,)" computerName="fv-az635-124" duration="00:00:00.0000080" startTime="2023-10-04T11:32:15.6404540+00:00" endTime="2023-10-04T11:32:15.6411600+00:00" testType="13cdc9d9-ddb5-4fa4-a97d-d965ccfc6d4b" outcome="Passed" testListId="8c84fa94-04c1-424b-9868-57a2d4851a1d" relativeResultsDirectory="3fede2b8-065e-492e-8890-6a6eb35c6316" />
    <UnitTestResult executionId="51f2c4b5-2387-4e91-9dc7-aeaca2f7732f" testId="f380e459-0611-dbc0-e0a0-1ca3194b0111" testName="WPAY-9 Card Declined" computerName="fv-az635-124" duration="00:00:00.0005147" startTime="2023-10-04T11:32:16.5943230+00:00" endTime="2023-10-04T11:32:16.5955610+00:00" testType="13cdc9d9-ddb5-4fa4-a97d-d965ccfc6d4b" outcome="Passed" testListId="8c84fa94-04c1-424b-9868-57a2d4851a1d" relativeResultsDirectory="51f2c4b5-2387-4e91-9dc7-aeaca2f7732f" />
    <UnitTestResult executionId="f2d295e1-9e43-48a2-8c51-c9d24f722123" testId="bd0f3e87-2d49-7223-2c00-e0924f9c83f5" testName="CardWithAllUserDetail" computerName="fv-az635-124" duration="00:00:00.0154803" startTime="2023-10-04T11:32:16.3624740+00:00" endTime="2023-10-04T11:32:16.4115700+00:00" testType="13cdc9d9-ddb5-4fa4-a97d-d965ccfc6d4b" outcome="Passed" testListId="8c84fa94-04c1-424b-9868-57a2d4851a1d" relativeResultsDirectory="f2d295e1-9e43-48a2-8c51-c9d24f722123" />
    <UnitTestResult executionId="ec6b6eb2-1319-4298-9231-55ffb28359b6" testId="625d5b04-49eb-ab5c-bbe2-7c38b408ef98" testName="Whitespace" computerName="fv-az635-124" duration="00:00:00.0003478" startTime="2023-10-04T11:32:15.8223150+00:00" endTime="2023-10-04T11:32:15.8235060+00:00" testType="13cdc9d9-ddb5-4fa4-a97d-d965ccfc6d4b" outcome="Passed" testListId="8c84fa94-04c1-424b-9868-57a2d4851a1d" relativeResultsDirectory="ec6b6eb2-1319-4298-9231-55ffb28359b6" />
    <UnitTestResult executionId="c3e7ff36-dfd5-4fb3-bee1-cd6615bae6ba" testId="1a638f80-7f95-8971-a84c-b161975320ae" testName="ShouldThrowOptimisExceptionWhenProfileIsNotFound" computerName="fv-az635-124" duration="00:00:00.0016388" startTime="2023-10-04T11:32:16.4131590+00:00" endTime="2023-10-04T11:32:16.4155390+00:00" testType="13cdc9d9-ddb5-4fa4-a97d-d965ccfc6d4b" outcome="Passed" testListId="8c84fa94-04c1-424b-9868-57a2d4851a1d" relativeResultsDirectory="c3e7ff36-dfd5-4fb3-bee1-cd6615bae6ba" />
    <UnitTestResult executionId="2e755893-c869-476b-91c2-dfe72335bd3b" testId="0700b622-f13b-5f26-1631-69b16de2d634" testName="ShouldReturnCorrectTransactionStatus (VERIFIED,Unknown,Optimis.SmartPayBureau.Client.error[])" computerName="fv-az635-124" duration="00:00:00.0000088" startTime="2023-10-04T11:32:16.6730650+00:00" endTime="2023-10-04T11:32:16.6745040+00:00" testType="13cdc9d9-ddb5-4fa4-a97d-d965ccfc6d4b" outcome="Passed" testListId="8c84fa94-04c1-424b-9868-57a2d4851a1d" relativeResultsDirectory="2e755893-c869-476b-91c2-dfe72335bd3b" />
    <UnitTestResult executionId="f7a11467-3bd2-4d2a-9d7c-9936736b5bf6" testId="cf6e05f9-3332-a5bb-31bc-614c18c6416d" testName="ShouldThrowOperationCanceledIfCancellationRequested" computerName="fv-az635-124" duration="00:00:00.0029368" startTime="2023-10-04T11:32:16.2257320+00:00" endTime="2023-10-04T11:32:16.2293860+00:00" testType="13cdc9d9-ddb5-4fa4-a97d-d965ccfc6d4b" outcome="Passed" testListId="8c84fa94-04c1-424b-9868-57a2d4851a1d" relativeResultsDirectory="f7a11467-3bd2-4d2a-9d7c-9936736b5bf6" />
    <UnitTestResult executionId="5ed753dd-30c2-49da-9253-cd84f3708f92" testId="56dcae10-cee1-63b2-fc6a-5c29901857df" testName="ShouldReturnStatusUnknownAndAMessageWhenProviderResponseBodyIsNull" computerName="fv-az635-124" duration="00:00:00.0016634" startTime="2023-10-04T11:32:16.6195990+00:00" endTime="2023-10-04T11:32:16.6219560+00:00" testType="13cdc9d9-ddb5-4fa4-a97d-d965ccfc6d4b" outcome="Passed" testListId="8c84fa94-04c1-424b-9868-57a2d4851a1d" relativeResultsDirectory="5ed753dd-30c2-49da-9253-cd84f3708f92" />
    <UnitTestResult executionId="7a6ffd35-8a87-4ca7-b45e-520501600a2c" testId="c4260e34-f7a3-5baa-8da6-3713fd88568d" testName="UserSelect" computerName="fv-az635-124" duration="00:00:00.0000084" startTime="2023-10-04T11:32:15.6058730+00:00" endTime="2023-10-04T11:32:15.6066050+00:00" testType="13cdc9d9-ddb5-4fa4-a97d-d965ccfc6d4b" outcome="Passed" testListId="8c84fa94-04c1-424b-9868-57a2d4851a1d" relativeResultsDirectory="7a6ffd35-8a87-4ca7-b45e-520501600a2c" />
    <UnitTestResult executionId="db7d802c-a0b5-41a9-8dde-901440095394" testId="c315f05c-f93c-cce8-24f4-d7732cc89d41" testName="ShouldReturnStatusUnknownAndMessagesWhenRequestFailsValidation" computerName="fv-az635-124" duration="00:00:00.0009067" startTime="2023-10-04T11:32:16.6126130+00:00" endTime="2023-10-04T11:32:16.6142410+00:00" testType="13cdc9d9-ddb5-4fa4-a97d-d965ccfc6d4b" outcome="Passed" testListId="8c84fa94-04c1-424b-9868-57a2d4851a1d" relativeResultsDirectory="db7d802c-a0b5-41a9-8dde-901440095394" />
    <UnitTestResult executionId="29c2e08c-bb74-42a3-957b-47e929742086" testId="349bb34e-f1aa-9612-d7c2-c1cc0a194215" testName="ShouldSetTheTrxRefWhenLegacyTransactionNumberIsNull" computerName="fv-az635-124" duration="00:00:00.0026758" startTime="2023-10-04T11:32:16.5428580+00:00" endTime="2023-10-04T11:32:16.5462420+00:00" testType="13cdc9d9-ddb5-4fa4-a97d-d965ccfc6d4b" outcome="Passed" testListId="8c84fa94-04c1-424b-9868-57a2d4851a1d" relativeResultsDirectory="29c2e08c-bb74-42a3-957b-47e929742086" />
    <UnitTestResult executionId="6f2685a6-1ac2-41a5-a7aa-918533d36004" testId="650f89a6-f5e2-82dd-506d-a82c06c0fb58" testName="ShouldReturnCorrectWindowSize (LargePortrait,WINDOW_SIZE_500_600)" computerName="fv-az635-124" duration="00:00:00.0000081" startTime="2023-10-04T11:32:15.6174190+00:00" endTime="2023-10-04T11:32:15.6181230+00:00" testType="13cdc9d9-ddb5-4fa4-a97d-d965ccfc6d4b" outcome="Passed" testListId="8c84fa94-04c1-424b-9868-57a2d4851a1d" relativeResultsDirectory="6f2685a6-1ac2-41a5-a7aa-918533d36004" />
    <UnitTestResult executionId="c778d310-b39c-4aca-a13e-bcccae58a516" testId="aadea723-6442-fab8-26c4-5c8c7346b3f7" testName="ShouldThrowOptimisExceptionWhenProfileIsNotFound" computerName="fv-az635-124" duration="00:00:00.0015796" startTime="2023-10-04T11:32:16.5134120+00:00" endTime="2023-10-04T11:32:16.5156850+00:00" testType="13cdc9d9-ddb5-4fa4-a97d-d965ccfc6d4b" outcome="Passed" testListId="8c84fa94-04c1-424b-9868-57a2d4851a1d" relativeResultsDirectory="c778d310-b39c-4aca-a13e-bcccae58a516" />
    <UnitTestResult executionId="5c3e579b-5d51-4dd8-8bdc-0bb9c694aaae" testId="69be6d02-c0c4-bd3b-3757-35526cf9a713" testName="ShouldReturnStatusUnknownAndAMessageWhenProviderReturnsErrors" computerName="fv-az635-124" duration="00:00:00.0017681" startTime="2023-10-04T11:32:16.2847970+00:00" endTime="2023-10-04T11:32:16.2872720+00:00" testType="13cdc9d9-ddb5-4fa4-a97d-d965ccfc6d4b" outcome="Passed" testListId="8c84fa94-04c1-424b-9868-57a2d4851a1d" relativeResultsDirectory="5c3e579b-5d51-4dd8-8bdc-0bb9c694aaae" />
    <UnitTestResult executionId="31fdff1a-61ac-4c67-9db9-f13340bb382d" testId="b8a6aff8-1ae1-e5bf-6532-0065b2f37c95" testName="Incorrect params" computerName="fv-az635-124" duration="00:00:00.0001781" startTime="2023-10-04T11:32:16.6027780+00:00" endTime="2023-10-04T11:32:16.6036530+00:00" testType="13cdc9d9-ddb5-4fa4-a97d-d965ccfc6d4b" outcome="Passed" testListId="8c84fa94-04c1-424b-9868-57a2d4851a1d" relativeResultsDirectory="31fdff1a-61ac-4c67-9db9-f13340bb382d" />
    <UnitTestResult executionId="34c3d019-6b90-42d4-b954-3985e2a303ad" testId="8a74e8d9-27ac-89a5-b9f9-f1982d2a50ed" testName="ShouldExtractCaptureMessages" computerName="fv-az635-124" duration="00:00:00.0012105" startTime="2023-10-04T11:32:15.6920700+00:00" endTime="2023-10-04T11:32:15.6939620+00:00" testType="13cdc9d9-ddb5-4fa4-a97d-d965ccfc6d4b" outcome="Passed" testListId="8c84fa94-04c1-424b-9868-57a2d4851a1d" relativeResultsDirectory="34c3d019-6b90-42d4-b954-3985e2a303ad" />
    <UnitTestResult executionId="8e659497-97e7-445f-80ed-31a98ff86fd6" testId="f87a3c24-9fac-e0ac-0fbf-ceacf1607988" testName="ShouldReturnCorrectPeriod (P1D,OTHER)" computerName="fv-az635-124" duration="00:00:00.0000047" startTime="2023-10-04T11:32:16.6377300+00:00" endTime="2023-10-04T11:32:16.6441170+00:00" testType="13cdc9d9-ddb5-4fa4-a97d-d965ccfc6d4b" outcome="Passed" testListId="8c84fa94-04c1-424b-9868-57a2d4851a1d" relativeResultsDirectory="8e659497-97e7-445f-80ed-31a98ff86fd6" />
    <UnitTestResult executionId="4dc048c4-b0e3-498b-b3b3-a980b3a0dc5d" testId="03ceebc4-cb62-e21a-f6c4-7dfec1f2acbd" testName="ShouldVerifyCallback" computerName="fv-az635-124" duration="00:00:00.0086478" startTime="2023-10-04T11:32:16.5783000+00:00" endTime="2023-10-04T11:32:16.5879160+00:00" testType="13cdc9d9-ddb5-4fa4-a97d-d965ccfc6d4b" outcome="Passed" testListId="8c84fa94-04c1-424b-9868-57a2d4851a1d" relativeResultsDirectory="4dc048c4-b0e3-498b-b3b3-a980b3a0dc5d" />
    <UnitTestResult executionId="f59d2f82-d23f-49af-b2fa-290bfbf1f399" testId="878e5a41-635c-e2d9-b932-afc9b2fdfeee" testName="ShouldFallbackToISOMessageWhenHostMessageNotSetButCodeIs" computerName="fv-az635-124" duration="00:00:00.0017301" startTime="2023-10-04T11:32:16.6787610+00:00" endTime="2023-10-04T11:32:16.6811760+00:00" testType="13cdc9d9-ddb5-4fa4-a97d-d965ccfc6d4b" outcome="Passed" testListId="8c84fa94-04c1-424b-9868-57a2d4851a1d" relativeResultsDirectory="f59d2f82-d23f-49af-b2fa-290bfbf1f399" />
    <UnitTestResult executionId="7bcada5b-e505-4093-81ee-f52d75efeeb9" testId="ff7bc51f-96f8-8b43-a95f-5510620589ca" testName="ShouldReturnCorrectTransactionStatus (CAPTURED,CompleteCaptured,Optimis.SmartPayBureau.Client.error[])" computerName="fv-az635-124" duration="00:00:00.0000077" startTime="2023-10-04T11:32:16.6605190+00:00" endTime="2023-10-04T11:32:16.6612790+00:00" testType="13cdc9d9-ddb5-4fa4-a97d-d965ccfc6d4b" outcome="Passed" testListId="8c84fa94-04c1-424b-9868-57a2d4851a1d" relativeResultsDirectory="7bcada5b-e505-4093-81ee-f52d75efeeb9" />
    <UnitTestResult executionId="6ed3ddc9-8176-4e71-a2ac-c60d0277c732" testId="32ca7776-2272-3ec7-56fa-26cd76582f66" testName="ShouldThrowOptimisExceptionWhenProfileIsNotFound" computerName="fv-az635-124" duration="00:00:00.0015049" startTime="2023-10-04T11:32:16.5502460+00:00" endTime="2023-10-04T11:32:16.5524440+00:00" testType="13cdc9d9-ddb5-4fa4-a97d-d965ccfc6d4b" outcome="Passed" testListId="8c84fa94-04c1-424b-9868-57a2d4851a1d" relativeResultsDirectory="6ed3ddc9-8176-4e71-a2ac-c60d0277c732" />
    <UnitTestResult executionId="b8c4d4cc-256f-40a7-9c23-57f034791589" testId="d309737f-8bde-90e3-0615-7890eb082811" testName="ShouldSetTheTransactionReferenceWhenLegacyTransactionNumberIsNotNull" computerName="fv-az635-124" duration="00:00:00.0024758" startTime="2023-10-04T11:32:16.5466590+00:00" endTime="2023-10-04T11:32:16.5498350+00:00" testType="13cdc9d9-ddb5-4fa4-a97d-d965ccfc6d4b" outcome="Passed" testListId="8c84fa94-04c1-424b-9868-57a2d4851a1d" relativeResultsDirectory="b8c4d4cc-256f-40a7-9c23-57f034791589" />
    <UnitTestResult executionId="81fb7b1b-931a-4756-ac0b-f9e5b99bc389" testId="10b31d38-d28f-2084-de66-b26a285f9b7d" testName="ShouldThrowArgumentNullWhenRequestIsNull" computerName="fv-az635-124" duration="00:00:00.0009283" startTime="2023-10-04T11:32:16.5631440+00:00" endTime="2023-10-04T11:32:16.5647910+00:00" testType="13cdc9d9-ddb5-4fa4-a97d-d965ccfc6d4b" outcome="Passed" testListId="8c84fa94-04c1-424b-9868-57a2d4851a1d" relativeResultsDirectory="81fb7b1b-931a-4756-ac0b-f9e5b99bc389" />
    <UnitTestResult executionId="b475c85c-5b5c-4668-b197-f6f06228bfde" testId="a01c599e-30b7-1db8-c907-c74105543595" testName="ShouldReturnValidationResultsWhenObjectFromAbstractionInvalid" computerName="fv-az635-124" duration="00:00:00.0271691" startTime="2023-10-04T11:32:15.8258040+00:00" endTime="2023-10-04T11:32:15.8538950+00:00" testType="13cdc9d9-ddb5-4fa4-a97d-d965ccfc6d4b" outcome="Passed" testListId="8c84fa94-04c1-424b-9868-57a2d4851a1d" relativeResultsDirectory="b475c85c-5b5c-4668-b197-f6f06228bfde" />
    <UnitTestResult executionId="29d750f9-da96-4b8d-87ed-0421476714b6" testId="71263871-b345-a36d-9659-f3714dc2b43b" testName="ShouldThrowOptimisExceptionWhenProfileIsNotFound" computerName="fv-az635-124" duration="00:00:00.0015415" startTime="2023-10-04T11:32:16.4697330+00:00" endTime="2023-10-04T11:32:16.4719790+00:00" testType="13cdc9d9-ddb5-4fa4-a97d-d965ccfc6d4b" outcome="Passed" testListId="8c84fa94-04c1-424b-9868-57a2d4851a1d" relativeResultsDirectory="29d750f9-da96-4b8d-87ed-0421476714b6" />
    <UnitTestResult executionId="7a250b3d-9463-4388-9852-9707c6b775d1" testId="473f7879-5b1c-2342-8373-21a426ac7d99" testName="ShouldThrowArgumentNullWhenRequestIsNull" computerName="fv-az635-124" duration="00:00:00.0009270" startTime="2023-10-04T11:32:16.2738000+00:00" endTime="2023-10-04T11:32:16.2754270+00:00" testType="13cdc9d9-ddb5-4fa4-a97d-d965ccfc6d4b" outcome="Passed" testListId="8c84fa94-04c1-424b-9868-57a2d4851a1d" relativeResultsDirectory="7a250b3d-9463-4388-9852-9707c6b775d1" />
    <UnitTestResult executionId="c20f74dd-c08c-4ed9-8aa4-310e4ecd0eb6" testId="0bdcc7fa-3eec-05f9-f64a-861f85e76da2" testName="Correct Params, Invalid HMAC 3" computerName="fv-az635-124" duration="00:00:00.0001889" startTime="2023-10-04T11:32:16.6091910+00:00" endTime="2023-10-04T11:32:16.6107820+00:00" testType="13cdc9d9-ddb5-4fa4-a97d-d965ccfc6d4b" outcome="Passed" testListId="8c84fa94-04c1-424b-9868-57a2d4851a1d" relativeResultsDirectory="c20f74dd-c08c-4ed9-8aa4-310e4ecd0eb6" />
    <UnitTestResult executionId="b55e907b-c742-4672-b71f-dc0633ef6f35" testId="078dc4dd-7db2-83cf-4e86-bc95086343a6" testName="ShouldThrowArgumentNullForClock" computerName="fv-az635-124" duration="00:00:00.0003249" startTime="2023-10-04T11:32:16.6904920+00:00" endTime="2023-10-04T11:32:16.6914720+00:00" testType="13cdc9d9-ddb5-4fa4-a97d-d965ccfc6d4b" outcome="Passed" testListId="8c84fa94-04c1-424b-9868-57a2d4851a1d" relativeResultsDirectory="b55e907b-c742-4672-b71f-dc0633ef6f35" />
    <UnitTestResult executionId="2f24a306-08dc-41ff-9265-fef3371816d4" testId="2d43241f-ee2e-eaea-1ee2-6b26ad25791c" testName="ShouldReturnCorrectWindowSize (FullScreen,FULL_SCREEN)" computerName="fv-az635-124" duration="00:00:00.0000082" startTime="2023-10-04T11:32:15.6129110+00:00" endTime="2023-10-04T11:32:15.6136310+00:00" testType="13cdc9d9-ddb5-4fa4-a97d-d965ccfc6d4b" outcome="Passed" testListId="8c84fa94-04c1-424b-9868-57a2d4851a1d" relativeResultsDirectory="2f24a306-08dc-41ff-9265-fef3371816d4" />
    <UnitTestResult executionId="9d417b4c-067c-4fbb-9022-42e40740a60c" testId="77d88c57-7546-91c6-2ac0-f2e485837b94" testName="ShouldCancelTransaction" computerName="fv-az635-124" duration="00:00:00.3022848" startTime="2023-10-04T11:32:15.8753800+00:00" endTime="2023-10-04T11:32:16.1787390+00:00" testType="13cdc9d9-ddb5-4fa4-a97d-d965ccfc6d4b" outcome="Passed" testListId="8c84fa94-04c1-424b-9868-57a2d4851a1d" relativeResultsDirectory="9d417b4c-067c-4fbb-9022-42e40740a60c" />
    <UnitTestResult executionId="2d4ad08e-da5a-4880-aae8-ac5a1c94356a" testId="f98fa194-4736-27ab-c476-f403b0077a1a" testName="ShouldReturnStatusUnknownAndMessagesWhenRequestFailsValidation" computerName="fv-az635-124" duration="00:00:00.0010447" startTime="2023-10-04T11:32:16.4391480+00:00" endTime="2023-10-04T11:32:16.4409180+00:00" testType="13cdc9d9-ddb5-4fa4-a97d-d965ccfc6d4b" outcome="Passed" testListId="8c84fa94-04c1-424b-9868-57a2d4851a1d" relativeResultsDirectory="2d4ad08e-da5a-4880-aae8-ac5a1c94356a" />
    <UnitTestResult executionId="739ce04b-2e18-4925-89e8-397ee2ab87ae" testId="cee03e62-3045-b87e-b4a2-b5a05580eff1" testName="FirstPaymentOfAnAdhocSeries" computerName="fv-az635-124" duration="00:00:00.0004095" startTime="2023-10-04T11:32:16.7155990+00:00" endTime="2023-10-04T11:32:16.7168790+00:00" testType="13cdc9d9-ddb5-4fa4-a97d-d965ccfc6d4b" outcome="Passed" testListId="8c84fa94-04c1-424b-9868-57a2d4851a1d" relativeResultsDirectory="739ce04b-2e18-4925-89e8-397ee2ab87ae" />
    <UnitTestResult executionId="a5cd8fc0-f5fb-4b10-8133-7e55356b36b0" testId="c9149644-c226-b5d5-1fa6-5bd7744713a6" testName="ShouldThrowOperationCanceledIfCancellationRequested" computerName="fv-az635-124" duration="00:00:00.0010398" startTime="2023-10-04T11:32:16.5652220+00:00" endTime="2023-10-04T11:32:16.5669560+00:00" testType="13cdc9d9-ddb5-4fa4-a97d-d965ccfc6d4b" outcome="Passed" testListId="8c84fa94-04c1-424b-9868-57a2d4851a1d" relativeResultsDirectory="a5cd8fc0-f5fb-4b10-8133-7e55356b36b0" />
    <UnitTestResult executionId="6e5740a4-3e36-47f2-aa03-aad2bdf10d46" testId="d731cb6d-8c14-5265-20f3-68193a8390a2" testName="ShouldReturnCorrectTransactionStatus (PAYPAL,AwaitingUserInput,Optimis.SmartPayBureau.Client.error[])" computerName="fv-az635-124" duration="00:00:00.0000079" startTime="2023-10-04T11:32:16.6557330+00:00" endTime="2023-10-04T11:32:16.6564790+00:00" testType="13cdc9d9-ddb5-4fa4-a97d-d965ccfc6d4b" outcome="Passed" testListId="8c84fa94-04c1-424b-9868-57a2d4851a1d" relativeResultsDirectory="6e5740a4-3e36-47f2-aa03-aad2bdf10d46" />
    <UnitTestResult executionId="894662e5-b288-4b98-8a44-70116b58953b" testId="cf680249-8bea-c168-59ca-49f3b3b4b325" testName="AttributeShouldReturnCorrectStatusForCountryCode (,False)" computerName="fv-az635-124" duration="00:00:00.0000956" startTime="2023-10-04T11:32:16.6293820+00:00" endTime="2023-10-04T11:32:16.6301660+00:00" testType="13cdc9d9-ddb5-4fa4-a97d-d965ccfc6d4b" outcome="Passed" testListId="8c84fa94-04c1-424b-9868-57a2d4851a1d" relativeResultsDirectory="894662e5-b288-4b98-8a44-70116b58953b" />
    <UnitTestResult executionId="42ddce3b-6ed7-4f0c-afd8-4bb911312daf" testId="8ded2231-f6e8-f413-4369-b06100f2e149" testName="ShouldReturnCorrectTransactionStatus (GATHER_BROWSER_INFO,AwaitingUserInput,Optimis.SmartPayBureau.Client.error[])" computerName="fv-az635-124" duration="00:00:00.0000079" startTime="2023-10-04T11:32:16.6499220+00:00" endTime="2023-10-04T11:32:16.6506680+00:00" testType="13cdc9d9-ddb5-4fa4-a97d-d965ccfc6d4b" outcome="Passed" testListId="8c84fa94-04c1-424b-9868-57a2d4851a1d" relativeResultsDirectory="42ddce3b-6ed7-4f0c-afd8-4bb911312daf" />
    <UnitTestResult executionId="e5cae373-86f5-4229-914a-526fb126fa86" testId="e7afd072-de89-718d-e806-5a4abe0ba67d" testName="ShouldReturnStatusUnknownAndAMessageWhenProviderResponseBodyIsNull" computerName="fv-az635-124" duration="00:00:00.0018146" startTime="2023-10-04T11:32:16.4965010+00:00" endTime="2023-10-04T11:32:16.4990380+00:00" testType="13cdc9d9-ddb5-4fa4-a97d-d965ccfc6d4b" outcome="Passed" testListId="8c84fa94-04c1-424b-9868-57a2d4851a1d" relativeResultsDirectory="e5cae373-86f5-4229-914a-526fb126fa86" />
    <UnitTestResult executionId="cefe206d-6608-42e5-86c1-fe40306a0acb" testId="97683721-c474-5b19-e360-916b792579c9" testName="ShouldGetFirstCaptureIdFromResponse" computerName="fv-az635-124" duration="00:00:00.0017614" startTime="2023-10-04T11:32:15.5891000+00:00" endTime="2023-10-04T11:32:15.5915820+00:00" testType="13cdc9d9-ddb5-4fa4-a97d-d965ccfc6d4b" outcome="Passed" testListId="8c84fa94-04c1-424b-9868-57a2d4851a1d" relativeResultsDirectory="cefe206d-6608-42e5-86c1-fe40306a0acb" />
    <UnitTestResult executionId="aa7c6d5d-44a1-4481-b12a-2dd3d626702d" testId="91dd6d48-f4f7-2180-7fe8-fa73445da9e6" testName="ShouldReturnStatusUnknownAndMessagesWhenRequestFailsValidation" computerName="fv-az635-124" duration="00:00:00.0015232" startTime="2023-10-04T11:32:16.4176430+00:00" endTime="2023-10-04T11:32:16.4199150+00:00" testType="13cdc9d9-ddb5-4fa4-a97d-d965ccfc6d4b" outcome="Passed" testListId="8c84fa94-04c1-424b-9868-57a2d4851a1d" relativeResultsDirectory="aa7c6d5d-44a1-4481-b12a-2dd3d626702d" />
    <UnitTestResult executionId="3e3605bf-c377-4d60-9ac4-ee59aac67da7" testId="e9a74811-31d4-9672-9479-8c8858c817d3" testName="UserSelect" computerName="fv-az635-124" duration="00:00:00.0000078" startTime="2023-10-04T11:32:15.6093330+00:00" endTime="2023-10-04T11:32:15.6100550+00:00" testType="13cdc9d9-ddb5-4fa4-a97d-d965ccfc6d4b" outcome="Passed" testListId="8c84fa94-04c1-424b-9868-57a2d4851a1d" relativeResultsDirectory="3e3605bf-c377-4d60-9ac4-ee59aac67da7" />
    <UnitTestResult executionId="0402c463-9b7d-4d67-bc88-525c13e9210d" testId="bd0f3e87-2d49-7223-2c00-e0924f9c83f5" testName="FirstRecurringCardNoUserDetail" computerName="fv-az635-124" duration="00:00:00.0006883" startTime="2023-10-04T11:32:16.3624740+00:00" endTime="2023-10-04T11:32:16.4115700+00:00" testType="13cdc9d9-ddb5-4fa4-a97d-d965ccfc6d4b" outcome="Passed" testListId="8c84fa94-04c1-424b-9868-57a2d4851a1d" relativeResultsDirectory="0402c463-9b7d-4d67-bc88-525c13e9210d" />
    <UnitTestResult executionId="8e3ca42c-b2cd-4c63-b1fd-8a0932ccd8dd" testId="05c642ea-f6ad-dfe9-586e-5db97a6e034c" testName="ShouldThrowArgumentNullForValidator" computerName="fv-az635-124" duration="00:00:00.0003191" startTime="2023-10-04T11:32:16.6876680+00:00" endTime="2023-10-04T11:32:16.6886580+00:00" testType="13cdc9d9-ddb5-4fa4-a97d-d965ccfc6d4b" outcome="Passed" testListId="8c84fa94-04c1-424b-9868-57a2d4851a1d" relativeResultsDirectory="8e3ca42c-b2cd-4c63-b1fd-8a0932ccd8dd" />
    <UnitTestResult executionId="1b81aa04-ccee-4504-afe3-48ba85cafb25" testId="ea8ddf2c-7695-9758-f2f1-63406c0eeacd" testName="Correct Params, Invalid HMAC" computerName="fv-az635-124" duration="00:00:00.0001796" startTime="2023-10-04T11:32:16.6064870+00:00" endTime="2023-10-04T11:32:16.6073650+00:00" testType="13cdc9d9-ddb5-4fa4-a97d-d965ccfc6d4b" outcome="Passed" testListId="8c84fa94-04c1-424b-9868-57a2d4851a1d" relativeResultsDirectory="1b81aa04-ccee-4504-afe3-48ba85cafb25" />
    <UnitTestResult executionId="21cd7a16-f6ee-44b8-88bc-4590d0d8d924" testId="25fa6c41-be47-c14c-41d4-3c03825fd3f4" testName="YYYY-MM format" computerName="fv-az635-124" duration="00:00:00.0005020" startTime="2023-10-04T11:32:15.5966910+00:00" endTime="2023-10-04T11:32:15.5979280+00:00" testType="13cdc9d9-ddb5-4fa4-a97d-d965ccfc6d4b" outcome="Passed" testListId="8c84fa94-04c1-424b-9868-57a2d4851a1d" relativeResultsDirectory="21cd7a16-f6ee-44b8-88bc-4590d0d8d924" />
    <UnitTestResult executionId="6bf7d441-b8b8-4f99-a856-90ff3c5f7dfb" testId="6a76bdfe-8f90-20c9-8669-adb6bea4f12a" testName="ShouldReturnNoValidationResultsWhenObjectFromAbstractionIsValid" computerName="fv-az635-124" duration="00:00:00.0059231" startTime="2023-10-04T11:32:15.8543330+00:00" endTime="2023-10-04T11:32:15.8610000+00:00" testType="13cdc9d9-ddb5-4fa4-a97d-d965ccfc6d4b" outcome="Passed" testListId="8c84fa94-04c1-424b-9868-57a2d4851a1d" relativeResultsDirectory="6bf7d441-b8b8-4f99-a856-90ff3c5f7dfb" />
    <UnitTestResult executionId="898b7660-1c8d-4b9e-b9c9-8b2e4bdea0d1" testId="d2e83fa4-7367-d690-7680-4ac979e36eec" testName="AttributeShouldReturnCorrectStatusForCountryCode (JPN,True)" computerName="fv-az635-124" duration="00:00:00.0000139" startTime="2023-10-04T11:32:16.6281960+00:00" endTime="2023-10-04T11:32:16.6289350+00:00" testType="13cdc9d9-ddb5-4fa4-a97d-d965ccfc6d4b" outcome="Passed" testListId="8c84fa94-04c1-424b-9868-57a2d4851a1d" relativeResultsDirectory="898b7660-1c8d-4b9e-b9c9-8b2e4bdea0d1" />
    <UnitTestResult executionId="62441b83-6737-48ef-840f-92818aeec680" testId="7d0b294a-d739-d1b1-4ed8-632afb6c2797" testName="ShouldStandAloneRefund" computerName="fv-az635-124" duration="00:00:00.0041898" startTime="2023-10-04T11:32:16.4803120+00:00" endTime="2023-10-04T11:32:16.4852600+00:00" testType="13cdc9d9-ddb5-4fa4-a97d-d965ccfc6d4b" outcome="Passed" testListId="8c84fa94-04c1-424b-9868-57a2d4851a1d" relativeResultsDirectory="62441b83-6737-48ef-840f-92818aeec680" />
    <UnitTestResult executionId="823d881b-34de-40f1-a1e6-dd0c379eb5d0" testId="f35d070a-4641-4634-dea9-a41eb0abdeaf" testName="ShouldReturnStatusUnknownAndAMessageWhenProviderResponseBodyIsNull" computerName="fv-az635-124" duration="00:00:00.0018149" startTime="2023-10-04T11:32:16.5714290+00:00" endTime="2023-10-04T11:32:16.5739550+00:00" testType="13cdc9d9-ddb5-4fa4-a97d-d965ccfc6d4b" outcome="Passed" testListId="8c84fa94-04c1-424b-9868-57a2d4851a1d" relativeResultsDirectory="823d881b-34de-40f1-a1e6-dd0c379eb5d0" />
    <UnitTestResult executionId="3b1dc998-ef05-4335-baf3-c1cbcec94ea8" testId="b5e314ea-39c4-91c7-4d8e-cf6e2fc20fc0" testName="ShouldReturnTheCorrectCountryDiallingCode (NON,)" computerName="fv-az635-124" duration="00:00:00.0000085" startTime="2023-10-04T11:32:15.6266380+00:00" endTime="2023-10-04T11:32:15.6273350+00:00" testType="13cdc9d9-ddb5-4fa4-a97d-d965ccfc6d4b" outcome="Passed" testListId="8c84fa94-04c1-424b-9868-57a2d4851a1d" relativeResultsDirectory="3b1dc998-ef05-4335-baf3-c1cbcec94ea8" />
    <UnitTestResult executionId="44b41727-1645-4ff1-a7ce-4e85307ebeb2" testId="a01e612e-fa38-1aa7-dec6-c704fb1ebbec" testName="ShouldReturnCorrectTransactionStatus (COMPLETED,CompleteCaptured,Optimis.SmartPayBureau.Client.error[])" computerName="fv-az635-124" duration="00:00:00.0000078" startTime="2023-10-04T11:32:16.6617320+00:00" endTime="2023-10-04T11:32:16.6624680+00:00" testType="13cdc9d9-ddb5-4fa4-a97d-d965ccfc6d4b" outcome="Passed" testListId="8c84fa94-04c1-424b-9868-57a2d4851a1d" relativeResultsDirectory="44b41727-1645-4ff1-a7ce-4e85307ebeb2" />
    <UnitTestResult executionId="cb9d9e73-7ab3-410c-afac-de5c9f362986" testId="4d1aa020-061c-ac2a-9b59-bb32cb08ad3c" testName="ShouldThrowArgumentNullWhenRequestIsNull" computerName="fv-az635-124" duration="00:00:00.0009359" startTime="2023-10-04T11:32:16.5192510+00:00" endTime="2023-10-04T11:32:16.5209040+00:00" testType="13cdc9d9-ddb5-4fa4-a97d-d965ccfc6d4b" outcome="Passed" testListId="8c84fa94-04c1-424b-9868-57a2d4851a1d" relativeResultsDirectory="cb9d9e73-7ab3-410c-afac-de5c9f362986" />
    <UnitTestResult executionId="048fba24-2f70-4ea6-9a1d-91288de47c14" testId="1c4d3a17-98ad-9f7c-8132-6929c6e96385" testName="MM-YYYY format" computerName="fv-az635-124" duration="00:00:00.0000097" startTime="2023-10-04T11:32:15.5943790+00:00" endTime="2023-10-04T11:32:15.5950860+00:00" testType="13cdc9d9-ddb5-4fa4-a97d-d965ccfc6d4b" outcome="Passed" testListId="8c84fa94-04c1-424b-9868-57a2d4851a1d" relativeResultsDirectory="048fba24-2f70-4ea6-9a1d-91288de47c14" />
    <UnitTestResult executionId="b12e4ee0-b0e3-4c3b-8fb3-863fdfd0dcda" testId="d87e6aab-b88f-8865-9562-b6a2d3f29df4" testName="YYYY-MM format" computerName="fv-az635-124" duration="00:00:00.0011410" startTime="2023-10-04T11:32:15.5920310+00:00" endTime="2023-10-04T11:32:15.5939120+00:00" testType="13cdc9d9-ddb5-4fa4-a97d-d965ccfc6d4b" outcome="Passed" testListId="8c84fa94-04c1-424b-9868-57a2d4851a1d" relativeResultsDirectory="b12e4ee0-b0e3-4c3b-8fb3-863fdfd0dcda" />
    <UnitTestResult executionId="6afac90a-796e-402b-91f3-9470911300d0" testId="71b74b19-0efa-ddcd-605c-640d7b3f3c81" testName="ShouldReturnValidResponseWithTransactionDetailWhenUriIsValidated" computerName="fv-az635-124" duration="00:00:00.0021310" startTime="2023-10-04T11:32:16.5960200+00:00" endTime="2023-10-04T11:32:16.5988500+00:00" testType="13cdc9d9-ddb5-4fa4-a97d-d965ccfc6d4b" outcome="Passed" testListId="8c84fa94-04c1-424b-9868-57a2d4851a1d" relativeResultsDirectory="6afac90a-796e-402b-91f3-9470911300d0" />
    <UnitTestResult executionId="70ae573b-55e1-4653-8b4a-5f3a73d2c26d" testId="651dbae8-5cff-f20f-4e15-8a99e48babbc" testName="Null string" computerName="fv-az635-124" duration="00:00:00.1134385" startTime="2023-10-04T11:32:15.7073090+00:00" endTime="2023-10-04T11:32:15.8217480+00:00" testType="13cdc9d9-ddb5-4fa4-a97d-d965ccfc6d4b" outcome="Passed" testListId="8c84fa94-04c1-424b-9868-57a2d4851a1d" relativeResultsDirectory="70ae573b-55e1-4653-8b4a-5f3a73d2c26d" />
    <UnitTestResult executionId="e0b7d5c8-d553-4017-a744-eec0cfeebb25" testId="db9f74da-eb80-30c8-5f4a-0f9a9f953797" testName="ShouldReturnStatusUnknownAndAMessageWhenProviderResponseBodyIsNull" computerName="fv-az635-124" duration="00:00:00.0018675" startTime="2023-10-04T11:32:16.5234840+00:00" endTime="2023-10-04T11:32:16.5269830+00:00" testType="13cdc9d9-ddb5-4fa4-a97d-d965ccfc6d4b" outcome="Passed" testListId="8c84fa94-04c1-424b-9868-57a2d4851a1d" relativeResultsDirectory="e0b7d5c8-d553-4017-a744-eec0cfeebb25" />
    <UnitTestResult executionId="45bb93d2-f704-4fb7-9115-37b4e814a9c8" testId="4c4b0dbe-e052-0fd0-22a8-64e04b690360" testName="ShouldCaptureTransaction" computerName="fv-az635-124" duration="00:00:00.0176276" startTime="2023-10-04T11:32:16.2405970+00:00" endTime="2023-10-04T11:32:16.2592440+00:00" testType="13cdc9d9-ddb5-4fa4-a97d-d965ccfc6d4b" outcome="Passed" testListId="8c84fa94-04c1-424b-9868-57a2d4851a1d" relativeResultsDirectory="45bb93d2-f704-4fb7-9115-37b4e814a9c8" />
    <UnitTestResult executionId="049c9db0-ca91-46b2-ae42-46ab2965d88f" testId="bd0f3e87-2d49-7223-2c00-e0924f9c83f5" testName="FirstUnscheduledCardNoUserDetail" computerName="fv-az635-124" duration="00:00:00.0007218" startTime="2023-10-04T11:32:16.3624740+00:00" endTime="2023-10-04T11:32:16.4115700+00:00" testType="13cdc9d9-ddb5-4fa4-a97d-d965ccfc6d4b" outcome="Passed" testListId="8c84fa94-04c1-424b-9868-57a2d4851a1d" relativeResultsDirectory="049c9db0-ca91-46b2-ae42-46ab2965d88f" />
    <UnitTestResult executionId="2d7a18fc-ec73-4c40-adc8-b253dca2c936" testId="00d0f0ea-2908-f516-3769-9ac87996e87a" testName="ShouldReturnCorrectTransactionStatus (AUTHORISED,AwaitingCompletion,Optimis.SmartPayBureau.Client.error[])" computerName="fv-az635-124" duration="00:00:00.0000080" startTime="2023-10-04T11:32:16.6648810+00:00" endTime="2023-10-04T11:32:16.6656170+00:00" testType="13cdc9d9-ddb5-4fa4-a97d-d965ccfc6d4b" outcome="Passed" testListId="8c84fa94-04c1-424b-9868-57a2d4851a1d" relativeResultsDirectory="2d7a18fc-ec73-4c40-adc8-b253dca2c936" />
    <UnitTestResult executionId="13f55af7-4bc5-47c0-b9cb-35ca79e7ba7b" testId="f4ccdd98-06c3-7563-20a4-b2602c08b6d6" testName="ShouldReturnCorrectTransactionStatus (AUTHENTICATE,AwaitingUserInput,Optimis.SmartPayBureau.Client.error[])" computerName="fv-az635-124" duration="00:00:00.0000079" startTime="2023-10-04T11:32:16.6569510+00:00" endTime="2023-10-04T11:32:16.6576930+00:00" testType="13cdc9d9-ddb5-4fa4-a97d-d965ccfc6d4b" outcome="Passed" testListId="8c84fa94-04c1-424b-9868-57a2d4851a1d" relativeResultsDirectory="13f55af7-4bc5-47c0-b9cb-35ca79e7ba7b" />
    <UnitTestResult executionId="6f752d98-1a5f-4a2c-9bf4-1321ae1c35a4" testId="df03ff3a-952d-b1df-79d2-b9f5051fb6a4" testName="ShouldReturnCorrectTransactionStatus (BEFORE_AUTHORISATION,AwaitingCompletion,Optimis.SmartPayBureau.Client.error[])" computerName="fv-az635-124" duration="00:00:00.0000077" startTime="2023-10-04T11:32:16.6660630+00:00" endTime="2023-10-04T11:32:16.6667910+00:00" testType="13cdc9d9-ddb5-4fa4-a97d-d965ccfc6d4b" outcome="Passed" testListId="8c84fa94-04c1-424b-9868-57a2d4851a1d" relativeResultsDirectory="6f752d98-1a5f-4a2c-9bf4-1321ae1c35a4" />
    <UnitTestResult executionId="09b31f0b-699b-4a66-a592-cc5a627c0f15" testId="aaff236b-5026-37b0-14bd-8bc68da1568f" testName="ShouldReturnStatusUnknownAndAMessageWhenProviderReturnsErrors" computerName="fv-az635-124" duration="00:00:00.0019345" startTime="2023-10-04T11:32:16.4306890+00:00" endTime="2023-10-04T11:32:16.4333320+00:00" testType="13cdc9d9-ddb5-4fa4-a97d-d965ccfc6d4b" outcome="Passed" testListId="8c84fa94-04c1-424b-9868-57a2d4851a1d" relativeResultsDirectory="09b31f0b-699b-4a66-a592-cc5a627c0f15" />
    <UnitTestResult executionId="712ba902-ad18-43b0-83ab-6baec008fe8d" testId="b4390802-5010-9e58-1c40-c2dc3db43712" testName="ShouldRefundTransaction" computerName="fv-az635-124" duration="00:00:00.0097490" startTime="2023-10-04T11:32:16.4502980+00:00" endTime="2023-10-04T11:32:16.4610510+00:00" testType="13cdc9d9-ddb5-4fa4-a97d-d965ccfc6d4b" outcome="Passed" testListId="8c84fa94-04c1-424b-9868-57a2d4851a1d" relativeResultsDirectory="712ba902-ad18-43b0-83ab-6baec008fe8d" />
    <UnitTestResult executionId="18a014a5-bed8-4fa9-8522-eee34a3a967f" testId="0ac78b68-dffb-02b2-4fc2-b7bf7c5b4d4f" testName="SubsequentPaymentsOfARecurringSeries" computerName="fv-az635-124" duration="00:00:00.0004285" startTime="2023-10-04T11:32:16.7099970+00:00" endTime="2023-10-04T11:32:16.7111140+00:00" testType="13cdc9d9-ddb5-4fa4-a97d-d965ccfc6d4b" outcome="Passed" testListId="8c84fa94-04c1-424b-9868-57a2d4851a1d" relativeResultsDirectory="18a014a5-bed8-4fa9-8522-eee34a3a967f" />
    <UnitTestResult executionId="fc172b7b-1179-483f-801a-bcb5955fce95" testId="34ed5930-0905-87f5-13b8-aaedfba6b483" testName="ShouldExtractCancelMessages" computerName="fv-az635-124" duration="00:00:00.0010068" startTime="2023-10-04T11:32:15.6943760+00:00" endTime="2023-10-04T11:32:15.6960650+00:00" testType="13cdc9d9-ddb5-4fa4-a97d-d965ccfc6d4b" outcome="Passed" testListId="8c84fa94-04c1-424b-9868-57a2d4851a1d" relativeResultsDirectory="fc172b7b-1179-483f-801a-bcb5955fce95" />
    <UnitTestResult executionId="f01d2300-5a50-4bbf-81f9-4b635814f5b4" testId="8497b7c2-a24e-6ddf-4b8f-a8f3875f4280" testName="FirstPaymentOfARecurringSeries" computerName="fv-az635-124" duration="00:00:00.0153331" startTime="2023-10-04T11:32:16.6933950+00:00" endTime="2023-10-04T11:32:16.7095910+00:00" testType="13cdc9d9-ddb5-4fa4-a97d-d965ccfc6d4b" outcome="Passed" testListId="8c84fa94-04c1-424b-9868-57a2d4851a1d" relativeResultsDirectory="f01d2300-5a50-4bbf-81f9-4b635814f5b4" />
    <UnitTestResult executionId="215b742d-a8ad-4311-8a7b-3d9ec3fcee8f" testId="bd0f3e87-2d49-7223-2c00-e0924f9c83f5" testName="CardNoUserDetail" computerName="fv-az635-124" duration="00:00:00.0007956" startTime="2023-10-04T11:32:16.3624740+00:00" endTime="2023-10-04T11:32:16.4115700+00:00" testType="13cdc9d9-ddb5-4fa4-a97d-d965ccfc6d4b" outcome="Passed" testListId="8c84fa94-04c1-424b-9868-57a2d4851a1d" relativeResultsDirectory="215b742d-a8ad-4311-8a7b-3d9ec3fcee8f" />
    <UnitTestResult executionId="4adaf306-3a4c-4b4a-b889-39faeac0bb97" testId="18b0a952-bcb3-797c-de4e-5b58e79b559e" testName="WPAY-20 Browser Details" computerName="fv-az635-124" duration="00:00:00.0005374" startTime="2023-10-04T11:32:16.5592830+00:00" endTime="2023-10-04T11:32:16.5605440+00:00" testType="13cdc9d9-ddb5-4fa4-a97d-d965ccfc6d4b" outcome="Passed" testListId="8c84fa94-04c1-424b-9868-57a2d4851a1d" relativeResultsDirectory="4adaf306-3a4c-4b4a-b889-39faeac0bb97" />
    <UnitTestResult executionId="63cc3595-1e0a-4e53-92fc-109af4afdd47" testId="b586de7d-1e4f-5d7d-fede-ffaaade982bb" testName="ShouldReturnTheCorrectCountryDiallingCode (,)" computerName="fv-az635-124" duration="00:00:00.0000083" startTime="2023-10-04T11:32:15.6246880+00:00" endTime="2023-10-04T11:32:15.6253840+00:00" testType="13cdc9d9-ddb5-4fa4-a97d-d965ccfc6d4b" outcome="Passed" testListId="8c84fa94-04c1-424b-9868-57a2d4851a1d" relativeResultsDirectory="63cc3595-1e0a-4e53-92fc-109af4afdd47" />
    <UnitTestResult executionId="ffb591cd-c315-4068-858f-80aa2fcc4c26" testId="f68ddeb3-7789-1eb2-6afe-d1fb5899993a" testName="ShouldReturnStatusUnknownAndAMessageWhenProviderResponseIsNull" computerName="fv-az635-124" duration="00:00:00.0021023" startTime="2023-10-04T11:32:16.2298360+00:00" endTime="2023-10-04T11:32:16.2326570+00:00" testType="13cdc9d9-ddb5-4fa4-a97d-d965ccfc6d4b" outcome="Passed" testListId="8c84fa94-04c1-424b-9868-57a2d4851a1d" relativeResultsDirectory="ffb591cd-c315-4068-858f-80aa2fcc4c26" />
    <UnitTestResult executionId="210efb91-4dac-4696-aa2b-ba76cc10f18f" testId="3548b906-5c85-78c4-ba18-778275e8ba1d" testName="AUTHENTICATION_ATTEMPTED" computerName="fv-az635-124" duration="00:00:00.0000141" startTime="2023-10-04T11:32:15.5471230+00:00" endTime="2023-10-04T11:32:15.5478540+00:00" testType="13cdc9d9-ddb5-4fa4-a97d-d965ccfc6d4b" outcome="Passed" testListId="8c84fa94-04c1-424b-9868-57a2d4851a1d" relativeResultsDirectory="210efb91-4dac-4696-aa2b-ba76cc10f18f" />
    <UnitTestResult executionId="cbcb7150-9154-4cb4-a1a9-b7e540f1e561" testId="82a86977-5dd9-47db-085d-325fef4b70a7" testName="FirstPaymentOfAnInstallmentPlan" computerName="fv-az635-124" duration="00:00:00.0004405" startTime="2023-10-04T11:32:16.7123790+00:00" endTime="2023-10-04T11:32:16.7136980+00:00" testType="13cdc9d9-ddb5-4fa4-a97d-d965ccfc6d4b" outcome="Passed" testListId="8c84fa94-04c1-424b-9868-57a2d4851a1d" relativeResultsDirectory="cbcb7150-9154-4cb4-a1a9-b7e540f1e561" />
    <UnitTestResult executionId="4aa4ae05-2136-43cb-a4f9-d55ac7ce0f9a" testId="f87a3c24-9fac-e0ac-0fbf-ceacf1607988" testName="ShouldReturnCorrectPeriod (P1M,MONTHLY)" computerName="fv-az635-124" duration="00:00:00.0000075" startTime="2023-10-04T11:32:16.6377300+00:00" endTime="2023-10-04T11:32:16.6441170+00:00" testType="13cdc9d9-ddb5-4fa4-a97d-d965ccfc6d4b" outcome="Passed" testListId="8c84fa94-04c1-424b-9868-57a2d4851a1d" relativeResultsDirectory="4aa4ae05-2136-43cb-a4f9-d55ac7ce0f9a" />
    <UnitTestResult executionId="e89fea4e-033b-4870-8348-1cb70bbdde6e" testId="d82b5ce2-5ccf-4bd2-d2ea-5ea4b83e5c13" testName="ShouldFallbackGenericMessageWhenHostMessageNotSetButCodeIsAndISOMessageIsNotFound" computerName="fv-az635-124" duration="00:00:00.0002187" startTime="2023-10-04T11:32:16.6825590+00:00" endTime="2023-10-04T11:32:16.6834700+00:00" testType="13cdc9d9-ddb5-4fa4-a97d-d965ccfc6d4b" outcome="Passed" testListId="8c84fa94-04c1-424b-9868-57a2d4851a1d" relativeResultsDirectory="e89fea4e-033b-4870-8348-1cb70bbdde6e" />
    <UnitTestResult executionId="976c6b10-639a-4e57-a310-19a467fc7f23" testId="73d46ecf-fc51-9de8-b928-5f9775f2f506" testName="ShouldAllowNoProviderReferenceInRefundRequest" computerName="fv-az635-124" duration="00:00:00.0096819" startTime="2023-10-04T11:32:15.8614280+00:00" endTime="2023-10-04T11:32:15.8718350+00:00" testType="13cdc9d9-ddb5-4fa4-a97d-d965ccfc6d4b" outcome="Passed" testListId="8c84fa94-04c1-424b-9868-57a2d4851a1d" relativeResultsDirectory="976c6b10-639a-4e57-a310-19a467fc7f23" />
    <UnitTestResult executionId="974b3c62-23e7-4afa-81bb-b9f912fd2158" testId="118418ac-be74-b344-3e5f-7bd23cdc380e" testName="ShouldReturnCorrectWindowSize (LargeLandscape,WINDOW_SIZE_600_400)" computerName="fv-az635-124" duration="00:00:00.0000078" startTime="2023-10-04T11:32:15.6185690+00:00" endTime="2023-10-04T11:32:15.6192680+00:00" testType="13cdc9d9-ddb5-4fa4-a97d-d965ccfc6d4b" outcome="Passed" testListId="8c84fa94-04c1-424b-9868-57a2d4851a1d" relativeResultsDirectory="974b3c62-23e7-4afa-81bb-b9f912fd2158" />
    <UnitTestResult executionId="aef83155-fc4a-4943-bcf1-3507ba5e15be" testId="7bf42b5d-91a8-dd82-1aab-608cc2cd3d55" testName="ShouldReturnCorrectTransactionStatus (-1,Unknown,Optimis.SmartPayBureau.Client.error[])" computerName="fv-az635-124" duration="00:00:00.0000077" startTime="2023-10-04T11:32:16.6718500+00:00" endTime="2023-10-04T11:32:16.6725740+00:00" testType="13cdc9d9-ddb5-4fa4-a97d-d965ccfc6d4b" outcome="Passed" testListId="8c84fa94-04c1-424b-9868-57a2d4851a1d" relativeResultsDirectory="aef83155-fc4a-4943-bcf1-3507ba5e15be" />
    <UnitTestResult executionId="555c16ee-9498-4432-ae80-06ed2e4edc08" testId="56d17c22-3098-5609-c055-112eccf1af50" testName="ShouldExtractAuthorisationMessages" computerName="fv-az635-124" duration="00:00:00.0009945" startTime="2023-10-04T11:32:15.6899660+00:00" endTime="2023-10-04T11:32:15.6916540+00:00" testType="13cdc9d9-ddb5-4fa4-a97d-d965ccfc6d4b" outcome="Passed" testListId="8c84fa94-04c1-424b-9868-57a2d4851a1d" relativeResultsDirectory="555c16ee-9498-4432-ae80-06ed2e4edc08" />
    <UnitTestResult executionId="4d229210-a147-4dab-bf6d-5aecec25f538" testId="cbf58ec5-b9d6-b6ad-56eb-d316267b70ef" testName="ShouldReturnStatusUnknownAndAMessageWhenProviderReturnsErrors" computerName="fv-az635-124" duration="00:00:00.0019234" startTime="2023-10-04T11:32:16.4994770+00:00" endTime="2023-10-04T11:32:16.5020990+00:00" testType="13cdc9d9-ddb5-4fa4-a97d-d965ccfc6d4b" outcome="Passed" testListId="8c84fa94-04c1-424b-9868-57a2d4851a1d" relativeResultsDirectory="4d229210-a147-4dab-bf6d-5aecec25f538" />
    <UnitTestResult executionId="8a3414f5-021a-4159-bc30-0f3d27d4142a" testId="4123c2f2-e7fa-2a00-d580-32a48077e3f0" testName="ShouldReturnStatusUnknownAndAMessageWhenProviderResponseBodyIsNull" computerName="fv-az635-124" duration="00:00:00.0023805" startTime="2023-10-04T11:32:16.2331370+00:00" endTime="2023-10-04T11:32:16.2362370+00:00" testType="13cdc9d9-ddb5-4fa4-a97d-d965ccfc6d4b" outcome="Passed" testListId="8c84fa94-04c1-424b-9868-57a2d4851a1d" relativeResultsDirectory="8a3414f5-021a-4159-bc30-0f3d27d4142a" />
    <UnitTestResult executionId="784ebe87-2f0c-4b1c-a1ce-7579696d6444" testId="dfe0ae2f-b595-710d-0282-818b37e150a4" testName="ShouldReturnStatusUnknownAndAMessageWhenProviderResponseBodyIsNull" computerName="fv-az635-124" duration="00:00:00.0016621" startTime="2023-10-04T11:32:16.4278780+00:00" endTime="2023-10-04T11:32:16.4302460+00:00" testType="13cdc9d9-ddb5-4fa4-a97d-d965ccfc6d4b" outcome="Passed" testListId="8c84fa94-04c1-424b-9868-57a2d4851a1d" relativeResultsDirectory="784ebe87-2f0c-4b1c-a1ce-7579696d6444" />
    <UnitTestResult executionId="dadb9c26-27be-4074-b448-909a093fee3d" testId="c6399e55-9948-0644-6584-89fe9bda36cf" testName="Missing params" computerName="fv-az635-124" duration="00:00:00.0001793" startTime="2023-10-04T11:32:16.6014310+00:00" endTime="2023-10-04T11:32:16.6023080+00:00" testType="13cdc9d9-ddb5-4fa4-a97d-d965ccfc6d4b" outcome="Passed" testListId="8c84fa94-04c1-424b-9868-57a2d4851a1d" relativeResultsDirectory="dadb9c26-27be-4074-b448-909a093fee3d" />
    <UnitTestResult executionId="9a2ddbe7-2f43-47c0-b7dd-8a0178848aca" testId="8871c6ef-8580-97ae-4c65-ecfb77a74b7b" testName="ShouldSetTheTransactionReferenceWhenLegacyTransactionNumberIsNotNull" computerName="fv-az635-124" duration="00:00:00.0026885" startTime="2023-10-04T11:32:16.2042230+00:00" endTime="2023-10-04T11:32:16.2077540+00:00" testType="13cdc9d9-ddb5-4fa4-a97d-d965ccfc6d4b" outcome="Passed" testListId="8c84fa94-04c1-424b-9868-57a2d4851a1d" relativeResultsDirectory="9a2ddbe7-2f43-47c0-b7dd-8a0178848aca" />
    <UnitTestResult executionId="7d0ade89-00fd-4b82-8ae8-ec07951d680f" testId="5c8d2149-8167-8423-9488-d66fb6f098ae" testName="ShouldReturnNullIfRecurringDetailsIsNull" computerName="fv-az635-124" duration="00:00:00.0001582" startTime="2023-10-04T11:32:16.6362810+00:00" endTime="2023-10-04T11:32:16.6373230+00:00" testType="13cdc9d9-ddb5-4fa4-a97d-d965ccfc6d4b" outcome="Passed" testListId="8c84fa94-04c1-424b-9868-57a2d4851a1d" relativeResultsDirectory="7d0ade89-00fd-4b82-8ae8-ec07951d680f" />
    <UnitTestResult executionId="8ec062e5-a775-4844-9e96-eeebca78fd81" testId="6ead0c04-6414-f232-01d4-bd3b87df66eb" testName="ShouldSetTheTrxRefWhenLegacyTransactionNumberIsNull" computerName="fv-az635-124" duration="00:00:00.0031183" startTime="2023-10-04T11:32:16.2596790+00:00" endTime="2023-10-04T11:32:16.2635140+00:00" testType="13cdc9d9-ddb5-4fa4-a97d-d965ccfc6d4b" outcome="Passed" testListId="8c84fa94-04c1-424b-9868-57a2d4851a1d" relativeResultsDirectory="8ec062e5-a775-4844-9e96-eeebca78fd81" />
    <UnitTestResult executionId="28de48c2-e183-4db1-8745-0a9163d30a33" testId="f9fc4273-0a30-c961-78ae-382dc4054000" testName="ShouldReturnTheCorrectCountryDiallingCode (DEU,49)" computerName="fv-az635-124" duration="00:00:00.0000127" startTime="2023-10-04T11:32:15.6212420+00:00" endTime="2023-10-04T11:32:15.6219520+00:00" testType="13cdc9d9-ddb5-4fa4-a97d-d965ccfc6d4b" outcome="Passed" testListId="8c84fa94-04c1-424b-9868-57a2d4851a1d" relativeResultsDirectory="28de48c2-e183-4db1-8745-0a9163d30a33" />
    <UnitTestResult executionId="3d50cddb-8f61-4712-9d63-f873f907510a" testId="1fb8b099-ef59-6a03-f04e-e897dcfdbe0f" testName="ShouldReturnCorrectTransactionStatus (BEFORE_VERIFICATION,AwaitingCompletion,Optimis.SmartPayBureau.Client.error[])" computerName="fv-az635-124" duration="00:00:00.0000081" startTime="2023-10-04T11:32:16.6682920+00:00" endTime="2023-10-04T11:32:16.6690530+00:00" testType="13cdc9d9-ddb5-4fa4-a97d-d965ccfc6d4b" outcome="Passed" testListId="8c84fa94-04c1-424b-9868-57a2d4851a1d" relativeResultsDirectory="3d50cddb-8f61-4712-9d63-f873f907510a" />
    <UnitTestResult executionId="34e7aa2f-7b5c-489b-ba5f-7f7593b366e4" testId="91a2a5f4-16b1-86b6-5e98-1e343e2a8b12" testName="ShouldReturnStatusUnknownAndMessagesWhenRequestFailsValidation" computerName="fv-az635-124" duration="00:00:00.0016335" startTime="2023-10-04T11:32:16.2202230+00:00" endTime="2023-10-04T11:32:16.2225950+00:00" testType="13cdc9d9-ddb5-4fa4-a97d-d965ccfc6d4b" outcome="Passed" testListId="8c84fa94-04c1-424b-9868-57a2d4851a1d" relativeResultsDirectory="34e7aa2f-7b5c-489b-ba5f-7f7593b366e4" />
    <UnitTestResult executionId="e97fd729-bc85-4658-b07c-b44ae304cc90" testId="f87a3c24-9fac-e0ac-0fbf-ceacf1607988" testName="ShouldReturnCorrectPeriod (P6M,BI_ANNUALLY)" computerName="fv-az635-124" duration="00:00:00.0000137" startTime="2023-10-04T11:32:16.6377300+00:00" endTime="2023-10-04T11:32:16.6441170+00:00" testType="13cdc9d9-ddb5-4fa4-a97d-d965ccfc6d4b" outcome="Passed" testListId="8c84fa94-04c1-424b-9868-57a2d4851a1d" relativeResultsDirectory="e97fd729-bc85-4658-b07c-b44ae304cc90" />
    <UnitTestResult executionId="c99b78f9-f903-4bfa-9b90-7ec50f983528" testId="b5326c58-8183-3bca-b0b9-e4b2c477934a" testName="ShouldThrowArgumentNullWhenRequestIsNull" computerName="fv-az635-124" duration="00:00:00.0009296" startTime="2023-10-04T11:32:16.6146690+00:00" endTime="2023-10-04T11:32:16.6162890+00:00" testType="13cdc9d9-ddb5-4fa4-a97d-d965ccfc6d4b" outcome="Passed" testListId="8c84fa94-04c1-424b-9868-57a2d4851a1d" relativeResultsDirectory="c99b78f9-f903-4bfa-9b90-7ec50f983528" />
    <UnitTestResult executionId="08e8ad65-c03f-4b38-b80e-2943a2c50750" testId="8add659f-8989-50f0-f434-c1eb8881ce15" testName="ShouldThrowOperationCanceledIfCancellationRequested" computerName="fv-az635-124" duration="00:00:00.0010459" startTime="2023-10-04T11:32:16.6223860+00:00" endTime="2023-10-04T11:32:16.6241270+00:00" testType="13cdc9d9-ddb5-4fa4-a97d-d965ccfc6d4b" outcome="Passed" testListId="8c84fa94-04c1-424b-9868-57a2d4851a1d" relativeResultsDirectory="08e8ad65-c03f-4b38-b80e-2943a2c50750" />
    <UnitTestResult executionId="17ca82a9-97ae-4a3a-8b32-80d8ba149e8e" testId="8d3b298b-66dc-3d75-500a-925aa4ea8ff0" testName="ShouldThrowArgumentNullForSigner" computerName="fv-az635-124" duration="00:00:00.0010589" startTime="2023-10-04T11:32:16.6855050+00:00" endTime="2023-10-04T11:32:16.6872660+00:00" testType="13cdc9d9-ddb5-4fa4-a97d-d965ccfc6d4b" outcome="Passed" testListId="8c84fa94-04c1-424b-9868-57a2d4851a1d" relativeResultsDirectory="17ca82a9-97ae-4a3a-8b32-80d8ba149e8e" />
    <UnitTestResult executionId="d2a2fadd-19cb-42d2-b7b4-2712fc6f0098" testId="2774d99f-029c-beaa-521c-d281f716c662" testName="Unknown" computerName="fv-az635-124" duration="00:00:00.0000134" startTime="2023-10-04T11:32:15.5955450+00:00" endTime="2023-10-04T11:32:15.5962340+00:00" testType="13cdc9d9-ddb5-4fa4-a97d-d965ccfc6d4b" outcome="Passed" testListId="8c84fa94-04c1-424b-9868-57a2d4851a1d" relativeResultsDirectory="d2a2fadd-19cb-42d2-b7b4-2712fc6f0098" />
    <UnitTestResult executionId="287cbb6c-54af-4f76-a908-a6779e66a0ca" testId="3f8bceb8-f634-7014-46bd-047108d5185f" testName="ShouldLeaveOnlyNumbers (,)" computerName="fv-az635-124" duration="00:00:00.0000085" startTime="2023-10-04T11:32:15.6416040+00:00" endTime="2023-10-04T11:32:15.6433120+00:00" testType="13cdc9d9-ddb5-4fa4-a97d-d965ccfc6d4b" outcome="Passed" testListId="8c84fa94-04c1-424b-9868-57a2d4851a1d" relativeResultsDirectory="287cbb6c-54af-4f76-a908-a6779e66a0ca" />
    <UnitTestResult executionId="123ba7f6-f6d0-40f9-a062-c06107ecc478" testId="11916ca3-e2a9-dd5f-fecd-17f61b24712d" testName="WPAY-8 Card Info" computerName="fv-az635-124" duration="00:00:00.0023173" startTime="2023-10-04T11:32:16.5908000+00:00" endTime="2023-10-04T11:32:16.5938470+00:00" testType="13cdc9d9-ddb5-4fa4-a97d-d965ccfc6d4b" outcome="Passed" testListId="8c84fa94-04c1-424b-9868-57a2d4851a1d" relativeResultsDirectory="123ba7f6-f6d0-40f9-a062-c06107ecc478" />
    <UnitTestResult executionId="9b03fc2e-1b4a-4d74-bff2-1a144ad210bd" testId="dd64f93f-fc1c-a776-b80e-1fcb8025e091" testName="REJECTED" computerName="fv-az635-124" duration="00:00:00.0000149" startTime="2023-10-04T11:32:15.5646340+00:00" endTime="2023-10-04T11:32:15.5654140+00:00" testType="13cdc9d9-ddb5-4fa4-a97d-d965ccfc6d4b" outcome="Passed" testListId="8c84fa94-04c1-424b-9868-57a2d4851a1d" relativeResultsDirectory="9b03fc2e-1b4a-4d74-bff2-1a144ad210bd" />
    <UnitTestResult executionId="c0155db7-af6f-449f-a298-9c50fb3e086c" testId="1ccd7017-60fd-89cf-dd0d-9e555ce49f9f" testName="ShouldReturnOneMessageOnEmptyResponseExceptResponseField" computerName="fv-az635-124" duration="00:00:00.0002489" startTime="2023-10-04T11:32:15.6677660+00:00" endTime="2023-10-04T11:32:15.6687330+00:00" testType="13cdc9d9-ddb5-4fa4-a97d-d965ccfc6d4b" outcome="Passed" testListId="8c84fa94-04c1-424b-9868-57a2d4851a1d" relativeResultsDirectory="c0155db7-af6f-449f-a298-9c50fb3e086c" />
    <UnitTestResult executionId="a575c9be-1ac2-4c5c-af6c-18c0b44c21a9" testId="9cf5f0af-12b3-5f84-e072-2b44ea20d4bf" testName="ShouldReturnStatusUnknownAndAMessageWhenProviderResponseIsNull" computerName="fv-az635-124" duration="00:00:00.0018763" startTime="2023-10-04T11:32:16.5274170+00:00" endTime="2023-10-04T11:32:16.5299920+00:00" testType="13cdc9d9-ddb5-4fa4-a97d-d965ccfc6d4b" outcome="Passed" testListId="8c84fa94-04c1-424b-9868-57a2d4851a1d" relativeResultsDirectory="a575c9be-1ac2-4c5c-af6c-18c0b44c21a9" />
    <UnitTestResult executionId="de9746f3-4c23-4ff3-9c0e-1bb8ae319840" testId="05910a97-fa9a-c3c7-2578-d3b1a3cbc2a0" testName="ShouldReturnOneMessageOnEmptyResponse" computerName="fv-az635-124" duration="00:00:00.0224791" startTime="2023-10-04T11:32:15.6437400+00:00" endTime="2023-10-04T11:32:15.6673300+00:00" testType="13cdc9d9-ddb5-4fa4-a97d-d965ccfc6d4b" outcome="Passed" testListId="8c84fa94-04c1-424b-9868-57a2d4851a1d" relativeResultsDirectory="de9746f3-4c23-4ff3-9c0e-1bb8ae319840" />
    <UnitTestResult executionId="7727fe49-981c-494b-ae30-289fbd2f0548" testId="1177111d-d5cc-6841-9c56-0380d96e62d9" testName="ShouldReturnTheCorrectCountryDiallingCode (GBR,44)" computerName="fv-az635-124" duration="00:00:00.0003326" startTime="2023-10-04T11:32:15.6197240+00:00" endTime="2023-10-04T11:32:15.6207850+00:00" testType="13cdc9d9-ddb5-4fa4-a97d-d965ccfc6d4b" outcome="Passed" testListId="8c84fa94-04c1-424b-9868-57a2d4851a1d" relativeResultsDirectory="7727fe49-981c-494b-ae30-289fbd2f0548" />
    <UnitTestResult executionId="199882b7-c44c-41d5-8bf1-ca78162c6e9c" testId="4602236f-5e84-9cd8-f274-cd453b8666fe" testName="ShouldExtractCardVerificationMessages" computerName="fv-az635-124" duration="00:00:00.0010177" startTime="2023-10-04T11:32:15.6841190+00:00" endTime="2023-10-04T11:32:15.6858390+00:00" testType="13cdc9d9-ddb5-4fa4-a97d-d965ccfc6d4b" outcome="Passed" testListId="8c84fa94-04c1-424b-9868-57a2d4851a1d" relativeResultsDirectory="199882b7-c44c-41d5-8bf1-ca78162c6e9c" />
    <UnitTestResult executionId="1a2385b2-ca1f-49bc-912d-f0d111e3d2f0" testId="aed45da8-83a2-691b-7538-1429950b27e0" testName="SubsequentPaymentsOfARecurringSeries" computerName="fv-az635-124" duration="00:00:00.0004056" startTime="2023-10-04T11:32:16.7141050+00:00" endTime="2023-10-04T11:32:16.7151920+00:00" testType="13cdc9d9-ddb5-4fa4-a97d-d965ccfc6d4b" outcome="Passed" testListId="8c84fa94-04c1-424b-9868-57a2d4851a1d" relativeResultsDirectory="1a2385b2-ca1f-49bc-912d-f0d111e3d2f0" />
    <UnitTestResult executionId="19f28c0b-41d3-45d2-b206-12341931c538" testId="f42c7cc5-2a3c-853c-5950-c1a90130d310" testName="ShouldReturnEmptyListWhenObjectIsNotAWebPaymentResponse" computerName="fv-az635-124" duration="00:00:00.0001594" startTime="2023-10-04T11:32:15.8740960+00:00" endTime="2023-10-04T11:32:15.8749470+00:00" testType="13cdc9d9-ddb5-4fa4-a97d-d965ccfc6d4b" outcome="Passed" testListId="8c84fa94-04c1-424b-9868-57a2d4851a1d" relativeResultsDirectory="19f28c0b-41d3-45d2-b206-12341931c538" />
    <UnitTestResult executionId="d848a73e-ad57-454a-9d0a-1107426ce52a" testId="84d89ea2-8b19-c526-5db5-e0a510c98fdb" testName="ShouldPartialRefundTransaction" computerName="fv-az635-124" duration="00:00:00.0055360" startTime="2023-10-04T11:32:16.4734890+00:00" endTime="2023-10-04T11:32:16.4798750+00:00" testType="13cdc9d9-ddb5-4fa4-a97d-d965ccfc6d4b" outcome="Passed" testListId="8c84fa94-04c1-424b-9868-57a2d4851a1d" relativeResultsDirectory="d848a73e-ad57-454a-9d0a-1107426ce52a" />
    <UnitTestResult executionId="b256dae2-a47d-430f-b34c-a2d41a750cd0" testId="c462a7d9-488b-8a13-9f6c-c52e1d87b658" testName="ShouldLeaveOnlyNumbers (ABC,)" computerName="fv-az635-124" duration="00:00:00.0000117" startTime="2023-10-04T11:32:15.6393040+00:00" endTime="2023-10-04T11:32:15.6400080+00:00" testType="13cdc9d9-ddb5-4fa4-a97d-d965ccfc6d4b" outcome="Passed" testListId="8c84fa94-04c1-424b-9868-57a2d4851a1d" relativeResultsDirectory="b256dae2-a47d-430f-b34c-a2d41a750cd0" />
    <UnitTestResult executionId="747be4fb-f485-413f-a268-46d8700d64a8" testId="69a7dc3c-c44c-239f-f5c6-71449279587b" testName="ShouldReturnCorrectTransactionStatus (INGENICO,AwaitingUserInput,Optimis.SmartPayBureau.Client.error[])" computerName="fv-az635-124" duration="00:00:00.0000080" startTime="2023-10-04T11:32:16.6523210+00:00" endTime="2023-10-04T11:32:16.6530830+00:00" testType="13cdc9d9-ddb5-4fa4-a97d-d965ccfc6d4b" outcome="Passed" testListId="8c84fa94-04c1-424b-9868-57a2d4851a1d" relativeResultsDirectory="747be4fb-f485-413f-a268-46d8700d64a8" />
    <UnitTestResult executionId="8fb79b60-bc07-4326-ab88-86321cbbda1d" testId="bd0f3e87-2d49-7223-2c00-e0924f9c83f5" testName="FirstRecurringNoCardNoUserDetail" computerName="fv-az635-124" duration="00:00:00.0211480" startTime="2023-10-04T11:32:16.3624740+00:00" endTime="2023-10-04T11:32:16.4115700+00:00" testType="13cdc9d9-ddb5-4fa4-a97d-d965ccfc6d4b" outcome="Passed" testListId="8c84fa94-04c1-424b-9868-57a2d4851a1d" relativeResultsDirectory="8fb79b60-bc07-4326-ab88-86321cbbda1d" />
    <UnitTestResult executionId="6b66f0c3-e3d0-4fb9-9af5-447b3e5d77a3" testId="92bb55e1-400e-074f-a777-9f930d360b73" testName="CHALLENGE_V2" computerName="fv-az635-124" duration="00:00:00.0000134" startTime="2023-10-04T11:32:15.5507430+00:00" endTime="2023-10-04T11:32:15.5514730+00:00" testType="13cdc9d9-ddb5-4fa4-a97d-d965ccfc6d4b" outcome="Passed" testListId="8c84fa94-04c1-424b-9868-57a2d4851a1d" relativeResultsDirectory="6b66f0c3-e3d0-4fb9-9af5-447b3e5d77a3" />
    <UnitTestResult executionId="801450ed-c670-48e0-886d-61b2e45290a3" testId="a927a4f6-fdeb-731f-afab-563abd3fb8fc" testName="ShouldSetTheTransactionReferenceWhenLegacyTransactionNumberIsNotNull" computerName="fv-az635-124" duration="00:00:00.0027940" startTime="2023-10-04T11:32:16.2639380+00:00" endTime="2023-10-04T11:32:16.2674460+00:00" testType="13cdc9d9-ddb5-4fa4-a97d-d965ccfc6d4b" outcome="Passed" testListId="8c84fa94-04c1-424b-9868-57a2d4851a1d" relativeResultsDirectory="801450ed-c670-48e0-886d-61b2e45290a3" />
    <UnitTestResult executionId="e0490149-c08a-4165-afe9-d2016ee83d2a" testId="3486a2c4-bd2d-23b4-67a1-87c819ac7834" testName="ShouldReturnCorrectTransactionStatus (CANCELLED,CompleteCancelled,Optimis.SmartPayBureau.Client.error[])" computerName="fv-az635-124" duration="00:00:00.0000080" startTime="2023-10-04T11:32:16.6695010+00:00" endTime="2023-10-04T11:32:16.6702270+00:00" testType="13cdc9d9-ddb5-4fa4-a97d-d965ccfc6d4b" outcome="Passed" testListId="8c84fa94-04c1-424b-9868-57a2d4851a1d" relativeResultsDirectory="e0490149-c08a-4165-afe9-d2016ee83d2a" />
    <UnitTestResult executionId="81b3868d-9697-4aac-8828-c89da25f7085" testId="b5d9a973-f269-1dde-e3f2-f8fea9f3c505" testName="ShouldThrowOperationCanceledIfCancellationRequested" computerName="fv-az635-124" duration="00:00:00.0010349" startTime="2023-10-04T11:32:16.4225180+00:00" endTime="2023-10-04T11:32:16.4242770+00:00" testType="13cdc9d9-ddb5-4fa4-a97d-d965ccfc6d4b" outcome="Passed" testListId="8c84fa94-04c1-424b-9868-57a2d4851a1d" relativeResultsDirectory="81b3868d-9697-4aac-8828-c89da25f7085" />
    <UnitTestResult executionId="9b12ab1f-b285-43e6-923c-ca2ea6a54177" testId="c3de3e0e-d882-22a3-b644-0383a90e3cb7" testName="ShouldThrowArgumentNullForMessageExtractor" computerName="fv-az635-124" duration="00:00:00.0003379" startTime="2023-10-04T11:32:16.6890800+00:00" endTime="2023-10-04T11:32:16.6900890+00:00" testType="13cdc9d9-ddb5-4fa4-a97d-d965ccfc6d4b" outcome="Passed" testListId="8c84fa94-04c1-424b-9868-57a2d4851a1d" relativeResultsDirectory="9b12ab1f-b285-43e6-923c-ca2ea6a54177" />
    <UnitTestResult executionId="399e19c8-ed57-4c30-a8a6-556b03fb84b0" testId="97263f9c-6ce5-be77-b076-5342290c5469" testName="ShouldThrowOperationCanceledIfCancellationRequested" computerName="fv-az635-124" duration="00:00:00.0010316" startTime="2023-10-04T11:32:16.4911990+00:00" endTime="2023-10-04T11:32:16.4929660+00:00" testType="13cdc9d9-ddb5-4fa4-a97d-d965ccfc6d4b" outcome="Passed" testListId="8c84fa94-04c1-424b-9868-57a2d4851a1d" relativeResultsDirectory="399e19c8-ed57-4c30-a8a6-556b03fb84b0" />
    <UnitTestResult executionId="993af70f-17f3-49d8-af6b-5927ce276110" testId="72696739-a554-3542-506c-2bf484c9604c" testName="ShouldLeaveOnlyNumbers (ABC123,123)" computerName="fv-az635-124" duration="00:00:00.0000189" startTime="2023-10-04T11:32:15.6381460+00:00" endTime="2023-10-04T11:32:15.6388580+00:00" testType="13cdc9d9-ddb5-4fa4-a97d-d965ccfc6d4b" outcome="Passed" testListId="8c84fa94-04c1-424b-9868-57a2d4851a1d" relativeResultsDirectory="993af70f-17f3-49d8-af6b-5927ce276110" />
    <UnitTestResult executionId="cf8cda6a-bddd-487f-bd75-dc9296edcb7d" testId="e273d193-6126-6bc2-d7a3-42b6f222a59b" testName="ShouldReturnNullWhenAuthResponseIsNull" computerName="fv-az635-124" duration="00:00:00.0000968" startTime="2023-10-04T11:32:16.6749370+00:00" endTime="2023-10-04T11:32:16.6759290+00:00" testType="13cdc9d9-ddb5-4fa4-a97d-d965ccfc6d4b" outcome="Passed" testListId="8c84fa94-04c1-424b-9868-57a2d4851a1d" relativeResultsDirectory="cf8cda6a-bddd-487f-bd75-dc9296edcb7d" />
    <UnitTestResult executionId="21f4569e-6dfe-4396-9b8b-60425575154c" testId="897aab27-2851-7abf-2094-16ddb472f792" testName="ShouldThrowOptimisExceptionWhenProfileIsNotFound" computerName="fv-az635-124" duration="00:00:00.0108261" startTime="2023-10-04T11:32:16.2082050+00:00" endTime="2023-10-04T11:32:16.2197830+00:00" testType="13cdc9d9-ddb5-4fa4-a97d-d965ccfc6d4b" outcome="Passed" testListId="8c84fa94-04c1-424b-9868-57a2d4851a1d" relativeResultsDirectory="21f4569e-6dfe-4396-9b8b-60425575154c" />
    <UnitTestResult executionId="a71be8ff-f8a4-41cc-9516-033cddfff7f7" testId="cbf66374-bebb-b061-6514-5370d9651490" testName="ShouldReturnStatusUnknownAndMessagesWhenRequestFailsValidation" computerName="fv-az635-124" duration="00:00:00.0010995" startTime="2023-10-04T11:32:16.5161060+00:00" endTime="2023-10-04T11:32:16.5179000+00:00" testType="13cdc9d9-ddb5-4fa4-a97d-d965ccfc6d4b" outcome="Passed" testListId="8c84fa94-04c1-424b-9868-57a2d4851a1d" relativeResultsDirectory="a71be8ff-f8a4-41cc-9516-033cddfff7f7" />
    <UnitTestResult executionId="713c6212-539b-47c9-9a5f-f910f520ff3c" testId="f87a3c24-9fac-e0ac-0fbf-ceacf1607988" testName="ShouldReturnCorrectPeriod (P1Y,ANNUALLY)" computerName="fv-az635-124" duration="00:00:00.0008776" startTime="2023-10-04T11:32:16.6377300+00:00" endTime="2023-10-04T11:32:16.6441170+00:00" testType="13cdc9d9-ddb5-4fa4-a97d-d965ccfc6d4b" outcome="Passed" testListId="8c84fa94-04c1-424b-9868-57a2d4851a1d" relativeResultsDirectory="713c6212-539b-47c9-9a5f-f910f520ff3c" />
    <UnitTestResult executionId="14ef5868-d556-4878-b75c-f93bbd74dc60" testId="67829d85-3c52-f2ab-a7ce-7bd568a2ba55" testName="ShouldReturnExternalAuthStatus" computerName="fv-az635-124" duration="00:00:00.0000831" startTime="2023-10-04T11:32:15.5674110+00:00" endTime="2023-10-04T11:32:15.5708420+00:00" testType="13cdc9d9-ddb5-4fa4-a97d-d965ccfc6d4b" outcome="Passed" testListId="8c84fa94-04c1-424b-9868-57a2d4851a1d" relativeResultsDirectory="14ef5868-d556-4878-b75c-f93bbd74dc60" />
    <UnitTestResult executionId="37cc1ec6-de92-4d5c-877b-01aba6763bb5" testId="7d720a89-70af-cac9-1f44-7f4f56b7a818" testName="SubsequentPaymentsOfARecurringSeries" computerName="fv-az635-124" duration="00:00:00.0003873" startTime="2023-10-04T11:32:16.7172860+00:00" endTime="2023-10-04T11:32:16.7200090+00:00" testType="13cdc9d9-ddb5-4fa4-a97d-d965ccfc6d4b" outcome="Passed" testListId="8c84fa94-04c1-424b-9868-57a2d4851a1d" relativeResultsDirectory="37cc1ec6-de92-4d5c-877b-01aba6763bb5" />
    <UnitTestResult executionId="5cb43971-2508-402d-bd0b-711bc249bcca" testId="44ed7928-74b7-0b2f-f164-272f13015bab" testName="ShouldReturnStatusCompleteFailedAndAMessageWhenProviderReturnsErrors" computerName="fv-az635-124" duration="00:00:00.0017770" startTime="2023-10-04T11:32:16.2366850+00:00" endTime="2023-10-04T11:32:16.2391980+00:00" testType="13cdc9d9-ddb5-4fa4-a97d-d965ccfc6d4b" outcome="Passed" testListId="8c84fa94-04c1-424b-9868-57a2d4851a1d" relativeResultsDirectory="5cb43971-2508-402d-bd0b-711bc249bcca" />
    <UnitTestResult executionId="2dba4e1d-829a-419c-9912-5f55561279cf" testId="bd0f3e87-2d49-7223-2c00-e0924f9c83f5" testName="FirstInstallmentCardNoUserDetail" computerName="fv-az635-124" duration="00:00:00.0008034" startTime="2023-10-04T11:32:16.3624740+00:00" endTime="2023-10-04T11:32:16.4115700+00:00" testType="13cdc9d9-ddb5-4fa4-a97d-d965ccfc6d4b" outcome="Passed" testListId="8c84fa94-04c1-424b-9868-57a2d4851a1d" relativeResultsDirectory="2dba4e1d-829a-419c-9912-5f55561279cf" />
    <UnitTestResult executionId="0232fc90-7a41-4122-8606-49bfecd16695" testId="ac593171-1552-cd7e-6139-10e2d49f6381" testName="PENDING_V1" computerName="fv-az635-124" duration="00:00:00.0000140" startTime="2023-10-04T11:32:15.5495470+00:00" endTime="2023-10-04T11:32:15.5502790+00:00" testType="13cdc9d9-ddb5-4fa4-a97d-d965ccfc6d4b" outcome="Passed" testListId="8c84fa94-04c1-424b-9868-57a2d4851a1d" relativeResultsDirectory="0232fc90-7a41-4122-8606-49bfecd16695" />
    <UnitTestResult executionId="1c944049-8d85-405e-a3e2-f7323538611e" testId="bdf832c7-4b1b-46ba-108c-24820aecab6c" testName="ShouldReturnCorrectWindowSize (Small,WINDOW_SIZE_250_400)" computerName="fv-az635-124" duration="00:00:00.0000079" startTime="2023-10-04T11:32:15.6140840+00:00" endTime="2023-10-04T11:32:15.6147940+00:00" testType="13cdc9d9-ddb5-4fa4-a97d-d965ccfc6d4b" outcome="Passed" testListId="8c84fa94-04c1-424b-9868-57a2d4851a1d" relativeResultsDirectory="1c944049-8d85-405e-a3e2-f7323538611e" />
    <UnitTestResult executionId="621f0a85-fd27-40d7-9702-149c4ed773de" testId="dd322307-30fe-42eb-de03-3f10d5ac5bc1" testName="ShouldThrowOperationCanceledIfCancellationRequested" computerName="fv-az635-124" duration="00:00:00.0010178" startTime="2023-10-04T11:32:16.5213340+00:00" endTime="2023-10-04T11:32:16.5230500+00:00" testType="13cdc9d9-ddb5-4fa4-a97d-d965ccfc6d4b" outcome="Passed" testListId="8c84fa94-04c1-424b-9868-57a2d4851a1d" relativeResultsDirectory="621f0a85-fd27-40d7-9702-149c4ed773de" />
    <UnitTestResult executionId="f976bdb1-2385-4fe3-bd35-a9a707b7fc66" testId="5d88724a-8999-b949-3953-2d7b33250b9e" testName="AttributeShouldReturnCorrectStatusForCountryCode (TES,False)" computerName="fv-az635-124" duration="00:00:00.0009600" startTime="2023-10-04T11:32:16.6255750+00:00" endTime="2023-10-04T11:32:16.6277420+00:00" testType="13cdc9d9-ddb5-4fa4-a97d-d965ccfc6d4b" outcome="Passed" testListId="8c84fa94-04c1-424b-9868-57a2d4851a1d" relativeResultsDirectory="f976bdb1-2385-4fe3-bd35-a9a707b7fc66" />
    <UnitTestResult executionId="7187f103-89c6-4822-beaa-a96edc4fedc1" testId="2a877341-2887-4390-a26e-b08f5f0932c3" testName="MM-YYYY format" computerName="fv-az635-124" duration="00:00:00.0000096" startTime="2023-10-04T11:32:15.5999660+00:00" endTime="2023-10-04T11:32:15.6006810+00:00" testType="13cdc9d9-ddb5-4fa4-a97d-d965ccfc6d4b" outcome="Passed" testListId="8c84fa94-04c1-424b-9868-57a2d4851a1d" relativeResultsDirectory="7187f103-89c6-4822-beaa-a96edc4fedc1" />
    <UnitTestResult executionId="7949d569-97fe-4fdc-8754-6992e425c5c3" testId="39bb32bc-3a25-a743-bd59-6e02864ae828" testName="Incorrect format for Transaction Number" computerName="fv-az635-124" duration="00:00:00.0001970" startTime="2023-10-04T11:32:16.6041220+00:00" endTime="2023-10-04T11:32:16.6050170+00:00" testType="13cdc9d9-ddb5-4fa4-a97d-d965ccfc6d4b" outcome="Passed" testListId="8c84fa94-04c1-424b-9868-57a2d4851a1d" relativeResultsDirectory="7949d569-97fe-4fdc-8754-6992e425c5c3" />
    <UnitTestResult executionId="2d79e31e-c297-4abc-8850-b56ea9b01438" testId="e506aabf-a52c-3ffc-e7ce-9668498b5a6c" testName="ShouldReturnCorrectTransactionStatus (VERIFIED,CompleteCaptured,Optimis.SmartPayBureau.Client.error[])" computerName="fv-az635-124" duration="00:00:00.0000087" startTime="2023-10-04T11:32:16.6629200+00:00" endTime="2023-10-04T11:32:16.6644030+00:00" testType="13cdc9d9-ddb5-4fa4-a97d-d965ccfc6d4b" outcome="Passed" testListId="8c84fa94-04c1-424b-9868-57a2d4851a1d" relativeResultsDirectory="2d79e31e-c297-4abc-8850-b56ea9b01438" />
    <UnitTestResult executionId="dd70684f-fa95-4119-901c-e5cd6d76d025" testId="f87a3c24-9fac-e0ac-0fbf-ceacf1607988" testName="ShouldReturnCorrectPeriod (P3M,QUARTERLY)" computerName="fv-az635-124" duration="00:00:00.0000173" startTime="2023-10-04T11:32:16.6377300+00:00" endTime="2023-10-04T11:32:16.6441170+00:00" testType="13cdc9d9-ddb5-4fa4-a97d-d965ccfc6d4b" outcome="Passed" testListId="8c84fa94-04c1-424b-9868-57a2d4851a1d" relativeResultsDirectory="dd70684f-fa95-4119-901c-e5cd6d76d025" />
    <UnitTestResult executionId="4c277d2d-5ee6-46f2-a3e3-ffb3b5796b76" testId="b80c15af-170b-a892-0764-b38d87d02f36" testName="ShouldExtractExternalAuthenticationMessages" computerName="fv-az635-124" duration="00:00:00.0016287" startTime="2023-10-04T11:32:15.6872130+00:00" endTime="2023-10-04T11:32:15.6895430+00:00" testType="13cdc9d9-ddb5-4fa4-a97d-d965ccfc6d4b" outcome="Passed" testListId="8c84fa94-04c1-424b-9868-57a2d4851a1d" relativeResultsDirectory="4c277d2d-5ee6-46f2-a3e3-ffb3b5796b76" />
    <UnitTestResult executionId="e9591c3b-eee7-4fe2-beeb-44aba51c8e4c" testId="b6e63550-9bb5-f997-a2d4-6a4fc6f323fb" testName="Error" computerName="fv-az635-124" duration="00:00:00.0000161" startTime="2023-10-04T11:32:15.5441650+00:00" endTime="2023-10-04T11:32:15.5452170+00:00" testType="13cdc9d9-ddb5-4fa4-a97d-d965ccfc6d4b" outcome="Passed" testListId="8c84fa94-04c1-424b-9868-57a2d4851a1d" relativeResultsDirectory="e9591c3b-eee7-4fe2-beeb-44aba51c8e4c" />
    <UnitTestResult executionId="6a84d71e-a8f4-4a68-8705-5dd2b2c62f5b" testId="cf5fb565-abce-cb01-897e-0f5212e7aeeb" testName="NoMatch" computerName="fv-az635-124" duration="00:00:00.0293384" startTime="2023-10-04T11:32:15.3039540+00:00" endTime="2023-10-04T11:32:15.5316730+00:00" testType="13cdc9d9-ddb5-4fa4-a97d-d965ccfc6d4b" outcome="Passed" testListId="8c84fa94-04c1-424b-9868-57a2d4851a1d" relativeResultsDirectory="6a84d71e-a8f4-4a68-8705-5dd2b2c62f5b" />
    <UnitTestResult executionId="1358bf05-0103-4d55-b93a-afb20bd70a67" testId="70b47c13-a465-4226-d5c7-a8b223a58c03" testName="REJECTED2" computerName="fv-az635-124" duration="00:00:00.0000125" startTime="2023-10-04T11:32:15.5658710+00:00" endTime="2023-10-04T11:32:15.5669740+00:00" testType="13cdc9d9-ddb5-4fa4-a97d-d965ccfc6d4b" outcome="Passed" testListId="8c84fa94-04c1-424b-9868-57a2d4851a1d" relativeResultsDirectory="1358bf05-0103-4d55-b93a-afb20bd70a67" />
    <UnitTestResult executionId="9eaf2aa7-feca-46f4-90d3-2c3f1277764c" testId="81ce7cc7-c11c-f72d-40b2-918e2610d155" testName="ShouldReturnNullWhenHostResponseCodeIsNull" computerName="fv-az635-124" duration="00:00:00.0000792" startTime="2023-10-04T11:32:16.6763340+00:00" endTime="2023-10-04T11:32:16.6771040+00:00" testType="13cdc9d9-ddb5-4fa4-a97d-d965ccfc6d4b" outcome="Passed" testListId="8c84fa94-04c1-424b-9868-57a2d4851a1d" relativeResultsDirectory="9eaf2aa7-feca-46f4-90d3-2c3f1277764c" />
    <UnitTestResult executionId="b60278fc-9354-44c2-ae15-7a297e3784c1" testId="cee64311-c3a3-36e2-29e0-c336e2c8c9bb" testName="ShouldGetStatus" computerName="fv-az635-124" duration="00:00:00.0083370" startTime="2023-10-04T11:32:16.5331130+00:00" endTime="2023-10-04T11:32:16.5424320+00:00" testType="13cdc9d9-ddb5-4fa4-a97d-d965ccfc6d4b" outcome="Passed" testListId="8c84fa94-04c1-424b-9868-57a2d4851a1d" relativeResultsDirectory="b60278fc-9354-44c2-ae15-7a297e3784c1" />
  </Results>
  <TestDefinitions>
    <UnitTest name="ShouldCancelTransaction" storage="/home/vsts/work/1/s/payment.smartpay.bureau/src/tests/bin/release/net48/optimis.payment.smartpaybureau.tests.dll" id="77d88c57-7546-91c6-2ac0-f2e485837b94">
      <TestCategory>
        <TestCategoryItem TestCategory="Interesting" />
      </TestCategory>
      <Execution id="9d417b4c-067c-4fbb-9022-42e40740a60c" />
      <TestMethod codeBase="/home/vsts/work/1/s/payment.smartpay.bureau/src/Tests/bin/Release/net48/Optimis.Payment.SmartPayBureau.Tests.dll" adapterTypeName="executor://mstestadapter/v2" className="Optimis.Payment.SmartPayBureau.Tests.ActionTests.CancelTests" name="ShouldCancelTransaction" />
    </UnitTest>
    <UnitTest name="ShouldReturnStatusUnknownAndAMessageWhenProviderResponseIsNull" storage="/home/vsts/work/1/s/payment.smartpay.bureau/src/tests/bin/release/net48/optimis.payment.smartpaybureau.tests.dll" id="a70a19ba-1b6e-12f7-fa00-2c945790e66d">
      <TestCategory>
        <TestCategoryItem TestCategory="BoilerPlate" />
      </TestCategory>
      <Execution id="3dcbf370-32ca-4e9d-9adb-6347ff0b2711" />
      <TestMethod codeBase="/home/vsts/work/1/s/payment.smartpay.bureau/src/Tests/bin/Release/net48/Optimis.Payment.SmartPayBureau.Tests.dll" adapterTypeName="executor://mstestadapter/v2" className="Optimis.Payment.SmartPayBureau.Tests.ActionTests.StatusTests" name="ShouldReturnStatusUnknownAndAMessageWhenProviderResponseIsNull" />
    </UnitTest>
    <UnitTest name="SubsequentPaymentsOfARecurringSeries" storage="/home/vsts/work/1/s/payment.smartpay.bureau/src/tests/bin/release/net48/optimis.payment.smartpaybureau.tests.dll" id="aed45da8-83a2-691b-7538-1429950b27e0">
      <Execution id="1a2385b2-ca1f-49bc-912d-f0d111e3d2f0" />
      <TestMethod codeBase="/home/vsts/work/1/s/payment.smartpay.bureau/src/Tests/bin/Release/net48/Optimis.Payment.SmartPayBureau.Tests.dll" adapterTypeName="executor://mstestadapter/v2" className="Optimis.Payment.SmartPayBureau.Tests.ExtensionsTests+RecurringFrequencyTests+InstalmentPaymentTests" name="SubsequentPaymentsOfARecurringSeries" />
    </UnitTest>
    <UnitTest name="ShouldProcessRegisterCardRequest" storage="/home/vsts/work/1/s/payment.smartpay.bureau/src/tests/bin/release/net48/optimis.payment.smartpaybureau.tests.dll" id="ee202971-b172-ce95-4153-81705c9863f0">
      <TestCategory>
        <TestCategoryItem TestCategory="Interesting" />
      </TestCategory>
      <Execution id="5a0ecfe9-5940-4fec-9492-88a3b88d3b7a" />
      <TestMethod codeBase="/home/vsts/work/1/s/payment.smartpay.bureau/src/Tests/bin/Release/net48/Optimis.Payment.SmartPayBureau.Tests.dll" adapterTypeName="executor://mstestadapter/v2" className="Optimis.Payment.SmartPayBureau.Tests.ActionTests.RegisterCardTests" name="ShouldProcessRegisterCardRequest" />
    </UnitTest>
    <UnitTest name="ShouldReturnStatusUnknownAndMessagesWhenRequestFailsValidation" storage="/home/vsts/work/1/s/payment.smartpay.bureau/src/tests/bin/release/net48/optimis.payment.smartpaybureau.tests.dll" id="fdfb1a8a-03c0-c004-80b1-15cb51a9925a">
      <TestCategory>
        <TestCategoryItem TestCategory="BoilerPlate" />
      </TestCategory>
      <Execution id="8e909b7b-ebe2-419e-8981-1825fae111ee" />
      <TestMethod codeBase="/home/vsts/work/1/s/payment.smartpay.bureau/src/Tests/bin/Release/net48/Optimis.Payment.SmartPayBureau.Tests.dll" adapterTypeName="executor://mstestadapter/v2" className="Optimis.Payment.SmartPayBureau.Tests.ActionTests.CaptureTests" name="ShouldReturnStatusUnknownAndMessagesWhenRequestFailsValidation" />
    </UnitTest>
    <UnitTest name="ShouldReturnEmptyListWhenObjectIsNotAWebPaymentResponse" storage="/home/vsts/work/1/s/payment.smartpay.bureau/src/tests/bin/release/net48/optimis.payment.smartpaybureau.tests.dll" id="f42c7cc5-2a3c-853c-5950-c1a90130d310">
      <Execution id="19f28c0b-41d3-45d2-b206-12341931c538" />
      <TestMethod codeBase="/home/vsts/work/1/s/payment.smartpay.bureau/src/Tests/bin/Release/net48/Optimis.Payment.SmartPayBureau.Tests.dll" adapterTypeName="executor://mstestadapter/v2" className="Optimis.Payment.SmartPayBureau.Tests.ResponseFieldExtractorTests" name="ShouldReturnEmptyListWhenObjectIsNotAWebPaymentResponse" />
    </UnitTest>
    <UnitTest name="ShouldThrowOptimisExceptionWhenProfileIsNotFound" storage="/home/vsts/work/1/s/payment.smartpay.bureau/src/tests/bin/release/net48/optimis.payment.smartpaybureau.tests.dll" id="897aab27-2851-7abf-2094-16ddb472f792">
      <Execution id="21f4569e-6dfe-4396-9b8b-60425575154c" />
      <TestMethod codeBase="/home/vsts/work/1/s/payment.smartpay.bureau/src/Tests/bin/Release/net48/Optimis.Payment.SmartPayBureau.Tests.dll" adapterTypeName="executor://mstestadapter/v2" className="Optimis.Payment.SmartPayBureau.Tests.ActionTests.CancelTests" name="ShouldThrowOptimisExceptionWhenProfileIsNotFound" />
    </UnitTest>
    <UnitTest name="CHALLENGE_V2" storage="/home/vsts/work/1/s/payment.smartpay.bureau/src/tests/bin/release/net48/optimis.payment.smartpaybureau.tests.dll" id="92bb55e1-400e-074f-a777-9f930d360b73">
      <Execution id="6b66f0c3-e3d0-4fb9-9af5-447b3e5d77a3" />
      <TestMethod codeBase="/home/vsts/work/1/s/payment.smartpay.bureau/src/Tests/bin/Release/net48/Optimis.Payment.SmartPayBureau.Tests.dll" adapterTypeName="executor://mstestadapter/v2" className="Optimis.Payment.SmartPayBureau.Tests.ExtensionsTests" name="ShouldReturnCorrectExternalAuthStatusFromResponse" />
    </UnitTest>
    <UnitTest name="NoMatch" storage="/home/vsts/work/1/s/payment.smartpay.bureau/src/tests/bin/release/net48/optimis.payment.smartpaybureau.tests.dll" id="cf5fb565-abce-cb01-897e-0f5212e7aeeb">
      <Execution id="6a84d71e-a8f4-4a68-8705-5dd2b2c62f5b" />
      <TestMethod codeBase="/home/vsts/work/1/s/payment.smartpay.bureau/src/Tests/bin/Release/net48/Optimis.Payment.SmartPayBureau.Tests.dll" adapterTypeName="executor://mstestadapter/v2" className="Optimis.Payment.SmartPayBureau.Tests.ExtensionsTests" name="ShouldReturnCorrectExternalAuthStatusFromResponse" />
    </UnitTest>
    <UnitTest name="ShouldReturnTheCorrectCountryDiallingCode (ITA,39)" storage="/home/vsts/work/1/s/payment.smartpay.bureau/src/tests/bin/release/net48/optimis.payment.smartpaybureau.tests.dll" id="324d4a31-7176-fbdd-5c3c-c7acd24cb06e">
      <Execution id="08c20459-4a1e-474d-83b0-f9b7a559324c" />
      <TestMethod codeBase="/home/vsts/work/1/s/payment.smartpay.bureau/src/Tests/bin/Release/net48/Optimis.Payment.SmartPayBureau.Tests.dll" adapterTypeName="executor://mstestadapter/v2" className="Optimis.Payment.SmartPayBureau.Tests.ExtensionsTests" name="ShouldReturnTheCorrectCountryDiallingCode" />
    </UnitTest>
    <UnitTest name="ShouldLeaveOnlyNumbers (,)" storage="/home/vsts/work/1/s/payment.smartpay.bureau/src/tests/bin/release/net48/optimis.payment.smartpaybureau.tests.dll" id="d5216fe9-fa5a-5d23-fdd7-178e43d8e62c">
      <Execution id="3fede2b8-065e-492e-8890-6a6eb35c6316" />
      <TestMethod codeBase="/home/vsts/work/1/s/payment.smartpay.bureau/src/Tests/bin/Release/net48/Optimis.Payment.SmartPayBureau.Tests.dll" adapterTypeName="executor://mstestadapter/v2" className="Optimis.Payment.SmartPayBureau.Tests.ExtensionsTests" name="ShouldLeaveOnlyNumbers" />
    </UnitTest>
    <UnitTest name="ShouldReturnStatusUnknownAndAMessageWhenProviderResponseBodyIsNull" storage="/home/vsts/work/1/s/payment.smartpay.bureau/src/tests/bin/release/net48/optimis.payment.smartpaybureau.tests.dll" id="dfe0ae2f-b595-710d-0282-818b37e150a4">
      <TestCategory>
        <TestCategoryItem TestCategory="Interesting" />
      </TestCategory>
      <Execution id="784ebe87-2f0c-4b1c-a1ce-7579696d6444" />
      <TestMethod codeBase="/home/vsts/work/1/s/payment.smartpay.bureau/src/Tests/bin/Release/net48/Optimis.Payment.SmartPayBureau.Tests.dll" adapterTypeName="executor://mstestadapter/v2" className="Optimis.Payment.SmartPayBureau.Tests.ActionTests.CheckoutTests" name="ShouldReturnStatusUnknownAndAMessageWhenProviderResponseBodyIsNull" />
    </UnitTest>
    <UnitTest name="REJECTED" storage="/home/vsts/work/1/s/payment.smartpay.bureau/src/tests/bin/release/net48/optimis.payment.smartpaybureau.tests.dll" id="dd64f93f-fc1c-a776-b80e-1fcb8025e091">
      <Execution id="9b03fc2e-1b4a-4d74-bff2-1a144ad210bd" />
      <TestMethod codeBase="/home/vsts/work/1/s/payment.smartpay.bureau/src/Tests/bin/Release/net48/Optimis.Payment.SmartPayBureau.Tests.dll" adapterTypeName="executor://mstestadapter/v2" className="Optimis.Payment.SmartPayBureau.Tests.ExtensionsTests" name="ShouldReturnCorrectExternalAuthStatusFromResponse" />
    </UnitTest>
    <UnitTest name="ShouldReturnTheCorrectCountryDiallingCode (GBR,44)" storage="/home/vsts/work/1/s/payment.smartpay.bureau/src/tests/bin/release/net48/optimis.payment.smartpaybureau.tests.dll" id="1177111d-d5cc-6841-9c56-0380d96e62d9">
      <Execution id="7727fe49-981c-494b-ae30-289fbd2f0548" />
      <TestMethod codeBase="/home/vsts/work/1/s/payment.smartpay.bureau/src/Tests/bin/Release/net48/Optimis.Payment.SmartPayBureau.Tests.dll" adapterTypeName="executor://mstestadapter/v2" className="Optimis.Payment.SmartPayBureau.Tests.ExtensionsTests" name="ShouldReturnTheCorrectCountryDiallingCode" />
    </UnitTest>
    <UnitTest name="ShouldThrowOperationCanceledIfCancellationRequested" storage="/home/vsts/work/1/s/payment.smartpay.bureau/src/tests/bin/release/net48/optimis.payment.smartpaybureau.tests.dll" id="8a19cc13-e9ae-fab0-9fcf-bab61bab3f54">
      <TestCategory>
        <TestCategoryItem TestCategory="BoilerPlate" />
      </TestCategory>
      <Execution id="294b405e-a86f-4e5f-9378-7ffaf4467a95" />
      <TestMethod codeBase="/home/vsts/work/1/s/payment.smartpay.bureau/src/Tests/bin/Release/net48/Optimis.Payment.SmartPayBureau.Tests.dll" adapterTypeName="executor://mstestadapter/v2" className="Optimis.Payment.SmartPayBureau.Tests.ActionTests.ForgetCardTests" name="ShouldThrowOperationCanceledIfCancellationRequested" />
    </UnitTest>
    <UnitTest name="ShouldSetTheTransactionReferenceWhenLegacyTransactionNumberIsNotNull" storage="/home/vsts/work/1/s/payment.smartpay.bureau/src/tests/bin/release/net48/optimis.payment.smartpaybureau.tests.dll" id="a927a4f6-fdeb-731f-afab-563abd3fb8fc">
      <Execution id="801450ed-c670-48e0-886d-61b2e45290a3" />
      <TestMethod codeBase="/home/vsts/work/1/s/payment.smartpay.bureau/src/Tests/bin/Release/net48/Optimis.Payment.SmartPayBureau.Tests.dll" adapterTypeName="executor://mstestadapter/v2" className="Optimis.Payment.SmartPayBureau.Tests.ActionTests.CaptureTests" name="ShouldSetTheTransactionReferenceWhenLegacyTransactionNumberIsNotNull" />
    </UnitTest>
    <UnitTest name="ShouldReturnCorrectTransactionStatus (CAPTURED,CompleteCaptured,Optimis.SmartPayBureau.Client.error[])" storage="/home/vsts/work/1/s/payment.smartpay.bureau/src/tests/bin/release/net48/optimis.payment.smartpaybureau.tests.dll" id="ff7bc51f-96f8-8b43-a95f-5510620589ca">
      <Execution id="7bcada5b-e505-4093-81ee-f52d75efeeb9" />
      <TestMethod codeBase="/home/vsts/work/1/s/payment.smartpay.bureau/src/Tests/bin/Release/net48/Optimis.Payment.SmartPayBureau.Tests.dll" adapterTypeName="executor://mstestadapter/v2" className="Optimis.Payment.SmartPayBureau.Tests.ExtensionsTests+TransactionStatusTests" name="ShouldReturnCorrectTransactionStatus" />
    </UnitTest>
    <UnitTest name="ShouldReturnCorrectTransactionStatus (GATHER_BROWSER_INFO,AwaitingUserInput,Optimis.SmartPayBureau.Client.error[])" storage="/home/vsts/work/1/s/payment.smartpay.bureau/src/tests/bin/release/net48/optimis.payment.smartpaybureau.tests.dll" id="8ded2231-f6e8-f413-4369-b06100f2e149">
      <Execution id="42ddce3b-6ed7-4f0c-afd8-4bb911312daf" />
      <TestMethod codeBase="/home/vsts/work/1/s/payment.smartpay.bureau/src/Tests/bin/Release/net48/Optimis.Payment.SmartPayBureau.Tests.dll" adapterTypeName="executor://mstestadapter/v2" className="Optimis.Payment.SmartPayBureau.Tests.ExtensionsTests+TransactionStatusTests" name="ShouldReturnCorrectTransactionStatus" />
    </UnitTest>
    <UnitTest name="ShouldReturnStatusUnknownAndAMessageWhenProviderResponseBodyIsNull" storage="/home/vsts/work/1/s/payment.smartpay.bureau/src/tests/bin/release/net48/optimis.payment.smartpaybureau.tests.dll" id="e7afd072-de89-718d-e806-5a4abe0ba67d">
      <TestCategory>
        <TestCategoryItem TestCategory="BoilerPlate" />
      </TestCategory>
      <Execution id="e5cae373-86f5-4229-914a-526fb126fa86" />
      <TestMethod codeBase="/home/vsts/work/1/s/payment.smartpay.bureau/src/Tests/bin/Release/net48/Optimis.Payment.SmartPayBureau.Tests.dll" adapterTypeName="executor://mstestadapter/v2" className="Optimis.Payment.SmartPayBureau.Tests.ActionTests.RefundTests" name="ShouldReturnStatusUnknownAndAMessageWhenProviderResponseBodyIsNull" />
    </UnitTest>
    <UnitTest name="ShouldReturnStatusUnknownAndMessagesWhenRequestFailsValidation" storage="/home/vsts/work/1/s/payment.smartpay.bureau/src/tests/bin/release/net48/optimis.payment.smartpaybureau.tests.dll" id="8b568998-aa4a-e6fc-5842-0df3b2a98adc">
      <TestCategory>
        <TestCategoryItem TestCategory="BoilerPlate" />
      </TestCategory>
      <Execution id="37ca72af-0a7c-4d78-9f70-2b5be1224cd7" />
      <TestMethod codeBase="/home/vsts/work/1/s/payment.smartpay.bureau/src/Tests/bin/Release/net48/Optimis.Payment.SmartPayBureau.Tests.dll" adapterTypeName="executor://mstestadapter/v2" className="Optimis.Payment.SmartPayBureau.Tests.ActionTests.RefundTests" name="ShouldReturnStatusUnknownAndMessagesWhenRequestFailsValidation" />
    </UnitTest>
    <UnitTest name="ShouldReturnTheCorrectCountryDiallingCode (,)" storage="/home/vsts/work/1/s/payment.smartpay.bureau/src/tests/bin/release/net48/optimis.payment.smartpaybureau.tests.dll" id="b586de7d-1e4f-5d7d-fede-ffaaade982bb">
      <Execution id="63cc3595-1e0a-4e53-92fc-109af4afdd47" />
      <TestMethod codeBase="/home/vsts/work/1/s/payment.smartpay.bureau/src/Tests/bin/Release/net48/Optimis.Payment.SmartPayBureau.Tests.dll" adapterTypeName="executor://mstestadapter/v2" className="Optimis.Payment.SmartPayBureau.Tests.ExtensionsTests" name="ShouldReturnTheCorrectCountryDiallingCode" />
    </UnitTest>
    <UnitTest name="ShouldReturnCorrectWindowSize (Small,WINDOW_SIZE_250_400)" storage="/home/vsts/work/1/s/payment.smartpay.bureau/src/tests/bin/release/net48/optimis.payment.smartpaybureau.tests.dll" id="bdf832c7-4b1b-46ba-108c-24820aecab6c">
      <Execution id="1c944049-8d85-405e-a3e2-f7323538611e" />
      <TestMethod codeBase="/home/vsts/work/1/s/payment.smartpay.bureau/src/Tests/bin/Release/net48/Optimis.Payment.SmartPayBureau.Tests.dll" adapterTypeName="executor://mstestadapter/v2" className="Optimis.Payment.SmartPayBureau.Tests.ExtensionsTests" name="ShouldReturnCorrectWindowSize" />
    </UnitTest>
    <UnitTest name="ShouldReturnStatusUnknownAndAMessageWhenProviderResponseIsNull" storage="/home/vsts/work/1/s/payment.smartpay.bureau/src/tests/bin/release/net48/optimis.payment.smartpaybureau.tests.dll" id="f68ddeb3-7789-1eb2-6afe-d1fb5899993a">
      <TestCategory>
        <TestCategoryItem TestCategory="Interesting" />
      </TestCategory>
      <Execution id="ffb591cd-c315-4068-858f-80aa2fcc4c26" />
      <TestMethod codeBase="/home/vsts/work/1/s/payment.smartpay.bureau/src/Tests/bin/Release/net48/Optimis.Payment.SmartPayBureau.Tests.dll" adapterTypeName="executor://mstestadapter/v2" className="Optimis.Payment.SmartPayBureau.Tests.ActionTests.CancelTests" name="ShouldReturnStatusUnknownAndAMessageWhenProviderResponseIsNull" />
    </UnitTest>
    <UnitTest name="ShouldReturnMessagesWhenObjectIsAWebPaymentResponse" storage="/home/vsts/work/1/s/payment.smartpay.bureau/src/tests/bin/release/net48/optimis.payment.smartpaybureau.tests.dll" id="d0f1b942-6143-e709-c747-a266749b886a">
      <Execution id="d1cb0871-b712-44e2-9e11-f4361f4629de" />
      <TestMethod codeBase="/home/vsts/work/1/s/payment.smartpay.bureau/src/Tests/bin/Release/net48/Optimis.Payment.SmartPayBureau.Tests.dll" adapterTypeName="executor://mstestadapter/v2" className="Optimis.Payment.SmartPayBureau.Tests.ResponseFieldExtractorTests" name="ShouldReturnMessagesWhenObjectIsAWebPaymentResponse" />
    </UnitTest>
    <UnitTest name="ShouldReturnStatusCompleteFailedAndAMessageWhenProviderReturnsErrors" storage="/home/vsts/work/1/s/payment.smartpay.bureau/src/tests/bin/release/net48/optimis.payment.smartpaybureau.tests.dll" id="44ed7928-74b7-0b2f-f164-272f13015bab">
      <TestCategory>
        <TestCategoryItem TestCategory="BoilerPlate" />
      </TestCategory>
      <Execution id="5cb43971-2508-402d-bd0b-711bc249bcca" />
      <TestMethod codeBase="/home/vsts/work/1/s/payment.smartpay.bureau/src/Tests/bin/Release/net48/Optimis.Payment.SmartPayBureau.Tests.dll" adapterTypeName="executor://mstestadapter/v2" className="Optimis.Payment.SmartPayBureau.Tests.ActionTests.CancelTests" name="ShouldReturnStatusCompleteFailedAndAMessageWhenProviderReturnsErrors" />
    </UnitTest>
    <UnitTest name="Correct Params, Invalid HMAC" storage="/home/vsts/work/1/s/payment.smartpay.bureau/src/tests/bin/release/net48/optimis.payment.smartpaybureau.tests.dll" id="ea8ddf2c-7695-9758-f2f1-63406c0eeacd">
      <TestCategory>
        <TestCategoryItem TestCategory="Interesting" />
      </TestCategory>
      <Execution id="1b81aa04-ccee-4504-afe3-48ba85cafb25" />
      <TestMethod codeBase="/home/vsts/work/1/s/payment.smartpay.bureau/src/Tests/bin/Release/net48/Optimis.Payment.SmartPayBureau.Tests.dll" adapterTypeName="executor://mstestadapter/v2" className="Optimis.Payment.SmartPayBureau.Tests.ActionTests.VerifyCallbackTests" name="ShouldReturnInvalidResponseWithMessagesWhenUriIsIncorrectFormat" />
    </UnitTest>
    <UnitTest name="ShouldReturnStatusUnknownAndAMessageWhenProviderReturnsErrors" storage="/home/vsts/work/1/s/payment.smartpay.bureau/src/tests/bin/release/net48/optimis.payment.smartpaybureau.tests.dll" id="cbf58ec5-b9d6-b6ad-56eb-d316267b70ef">
      <TestCategory>
        <TestCategoryItem TestCategory="BoilerPlate" />
      </TestCategory>
      <Execution id="4d229210-a147-4dab-bf6d-5aecec25f538" />
      <TestMethod codeBase="/home/vsts/work/1/s/payment.smartpay.bureau/src/Tests/bin/Release/net48/Optimis.Payment.SmartPayBureau.Tests.dll" adapterTypeName="executor://mstestadapter/v2" className="Optimis.Payment.SmartPayBureau.Tests.ActionTests.RefundTests" name="ShouldReturnStatusUnknownAndAMessageWhenProviderReturnsErrors" />
    </UnitTest>
    <UnitTest name="ShouldStandAloneRefund" storage="/home/vsts/work/1/s/payment.smartpay.bureau/src/tests/bin/release/net48/optimis.payment.smartpaybureau.tests.dll" id="7d0b294a-d739-d1b1-4ed8-632afb6c2797">
      <TestCategory>
        <TestCategoryItem TestCategory="Interesting" />
      </TestCategory>
      <Execution id="62441b83-6737-48ef-840f-92818aeec680" />
      <TestMethod codeBase="/home/vsts/work/1/s/payment.smartpay.bureau/src/Tests/bin/Release/net48/Optimis.Payment.SmartPayBureau.Tests.dll" adapterTypeName="executor://mstestadapter/v2" className="Optimis.Payment.SmartPayBureau.Tests.ActionTests.RefundTests" name="ShouldStandAloneRefund" />
    </UnitTest>
    <UnitTest name="ShouldReturnTheCorrectCountryDiallingCode (NON,)" storage="/home/vsts/work/1/s/payment.smartpay.bureau/src/tests/bin/release/net48/optimis.payment.smartpaybureau.tests.dll" id="b5e314ea-39c4-91c7-4d8e-cf6e2fc20fc0">
      <Execution id="3b1dc998-ef05-4335-baf3-c1cbcec94ea8" />
      <TestMethod codeBase="/home/vsts/work/1/s/payment.smartpay.bureau/src/Tests/bin/Release/net48/Optimis.Payment.SmartPayBureau.Tests.dll" adapterTypeName="executor://mstestadapter/v2" className="Optimis.Payment.SmartPayBureau.Tests.ExtensionsTests" name="ShouldReturnTheCorrectCountryDiallingCode" />
    </UnitTest>
    <UnitTest name="NULL url" storage="/home/vsts/work/1/s/payment.smartpay.bureau/src/tests/bin/release/net48/optimis.payment.smartpaybureau.tests.dll" id="d1961d8c-ff91-ed5b-2daa-ea7911098b62">
      <TestCategory>
        <TestCategoryItem TestCategory="Interesting" />
      </TestCategory>
      <Execution id="9a7b6314-0e42-416b-a3ca-729e255f13ac" />
      <TestMethod codeBase="/home/vsts/work/1/s/payment.smartpay.bureau/src/Tests/bin/Release/net48/Optimis.Payment.SmartPayBureau.Tests.dll" adapterTypeName="executor://mstestadapter/v2" className="Optimis.Payment.SmartPayBureau.Tests.ActionTests.VerifyCallbackTests" name="ShouldReturnInvalidResponseWithMessagesWhenUriIsIncorrectFormat" />
    </UnitTest>
    <UnitTest name="ShouldThrowOptimisExceptionWhenProfileIsNotFound" storage="/home/vsts/work/1/s/payment.smartpay.bureau/src/tests/bin/release/net48/optimis.payment.smartpaybureau.tests.dll" id="5aa5ea04-6bfa-51ef-b206-a607967dfccc">
      <Execution id="402552e4-eb47-493b-98ed-9b45cac3063e" />
      <TestMethod codeBase="/home/vsts/work/1/s/payment.smartpay.bureau/src/Tests/bin/Release/net48/Optimis.Payment.SmartPayBureau.Tests.dll" adapterTypeName="executor://mstestadapter/v2" className="Optimis.Payment.SmartPayBureau.Tests.ActionTests.VerifyCallbackTests" name="ShouldThrowOptimisExceptionWhenProfileIsNotFound" />
    </UnitTest>
    <UnitTest name="ShouldReturnOneMessageOnEmptyResponseExceptResponseField" storage="/home/vsts/work/1/s/payment.smartpay.bureau/src/tests/bin/release/net48/optimis.payment.smartpaybureau.tests.dll" id="1ccd7017-60fd-89cf-dd0d-9e555ce49f9f">
      <Execution id="c0155db7-af6f-449f-a298-9c50fb3e086c" />
      <TestMethod codeBase="/home/vsts/work/1/s/payment.smartpay.bureau/src/Tests/bin/Release/net48/Optimis.Payment.SmartPayBureau.Tests.dll" adapterTypeName="executor://mstestadapter/v2" className="Optimis.Payment.SmartPayBureau.Tests.MessageExtractionTests" name="ShouldReturnOneMessageOnEmptyResponseExceptResponseField" />
    </UnitTest>
    <UnitTest name="ShouldReturnCorrectTransactionStatus (FAIL,CompleteFailed,Optimis.SmartPayBureau.Client.error[])" storage="/home/vsts/work/1/s/payment.smartpay.bureau/src/tests/bin/release/net48/optimis.payment.smartpaybureau.tests.dll" id="9801fb59-c57e-5801-2fe7-0d635dc7d934">
      <Execution id="f47f8d93-20aa-4757-9444-3f4ceaa2d05a" />
      <TestMethod codeBase="/home/vsts/work/1/s/payment.smartpay.bureau/src/Tests/bin/Release/net48/Optimis.Payment.SmartPayBureau.Tests.dll" adapterTypeName="executor://mstestadapter/v2" className="Optimis.Payment.SmartPayBureau.Tests.ExtensionsTests+TransactionStatusTests" name="ShouldReturnCorrectTransactionStatus" />
    </UnitTest>
    <UnitTest name="ShouldReturnCorrectTransactionStatus (CARD_DETAILS,AwaitingUserInput,Optimis.SmartPayBureau.Client.error[])" storage="/home/vsts/work/1/s/payment.smartpay.bureau/src/tests/bin/release/net48/optimis.payment.smartpaybureau.tests.dll" id="ef50a747-b633-a32d-55bb-d79f6dcd20b2">
      <Execution id="00d61cea-98b8-45b9-b542-9e080183a145" />
      <TestMethod codeBase="/home/vsts/work/1/s/payment.smartpay.bureau/src/Tests/bin/Release/net48/Optimis.Payment.SmartPayBureau.Tests.dll" adapterTypeName="executor://mstestadapter/v2" className="Optimis.Payment.SmartPayBureau.Tests.ExtensionsTests+TransactionStatusTests" name="ShouldReturnCorrectTransactionStatus" />
    </UnitTest>
    <UnitTest name="Incorrect format for Transaction Number" storage="/home/vsts/work/1/s/payment.smartpay.bureau/src/tests/bin/release/net48/optimis.payment.smartpaybureau.tests.dll" id="39bb32bc-3a25-a743-bd59-6e02864ae828">
      <TestCategory>
        <TestCategoryItem TestCategory="Interesting" />
      </TestCategory>
      <Execution id="7949d569-97fe-4fdc-8754-6992e425c5c3" />
      <TestMethod codeBase="/home/vsts/work/1/s/payment.smartpay.bureau/src/Tests/bin/Release/net48/Optimis.Payment.SmartPayBureau.Tests.dll" adapterTypeName="executor://mstestadapter/v2" className="Optimis.Payment.SmartPayBureau.Tests.ActionTests.VerifyCallbackTests" name="ShouldReturnInvalidResponseWithMessagesWhenUriIsIncorrectFormat" />
    </UnitTest>
    <UnitTest name="ShouldReturnCorrectTransactionStatus (PAYPAL,AwaitingUserInput,Optimis.SmartPayBureau.Client.error[])" storage="/home/vsts/work/1/s/payment.smartpay.bureau/src/tests/bin/release/net48/optimis.payment.smartpaybureau.tests.dll" id="d731cb6d-8c14-5265-20f3-68193a8390a2">
      <Execution id="6e5740a4-3e36-47f2-aa03-aad2bdf10d46" />
      <TestMethod codeBase="/home/vsts/work/1/s/payment.smartpay.bureau/src/Tests/bin/Release/net48/Optimis.Payment.SmartPayBureau.Tests.dll" adapterTypeName="executor://mstestadapter/v2" className="Optimis.Payment.SmartPayBureau.Tests.ExtensionsTests+TransactionStatusTests" name="ShouldReturnCorrectTransactionStatus" />
    </UnitTest>
    <UnitTest name="Correct Params, Invalid HMAC, with other params" storage="/home/vsts/work/1/s/payment.smartpay.bureau/src/tests/bin/release/net48/optimis.payment.smartpaybureau.tests.dll" id="0ed4bcc1-7723-170d-d3e0-27feb4c8b890">
      <TestCategory>
        <TestCategoryItem TestCategory="Interesting" />
      </TestCategory>
      <Execution id="706da2d4-e082-4be9-beab-8c0cbb195e61" />
      <TestMethod codeBase="/home/vsts/work/1/s/payment.smartpay.bureau/src/Tests/bin/Release/net48/Optimis.Payment.SmartPayBureau.Tests.dll" adapterTypeName="executor://mstestadapter/v2" className="Optimis.Payment.SmartPayBureau.Tests.ActionTests.VerifyCallbackTests" name="ShouldReturnInvalidResponseWithMessagesWhenUriIsIncorrectFormat" />
    </UnitTest>
    <UnitTest name="ShouldExtractCardVerificationMessages" storage="/home/vsts/work/1/s/payment.smartpay.bureau/src/tests/bin/release/net48/optimis.payment.smartpaybureau.tests.dll" id="4602236f-5e84-9cd8-f274-cd453b8666fe">
      <Execution id="199882b7-c44c-41d5-8bf1-ca78162c6e9c" />
      <TestMethod codeBase="/home/vsts/work/1/s/payment.smartpay.bureau/src/Tests/bin/Release/net48/Optimis.Payment.SmartPayBureau.Tests.dll" adapterTypeName="executor://mstestadapter/v2" className="Optimis.Payment.SmartPayBureau.Tests.MessageExtractionTests" name="ShouldExtractCardVerificationMessages" />
    </UnitTest>
    <UnitTest name="ShouldThrowOperationCanceledIfCancellationRequested" storage="/home/vsts/work/1/s/payment.smartpay.bureau/src/tests/bin/release/net48/optimis.payment.smartpaybureau.tests.dll" id="8add659f-8989-50f0-f434-c1eb8881ce15">
      <TestCategory>
        <TestCategoryItem TestCategory="BoilerPlate" />
      </TestCategory>
      <Execution id="08e8ad65-c03f-4b38-b80e-2943a2c50750" />
      <TestMethod codeBase="/home/vsts/work/1/s/payment.smartpay.bureau/src/Tests/bin/Release/net48/Optimis.Payment.SmartPayBureau.Tests.dll" adapterTypeName="executor://mstestadapter/v2" className="Optimis.Payment.SmartPayBureau.Tests.ActionTests.VerifyCallbackTests" name="ShouldThrowOperationCanceledIfCancellationRequested" />
    </UnitTest>
    <UnitTest name="YYYY-MM format" storage="/home/vsts/work/1/s/payment.smartpay.bureau/src/tests/bin/release/net48/optimis.payment.smartpaybureau.tests.dll" id="d87e6aab-b88f-8865-9562-b6a2d3f29df4">
      <Execution id="b12e4ee0-b0e3-4c3b-8fb3-863fdfd0dcda" />
      <TestMethod codeBase="/home/vsts/work/1/s/payment.smartpay.bureau/src/Tests/bin/Release/net48/Optimis.Payment.SmartPayBureau.Tests.dll" adapterTypeName="executor://mstestadapter/v2" className="Optimis.Payment.SmartPayBureau.Tests.ExtensionsTests" name="ShouldGetMonthFromExpiryString" />
    </UnitTest>
    <UnitTest name="ShouldLeaveOnlyNumbers (,)" storage="/home/vsts/work/1/s/payment.smartpay.bureau/src/tests/bin/release/net48/optimis.payment.smartpaybureau.tests.dll" id="3f8bceb8-f634-7014-46bd-047108d5185f">
      <Execution id="287cbb6c-54af-4f76-a908-a6779e66a0ca" />
      <TestMethod codeBase="/home/vsts/work/1/s/payment.smartpay.bureau/src/Tests/bin/Release/net48/Optimis.Payment.SmartPayBureau.Tests.dll" adapterTypeName="executor://mstestadapter/v2" className="Optimis.Payment.SmartPayBureau.Tests.ExtensionsTests" name="ShouldLeaveOnlyNumbers" />
    </UnitTest>
    <UnitTest name="ShouldExtractRefundMessages" storage="/home/vsts/work/1/s/payment.smartpay.bureau/src/tests/bin/release/net48/optimis.payment.smartpaybureau.tests.dll" id="e7d8c60a-a78e-021e-f338-d6871015868e">
      <Execution id="fb91ba1e-f278-476a-b7e4-8d76af051851" />
      <TestMethod codeBase="/home/vsts/work/1/s/payment.smartpay.bureau/src/Tests/bin/Release/net48/Optimis.Payment.SmartPayBureau.Tests.dll" adapterTypeName="executor://mstestadapter/v2" className="Optimis.Payment.SmartPayBureau.Tests.MessageExtractionTests" name="ShouldExtractRefundMessages" />
    </UnitTest>
    <UnitTest name="AUTHENTICATION_ATTEMPTED" storage="/home/vsts/work/1/s/payment.smartpay.bureau/src/tests/bin/release/net48/optimis.payment.smartpaybureau.tests.dll" id="3548b906-5c85-78c4-ba18-778275e8ba1d">
      <Execution id="210efb91-4dac-4696-aa2b-ba76cc10f18f" />
      <TestMethod codeBase="/home/vsts/work/1/s/payment.smartpay.bureau/src/Tests/bin/Release/net48/Optimis.Payment.SmartPayBureau.Tests.dll" adapterTypeName="executor://mstestadapter/v2" className="Optimis.Payment.SmartPayBureau.Tests.ExtensionsTests" name="ShouldReturnCorrectExternalAuthStatusFromResponse" />
    </UnitTest>
    <UnitTest name="ShouldFallbackGenericMessageWhenHostMessageNotSetButCodeIsAndISOMessageIsNotFound" storage="/home/vsts/work/1/s/payment.smartpay.bureau/src/tests/bin/release/net48/optimis.payment.smartpaybureau.tests.dll" id="d82b5ce2-5ccf-4bd2-d2ea-5ea4b83e5c13">
      <Execution id="e89fea4e-033b-4870-8348-1cb70bbdde6e" />
      <TestMethod codeBase="/home/vsts/work/1/s/payment.smartpay.bureau/src/Tests/bin/Release/net48/Optimis.Payment.SmartPayBureau.Tests.dll" adapterTypeName="executor://mstestadapter/v2" className="Optimis.Payment.SmartPayBureau.Tests.ExtensionsTests+ResponseDescriptionTests" name="ShouldFallbackGenericMessageWhenHostMessageNotSetButCodeIsAndISOMessageIsNotFound" />
    </UnitTest>
    <UnitTest name="ShouldThrowArgumentNullForSigner" storage="/home/vsts/work/1/s/payment.smartpay.bureau/src/tests/bin/release/net48/optimis.payment.smartpaybureau.tests.dll" id="8d3b298b-66dc-3d75-500a-925aa4ea8ff0">
      <Execution id="17ca82a9-97ae-4a3a-8b32-80d8ba149e8e" />
      <TestMethod codeBase="/home/vsts/work/1/s/payment.smartpay.bureau/src/Tests/bin/Release/net48/Optimis.Payment.SmartPayBureau.Tests.dll" adapterTypeName="executor://mstestadapter/v2" className="Optimis.Payment.SmartPayBureau.Tests.ProviderTests+CTor" name="ShouldThrowArgumentNullForSigner" />
    </UnitTest>
    <UnitTest name="WPAY-8 Card Info" storage="/home/vsts/work/1/s/payment.smartpay.bureau/src/tests/bin/release/net48/optimis.payment.smartpaybureau.tests.dll" id="657d1624-3e31-b7a4-86e1-b2905ca4dd45">
      <TestCategory>
        <TestCategoryItem TestCategory="Interesting" />
      </TestCategory>
      <Execution id="f9904bff-6278-4da4-8a38-040ba08aabd8" />
      <TestMethod codeBase="/home/vsts/work/1/s/payment.smartpay.bureau/src/Tests/bin/Release/net48/Optimis.Payment.SmartPayBureau.Tests.dll" adapterTypeName="executor://mstestadapter/v2" className="Optimis.Payment.SmartPayBureau.Tests.ActionTests.StatusTests" name="ShouldSetStatusAndAddMessagesWhenCertainErrorsOccur" />
    </UnitTest>
    <UnitTest name="ShouldReturnStatusUnknownAndMessagesWhenRequestFailsValidation" storage="/home/vsts/work/1/s/payment.smartpay.bureau/src/tests/bin/release/net48/optimis.payment.smartpaybureau.tests.dll" id="91a2a5f4-16b1-86b6-5e98-1e343e2a8b12">
      <TestCategory>
        <TestCategoryItem TestCategory="BoilerPlate" />
      </TestCategory>
      <Execution id="34e7aa2f-7b5c-489b-ba5f-7f7593b366e4" />
      <TestMethod codeBase="/home/vsts/work/1/s/payment.smartpay.bureau/src/Tests/bin/Release/net48/Optimis.Payment.SmartPayBureau.Tests.dll" adapterTypeName="executor://mstestadapter/v2" className="Optimis.Payment.SmartPayBureau.Tests.ActionTests.CancelTests" name="ShouldReturnStatusUnknownAndMessagesWhenRequestFailsValidation" />
    </UnitTest>
    <UnitTest name="ShouldReturnCorrectTransactionStatus (COMPLETED,CompleteCaptured,Optimis.SmartPayBureau.Client.error[])" storage="/home/vsts/work/1/s/payment.smartpay.bureau/src/tests/bin/release/net48/optimis.payment.smartpaybureau.tests.dll" id="a01e612e-fa38-1aa7-dec6-c704fb1ebbec">
      <Execution id="44b41727-1645-4ff1-a7ce-4e85307ebeb2" />
      <TestMethod codeBase="/home/vsts/work/1/s/payment.smartpay.bureau/src/Tests/bin/Release/net48/Optimis.Payment.SmartPayBureau.Tests.dll" adapterTypeName="executor://mstestadapter/v2" className="Optimis.Payment.SmartPayBureau.Tests.ExtensionsTests+TransactionStatusTests" name="ShouldReturnCorrectTransactionStatus" />
    </UnitTest>
    <UnitTest name="NOT_ENROLLED_V1_V2" storage="/home/vsts/work/1/s/payment.smartpay.bureau/src/tests/bin/release/net48/optimis.payment.smartpaybureau.tests.dll" id="edaca9e8-b563-259f-cf5b-d16e71917a5d">
      <Execution id="b5ed6718-5886-440f-b600-69f872b1405f" />
      <TestMethod codeBase="/home/vsts/work/1/s/payment.smartpay.bureau/src/Tests/bin/Release/net48/Optimis.Payment.SmartPayBureau.Tests.dll" adapterTypeName="executor://mstestadapter/v2" className="Optimis.Payment.SmartPayBureau.Tests.ExtensionsTests" name="ShouldReturnCorrectExternalAuthStatusFromResponse" />
    </UnitTest>
    <UnitTest name="ShouldLeaveOnlyNumbers (_+123^&amp;%$,123)" storage="/home/vsts/work/1/s/payment.smartpay.bureau/src/tests/bin/release/net48/optimis.payment.smartpaybureau.tests.dll" id="6418872a-cf52-2479-ca3f-3648cfcf0064">
      <Execution id="4bc02387-c0d1-4bc5-b433-e734a048f725" />
      <TestMethod codeBase="/home/vsts/work/1/s/payment.smartpay.bureau/src/Tests/bin/Release/net48/Optimis.Payment.SmartPayBureau.Tests.dll" adapterTypeName="executor://mstestadapter/v2" className="Optimis.Payment.SmartPayBureau.Tests.ExtensionsTests" name="ShouldLeaveOnlyNumbers" />
    </UnitTest>
    <UnitTest name="ShouldLeaveOnlyNumbers (ABC123,123)" storage="/home/vsts/work/1/s/payment.smartpay.bureau/src/tests/bin/release/net48/optimis.payment.smartpaybureau.tests.dll" id="72696739-a554-3542-506c-2bf484c9604c">
      <Execution id="993af70f-17f3-49d8-af6b-5927ce276110" />
      <TestMethod codeBase="/home/vsts/work/1/s/payment.smartpay.bureau/src/Tests/bin/Release/net48/Optimis.Payment.SmartPayBureau.Tests.dll" adapterTypeName="executor://mstestadapter/v2" className="Optimis.Payment.SmartPayBureau.Tests.ExtensionsTests" name="ShouldLeaveOnlyNumbers" />
    </UnitTest>
    <UnitTest name="ShouldReturnCorrectTransactionStatus (PAYMENT_CHOICE,AwaitingUserInput,Optimis.SmartPayBureau.Client.error[])" storage="/home/vsts/work/1/s/payment.smartpay.bureau/src/tests/bin/release/net48/optimis.payment.smartpaybureau.tests.dll" id="ab28ccf6-333d-b4aa-d447-f56c9db347dc">
      <Execution id="ab1fd446-307d-427f-bf62-3fb17af2e668" />
      <TestMethod codeBase="/home/vsts/work/1/s/payment.smartpay.bureau/src/Tests/bin/Release/net48/Optimis.Payment.SmartPayBureau.Tests.dll" adapterTypeName="executor://mstestadapter/v2" className="Optimis.Payment.SmartPayBureau.Tests.ExtensionsTests+TransactionStatusTests" name="ShouldReturnCorrectTransactionStatus" />
    </UnitTest>
    <UnitTest name="ShouldSetTheTrxRefWhenLegacyTransactionNumberIsNull" storage="/home/vsts/work/1/s/payment.smartpay.bureau/src/tests/bin/release/net48/optimis.payment.smartpaybureau.tests.dll" id="349bb34e-f1aa-9612-d7c2-c1cc0a194215">
      <Execution id="29c2e08c-bb74-42a3-957b-47e929742086" />
      <TestMethod codeBase="/home/vsts/work/1/s/payment.smartpay.bureau/src/Tests/bin/Release/net48/Optimis.Payment.SmartPayBureau.Tests.dll" adapterTypeName="executor://mstestadapter/v2" className="Optimis.Payment.SmartPayBureau.Tests.ActionTests.StatusTests" name="ShouldSetTheTrxRefWhenLegacyTransactionNumberIsNull" />
    </UnitTest>
    <UnitTest name="ShouldThrowArgumentNullForValidator" storage="/home/vsts/work/1/s/payment.smartpay.bureau/src/tests/bin/release/net48/optimis.payment.smartpaybureau.tests.dll" id="05c642ea-f6ad-dfe9-586e-5db97a6e034c">
      <Execution id="8e3ca42c-b2cd-4c63-b1fd-8a0932ccd8dd" />
      <TestMethod codeBase="/home/vsts/work/1/s/payment.smartpay.bureau/src/Tests/bin/Release/net48/Optimis.Payment.SmartPayBureau.Tests.dll" adapterTypeName="executor://mstestadapter/v2" className="Optimis.Payment.SmartPayBureau.Tests.ProviderTests+CTor" name="ShouldThrowArgumentNullForValidator" />
    </UnitTest>
    <UnitTest name="SubsequentPaymentsOfARecurringSeries" storage="/home/vsts/work/1/s/payment.smartpay.bureau/src/tests/bin/release/net48/optimis.payment.smartpaybureau.tests.dll" id="0ac78b68-dffb-02b2-4fc2-b7bf7c5b4d4f">
      <Execution id="18a014a5-bed8-4fa9-8522-eee34a3a967f" />
      <TestMethod codeBase="/home/vsts/work/1/s/payment.smartpay.bureau/src/Tests/bin/Release/net48/Optimis.Payment.SmartPayBureau.Tests.dll" adapterTypeName="executor://mstestadapter/v2" className="Optimis.Payment.SmartPayBureau.Tests.ExtensionsTests+RecurringFrequencyTests+RecurringPaymentTests" name="SubsequentPaymentsOfARecurringSeries" />
    </UnitTest>
    <UnitTest name="FirstPaymentOfAnInstallmentPlan" storage="/home/vsts/work/1/s/payment.smartpay.bureau/src/tests/bin/release/net48/optimis.payment.smartpaybureau.tests.dll" id="82a86977-5dd9-47db-085d-325fef4b70a7">
      <Execution id="cbcb7150-9154-4cb4-a1a9-b7e540f1e561" />
      <TestMethod codeBase="/home/vsts/work/1/s/payment.smartpay.bureau/src/Tests/bin/Release/net48/Optimis.Payment.SmartPayBureau.Tests.dll" adapterTypeName="executor://mstestadapter/v2" className="Optimis.Payment.SmartPayBureau.Tests.ExtensionsTests+RecurringFrequencyTests+InstalmentPaymentTests" name="FirstPaymentOfAnInstallmentPlan" />
    </UnitTest>
    <UnitTest name="ShouldReturnStatusUnknownAndMessagesWhenRequestFailsValidation" storage="/home/vsts/work/1/s/payment.smartpay.bureau/src/tests/bin/release/net48/optimis.payment.smartpaybureau.tests.dll" id="c315f05c-f93c-cce8-24f4-d7732cc89d41">
      <TestCategory>
        <TestCategoryItem TestCategory="BoilerPlate" />
      </TestCategory>
      <Execution id="db7d802c-a0b5-41a9-8dde-901440095394" />
      <TestMethod codeBase="/home/vsts/work/1/s/payment.smartpay.bureau/src/Tests/bin/Release/net48/Optimis.Payment.SmartPayBureau.Tests.dll" adapterTypeName="executor://mstestadapter/v2" className="Optimis.Payment.SmartPayBureau.Tests.ActionTests.VerifyCallbackTests" name="ShouldReturnStatusUnknownAndMessagesWhenRequestFailsValidation" />
    </UnitTest>
    <UnitTest name="ShouldReturnValidResponseWithTransactionDetailWhenUriIsValidated" storage="/home/vsts/work/1/s/payment.smartpay.bureau/src/tests/bin/release/net48/optimis.payment.smartpaybureau.tests.dll" id="71b74b19-0efa-ddcd-605c-640d7b3f3c81">
      <TestCategory>
        <TestCategoryItem TestCategory="Interesting" />
      </TestCategory>
      <Execution id="6afac90a-796e-402b-91f3-9470911300d0" />
      <TestMethod codeBase="/home/vsts/work/1/s/payment.smartpay.bureau/src/Tests/bin/Release/net48/Optimis.Payment.SmartPayBureau.Tests.dll" adapterTypeName="executor://mstestadapter/v2" className="Optimis.Payment.SmartPayBureau.Tests.ActionTests.VerifyCallbackTests" name="ShouldReturnValidResponseWithTransactionDetailWhenUriIsValidated" />
    </UnitTest>
    <UnitTest name="ShouldThrowArgumentNullForMessageExtractor" storage="/home/vsts/work/1/s/payment.smartpay.bureau/src/tests/bin/release/net48/optimis.payment.smartpaybureau.tests.dll" id="c3de3e0e-d882-22a3-b644-0383a90e3cb7">
      <Execution id="9b12ab1f-b285-43e6-923c-ca2ea6a54177" />
      <TestMethod codeBase="/home/vsts/work/1/s/payment.smartpay.bureau/src/Tests/bin/Release/net48/Optimis.Payment.SmartPayBureau.Tests.dll" adapterTypeName="executor://mstestadapter/v2" className="Optimis.Payment.SmartPayBureau.Tests.ProviderTests+CTor" name="ShouldThrowArgumentNullForMessageExtractor" />
    </UnitTest>
    <UnitTest name="ShouldThrowArgumentNullWhenRequestIsNull" storage="/home/vsts/work/1/s/payment.smartpay.bureau/src/tests/bin/release/net48/optimis.payment.smartpaybureau.tests.dll" id="22d45d7c-261c-a3ed-c9ba-05d4b8217242">
      <TestCategory>
        <TestCategoryItem TestCategory="BoilerPlate" />
      </TestCategory>
      <Execution id="eb8e2541-a008-46b4-876d-78fd8597af5b" />
      <TestMethod codeBase="/home/vsts/work/1/s/payment.smartpay.bureau/src/Tests/bin/Release/net48/Optimis.Payment.SmartPayBureau.Tests.dll" adapterTypeName="executor://mstestadapter/v2" className="Optimis.Payment.SmartPayBureau.Tests.ActionTests.ForgetCardTests" name="ShouldThrowArgumentNullWhenRequestIsNull" />
    </UnitTest>
    <UnitTest name="ShouldReturnCorrectTransactionStatus (BLOCKED,CompleteFailed,Optimis.SmartPayBureau.Client.error[])" storage="/home/vsts/work/1/s/payment.smartpay.bureau/src/tests/bin/release/net48/optimis.payment.smartpaybureau.tests.dll" id="7f021ba4-ce47-c759-0e9a-e85913d720db">
      <Execution id="c8c636c5-8d1a-40d1-9b20-65d968042613" />
      <TestMethod codeBase="/home/vsts/work/1/s/payment.smartpay.bureau/src/Tests/bin/Release/net48/Optimis.Payment.SmartPayBureau.Tests.dll" adapterTypeName="executor://mstestadapter/v2" className="Optimis.Payment.SmartPayBureau.Tests.ExtensionsTests+TransactionStatusTests" name="ShouldReturnCorrectTransactionStatus" />
    </UnitTest>
    <UnitTest name="WPAY-9 Card Declined" storage="/home/vsts/work/1/s/payment.smartpay.bureau/src/tests/bin/release/net48/optimis.payment.smartpaybureau.tests.dll" id="f380e459-0611-dbc0-e0a0-1ca3194b0111">
      <TestCategory>
        <TestCategoryItem TestCategory="Interesting" />
      </TestCategory>
      <Execution id="51f2c4b5-2387-4e91-9dc7-aeaca2f7732f" />
      <TestMethod codeBase="/home/vsts/work/1/s/payment.smartpay.bureau/src/Tests/bin/Release/net48/Optimis.Payment.SmartPayBureau.Tests.dll" adapterTypeName="executor://mstestadapter/v2" className="Optimis.Payment.SmartPayBureau.Tests.ActionTests.VerifyCallbackTests" name="ShouldSetStatusAndAddMessagesWhenCertainErrorsOccur" />
    </UnitTest>
    <UnitTest name="ShouldGetStatus" storage="/home/vsts/work/1/s/payment.smartpay.bureau/src/tests/bin/release/net48/optimis.payment.smartpaybureau.tests.dll" id="cee64311-c3a3-36e2-29e0-c336e2c8c9bb">
      <TestCategory>
        <TestCategoryItem TestCategory="Interesting" />
      </TestCategory>
      <Execution id="b60278fc-9354-44c2-ae15-7a297e3784c1" />
      <TestMethod codeBase="/home/vsts/work/1/s/payment.smartpay.bureau/src/Tests/bin/Release/net48/Optimis.Payment.SmartPayBureau.Tests.dll" adapterTypeName="executor://mstestadapter/v2" className="Optimis.Payment.SmartPayBureau.Tests.ActionTests.StatusTests" name="ShouldGetStatus" />
    </UnitTest>
    <UnitTest name="ShouldThrowArgumentNullWhenRequestIsNull" storage="/home/vsts/work/1/s/payment.smartpay.bureau/src/tests/bin/release/net48/optimis.payment.smartpaybureau.tests.dll" id="2ab0e3ad-daef-2497-fc12-efdc78e834e5">
      <TestCategory>
        <TestCategoryItem TestCategory="BoilerPlate" />
      </TestCategory>
      <Execution id="7861cb92-9c02-4eb5-b1d2-4b6d6dacf5a0" />
      <TestMethod codeBase="/home/vsts/work/1/s/payment.smartpay.bureau/src/Tests/bin/Release/net48/Optimis.Payment.SmartPayBureau.Tests.dll" adapterTypeName="executor://mstestadapter/v2" className="Optimis.Payment.SmartPayBureau.Tests.ActionTests.CheckoutTests" name="ShouldThrowArgumentNullWhenRequestIsNull" />
    </UnitTest>
    <UnitTest name="MM-YYYY format" storage="/home/vsts/work/1/s/payment.smartpay.bureau/src/tests/bin/release/net48/optimis.payment.smartpaybureau.tests.dll" id="1c4d3a17-98ad-9f7c-8132-6929c6e96385">
      <Execution id="048fba24-2f70-4ea6-9a1d-91288de47c14" />
      <TestMethod codeBase="/home/vsts/work/1/s/payment.smartpay.bureau/src/Tests/bin/Release/net48/Optimis.Payment.SmartPayBureau.Tests.dll" adapterTypeName="executor://mstestadapter/v2" className="Optimis.Payment.SmartPayBureau.Tests.ExtensionsTests" name="ShouldGetMonthFromExpiryString" />
    </UnitTest>
    <UnitTest name="ShouldReturnOneMessageOnEmptyResponse" storage="/home/vsts/work/1/s/payment.smartpay.bureau/src/tests/bin/release/net48/optimis.payment.smartpaybureau.tests.dll" id="05910a97-fa9a-c3c7-2578-d3b1a3cbc2a0">
      <Execution id="de9746f3-4c23-4ff3-9c0e-1bb8ae319840" />
      <TestMethod codeBase="/home/vsts/work/1/s/payment.smartpay.bureau/src/Tests/bin/Release/net48/Optimis.Payment.SmartPayBureau.Tests.dll" adapterTypeName="executor://mstestadapter/v2" className="Optimis.Payment.SmartPayBureau.Tests.MessageExtractionTests" name="ShouldReturnOneMessageOnEmptyResponse" />
    </UnitTest>
    <UnitTest name="ShouldExtractErrorMessages" storage="/home/vsts/work/1/s/payment.smartpay.bureau/src/tests/bin/release/net48/optimis.payment.smartpaybureau.tests.dll" id="9310dba4-9950-11c6-2796-11498a681546">
      <Execution id="6032ba1f-29c5-4944-a232-3ab185cd37d5" />
      <TestMethod codeBase="/home/vsts/work/1/s/payment.smartpay.bureau/src/Tests/bin/Release/net48/Optimis.Payment.SmartPayBureau.Tests.dll" adapterTypeName="executor://mstestadapter/v2" className="Optimis.Payment.SmartPayBureau.Tests.MessageExtractionTests" name="ShouldExtractErrorMessages" />
    </UnitTest>
    <UnitTest name="ShouldForgetCard" storage="/home/vsts/work/1/s/payment.smartpay.bureau/src/tests/bin/release/net48/optimis.payment.smartpaybureau.tests.dll" id="1470dc2f-2837-0db2-86ba-cbf170e3a57a">
      <TestCategory>
        <TestCategoryItem TestCategory="Interesting" />
      </TestCategory>
      <Execution id="448dcdb4-d013-42fe-903d-50b802d615b0" />
      <TestMethod codeBase="/home/vsts/work/1/s/payment.smartpay.bureau/src/Tests/bin/Release/net48/Optimis.Payment.SmartPayBureau.Tests.dll" adapterTypeName="executor://mstestadapter/v2" className="Optimis.Payment.SmartPayBureau.Tests.ActionTests.ForgetCardTests" name="ShouldForgetCard" />
    </UnitTest>
    <UnitTest name="AttributeShouldReturnCorrectStatusForCountryCode (JPN,True)" storage="/home/vsts/work/1/s/payment.smartpay.bureau/src/tests/bin/release/net48/optimis.payment.smartpaybureau.tests.dll" id="d2e83fa4-7367-d690-7680-4ac979e36eec">
      <Execution id="898b7660-1c8d-4b9e-b9c9-8b2e4bdea0d1" />
      <TestMethod codeBase="/home/vsts/work/1/s/payment.smartpay.bureau/src/Tests/bin/Release/net48/Optimis.Payment.SmartPayBureau.Tests.dll" adapterTypeName="executor://mstestadapter/v2" className="Optimis.Payment.SmartPayBureau.Tests.ExtensionsTests+CountryCodeTests" name="AttributeShouldReturnCorrectStatusForCountryCode" />
    </UnitTest>
    <UnitTest name="ShouldReturnCorrectTransactionStatus (BEFORE_AUTHORISATION,AwaitingCompletion,Optimis.SmartPayBureau.Client.error[])" storage="/home/vsts/work/1/s/payment.smartpay.bureau/src/tests/bin/release/net48/optimis.payment.smartpaybureau.tests.dll" id="df03ff3a-952d-b1df-79d2-b9f5051fb6a4">
      <Execution id="6f752d98-1a5f-4a2c-9bf4-1321ae1c35a4" />
      <TestMethod codeBase="/home/vsts/work/1/s/payment.smartpay.bureau/src/Tests/bin/Release/net48/Optimis.Payment.SmartPayBureau.Tests.dll" adapterTypeName="executor://mstestadapter/v2" className="Optimis.Payment.SmartPayBureau.Tests.ExtensionsTests+TransactionStatusTests" name="ShouldReturnCorrectTransactionStatus" />
    </UnitTest>
    <UnitTest name="REJECTED2" storage="/home/vsts/work/1/s/payment.smartpay.bureau/src/tests/bin/release/net48/optimis.payment.smartpaybureau.tests.dll" id="70b47c13-a465-4226-d5c7-a8b223a58c03">
      <Execution id="1358bf05-0103-4d55-b93a-afb20bd70a67" />
      <TestMethod codeBase="/home/vsts/work/1/s/payment.smartpay.bureau/src/Tests/bin/Release/net48/Optimis.Payment.SmartPayBureau.Tests.dll" adapterTypeName="executor://mstestadapter/v2" className="Optimis.Payment.SmartPayBureau.Tests.ExtensionsTests" name="ShouldReturnCorrectExternalAuthStatusFromResponse" />
    </UnitTest>
    <UnitTest name="ShouldReturnStatusUnknownAndAMessageWhenProviderResponseIsNull" storage="/home/vsts/work/1/s/payment.smartpay.bureau/src/tests/bin/release/net48/optimis.payment.smartpaybureau.tests.dll" id="0f4db286-3c61-ca8c-739c-00f6d7453f01">
      <TestCategory>
        <TestCategoryItem TestCategory="BoilerPlate" />
      </TestCategory>
      <Execution id="3868a66f-5636-4142-ba1b-4419c81a9301" />
      <TestMethod codeBase="/home/vsts/work/1/s/payment.smartpay.bureau/src/Tests/bin/Release/net48/Optimis.Payment.SmartPayBureau.Tests.dll" adapterTypeName="executor://mstestadapter/v2" className="Optimis.Payment.SmartPayBureau.Tests.ActionTests.RefundTests" name="ShouldReturnStatusUnknownAndAMessageWhenProviderResponseIsNull" />
    </UnitTest>
    <UnitTest name="ShouldLeaveOnlyNumbers (ABC,)" storage="/home/vsts/work/1/s/payment.smartpay.bureau/src/tests/bin/release/net48/optimis.payment.smartpaybureau.tests.dll" id="c462a7d9-488b-8a13-9f6c-c52e1d87b658">
      <Execution id="b256dae2-a47d-430f-b34c-a2d41a750cd0" />
      <TestMethod codeBase="/home/vsts/work/1/s/payment.smartpay.bureau/src/Tests/bin/Release/net48/Optimis.Payment.SmartPayBureau.Tests.dll" adapterTypeName="executor://mstestadapter/v2" className="Optimis.Payment.SmartPayBureau.Tests.ExtensionsTests" name="ShouldLeaveOnlyNumbers" />
    </UnitTest>
    <UnitTest name="ShouldSetTheTrxRefWhenLegacyTransactionNumberIsNull" storage="/home/vsts/work/1/s/payment.smartpay.bureau/src/tests/bin/release/net48/optimis.payment.smartpaybureau.tests.dll" id="6ead0c04-6414-f232-01d4-bd3b87df66eb">
      <Execution id="8ec062e5-a775-4844-9e96-eeebca78fd81" />
      <TestMethod codeBase="/home/vsts/work/1/s/payment.smartpay.bureau/src/Tests/bin/Release/net48/Optimis.Payment.SmartPayBureau.Tests.dll" adapterTypeName="executor://mstestadapter/v2" className="Optimis.Payment.SmartPayBureau.Tests.ActionTests.CaptureTests" name="ShouldSetTheTrxRefWhenLegacyTransactionNumberIsNull" />
    </UnitTest>
    <UnitTest name="ShouldReturnStatusUnknownAndMessagesWhenRequestFailsValidation" storage="/home/vsts/work/1/s/payment.smartpay.bureau/src/tests/bin/release/net48/optimis.payment.smartpaybureau.tests.dll" id="cbf66374-bebb-b061-6514-5370d9651490">
      <TestCategory>
        <TestCategoryItem TestCategory="Interesting" />
      </TestCategory>
      <Execution id="a71be8ff-f8a4-41cc-9516-033cddfff7f7" />
      <TestMethod codeBase="/home/vsts/work/1/s/payment.smartpay.bureau/src/Tests/bin/Release/net48/Optimis.Payment.SmartPayBureau.Tests.dll" adapterTypeName="executor://mstestadapter/v2" className="Optimis.Payment.SmartPayBureau.Tests.ActionTests.RegisterCardTests" name="ShouldReturnStatusUnknownAndMessagesWhenRequestFailsValidation" />
    </UnitTest>
    <UnitTest name="ShouldThrowArgumentNullForServiceContract" storage="/home/vsts/work/1/s/payment.smartpay.bureau/src/tests/bin/release/net48/optimis.payment.smartpaybureau.tests.dll" id="14a75706-78d9-5245-a1e5-40328647eb94">
      <Execution id="e2f3645c-bf90-41b7-b70f-33ffc91b0523" />
      <TestMethod codeBase="/home/vsts/work/1/s/payment.smartpay.bureau/src/Tests/bin/Release/net48/Optimis.Payment.SmartPayBureau.Tests.dll" adapterTypeName="executor://mstestadapter/v2" className="Optimis.Payment.SmartPayBureau.Tests.ProviderTests+CTor" name="ShouldThrowArgumentNullForServiceContract" />
    </UnitTest>
    <UnitTest name="AUTHENTICATION_UNAVAILABLE" storage="/home/vsts/work/1/s/payment.smartpay.bureau/src/tests/bin/release/net48/optimis.payment.smartpaybureau.tests.dll" id="03b63410-9ef7-d8b9-b08c-0822217ba785">
      <Execution id="875d83bf-9fa3-48b9-b58b-8c393517b270" />
      <TestMethod codeBase="/home/vsts/work/1/s/payment.smartpay.bureau/src/Tests/bin/Release/net48/Optimis.Payment.SmartPayBureau.Tests.dll" adapterTypeName="executor://mstestadapter/v2" className="Optimis.Payment.SmartPayBureau.Tests.ExtensionsTests" name="ShouldReturnCorrectExternalAuthStatusFromResponse" />
    </UnitTest>
    <UnitTest name="ShouldFallbackToISOMessageWhenHostMessageNotSetButCodeIs" storage="/home/vsts/work/1/s/payment.smartpay.bureau/src/tests/bin/release/net48/optimis.payment.smartpaybureau.tests.dll" id="878e5a41-635c-e2d9-b932-afc9b2fdfeee">
      <Execution id="f59d2f82-d23f-49af-b2fa-290bfbf1f399" />
      <TestMethod codeBase="/home/vsts/work/1/s/payment.smartpay.bureau/src/Tests/bin/Release/net48/Optimis.Payment.SmartPayBureau.Tests.dll" adapterTypeName="executor://mstestadapter/v2" className="Optimis.Payment.SmartPayBureau.Tests.ExtensionsTests+ResponseDescriptionTests" name="ShouldFallbackToISOMessageWhenHostMessageNotSetButCodeIs" />
    </UnitTest>
    <UnitTest name="ShouldReturnStatusUnknownAndAMessageWhenProviderResponseBodyIsNull" storage="/home/vsts/work/1/s/payment.smartpay.bureau/src/tests/bin/release/net48/optimis.payment.smartpaybureau.tests.dll" id="4123c2f2-e7fa-2a00-d580-32a48077e3f0">
      <TestCategory>
        <TestCategoryItem TestCategory="BoilerPlate" />
      </TestCategory>
      <Execution id="8a3414f5-021a-4159-bc30-0f3d27d4142a" />
      <TestMethod codeBase="/home/vsts/work/1/s/payment.smartpay.bureau/src/Tests/bin/Release/net48/Optimis.Payment.SmartPayBureau.Tests.dll" adapterTypeName="executor://mstestadapter/v2" className="Optimis.Payment.SmartPayBureau.Tests.ActionTests.CancelTests" name="ShouldReturnStatusUnknownAndAMessageWhenProviderResponseBodyIsNull" />
    </UnitTest>
    <UnitTest name="ShouldReturnStatusUnknownAndMessagesWhenRequestFailsValidation" storage="/home/vsts/work/1/s/payment.smartpay.bureau/src/tests/bin/release/net48/optimis.payment.smartpaybureau.tests.dll" id="91dd6d48-f4f7-2180-7fe8-fa73445da9e6">
      <TestCategory>
        <TestCategoryItem TestCategory="BoilerPlate" />
      </TestCategory>
      <Execution id="aa7c6d5d-44a1-4481-b12a-2dd3d626702d" />
      <TestMethod codeBase="/home/vsts/work/1/s/payment.smartpay.bureau/src/Tests/bin/Release/net48/Optimis.Payment.SmartPayBureau.Tests.dll" adapterTypeName="executor://mstestadapter/v2" className="Optimis.Payment.SmartPayBureau.Tests.ActionTests.CheckoutTests" name="ShouldReturnStatusUnknownAndMessagesWhenRequestFailsValidation" />
    </UnitTest>
    <UnitTest name="ShouldReturnCorrectTransactionStatus (VERIFIED,CompleteCaptured,Optimis.SmartPayBureau.Client.error[])" storage="/home/vsts/work/1/s/payment.smartpay.bureau/src/tests/bin/release/net48/optimis.payment.smartpaybureau.tests.dll" id="e506aabf-a52c-3ffc-e7ce-9668498b5a6c">
      <Execution id="2d79e31e-c297-4abc-8850-b56ea9b01438" />
      <TestMethod codeBase="/home/vsts/work/1/s/payment.smartpay.bureau/src/Tests/bin/Release/net48/Optimis.Payment.SmartPayBureau.Tests.dll" adapterTypeName="executor://mstestadapter/v2" className="Optimis.Payment.SmartPayBureau.Tests.ExtensionsTests+TransactionStatusTests" name="ShouldReturnCorrectTransactionStatus" />
    </UnitTest>
    <UnitTest name="ShouldReturnStatusUnknownAndAMessageWhenProviderReturnsErrors" storage="/home/vsts/work/1/s/payment.smartpay.bureau/src/tests/bin/release/net48/optimis.payment.smartpaybureau.tests.dll" id="69be6d02-c0c4-bd3b-3757-35526cf9a713">
      <TestCategory>
        <TestCategoryItem TestCategory="Boilerplate" />
      </TestCategory>
      <Execution id="5c3e579b-5d51-4dd8-8bdc-0bb9c694aaae" />
      <TestMethod codeBase="/home/vsts/work/1/s/payment.smartpay.bureau/src/Tests/bin/Release/net48/Optimis.Payment.SmartPayBureau.Tests.dll" adapterTypeName="executor://mstestadapter/v2" className="Optimis.Payment.SmartPayBureau.Tests.ActionTests.CaptureTests" name="ShouldReturnStatusUnknownAndAMessageWhenProviderReturnsErrors" />
    </UnitTest>
    <UnitTest name="ShouldReturnCorrectTransactionStatus (DECLINED,CompleteFailed,Optimis.SmartPayBureau.Client.error[])" storage="/home/vsts/work/1/s/payment.smartpay.bureau/src/tests/bin/release/net48/optimis.payment.smartpaybureau.tests.dll" id="12124c31-87cb-74bb-6037-c6d2ed5968da">
      <Execution id="307a1b28-d84b-463d-a15f-bb59542fb67f" />
      <TestMethod codeBase="/home/vsts/work/1/s/payment.smartpay.bureau/src/Tests/bin/Release/net48/Optimis.Payment.SmartPayBureau.Tests.dll" adapterTypeName="executor://mstestadapter/v2" className="Optimis.Payment.SmartPayBureau.Tests.ExtensionsTests+TransactionStatusTests" name="ShouldReturnCorrectTransactionStatus" />
    </UnitTest>
    <UnitTest name="Correct Params, Invalid HMAC 3" storage="/home/vsts/work/1/s/payment.smartpay.bureau/src/tests/bin/release/net48/optimis.payment.smartpaybureau.tests.dll" id="0bdcc7fa-3eec-05f9-f64a-861f85e76da2">
      <TestCategory>
        <TestCategoryItem TestCategory="Interesting" />
      </TestCategory>
      <Execution id="c20f74dd-c08c-4ed9-8aa4-310e4ecd0eb6" />
      <TestMethod codeBase="/home/vsts/work/1/s/payment.smartpay.bureau/src/Tests/bin/Release/net48/Optimis.Payment.SmartPayBureau.Tests.dll" adapterTypeName="executor://mstestadapter/v2" className="Optimis.Payment.SmartPayBureau.Tests.ActionTests.VerifyCallbackTests" name="ShouldReturnInvalidResponseWithMessagesWhenUriIsIncorrectFormat" />
    </UnitTest>
    <UnitTest name="UserSelect" storage="/home/vsts/work/1/s/payment.smartpay.bureau/src/tests/bin/release/net48/optimis.payment.smartpaybureau.tests.dll" id="c4260e34-f7a3-5baa-8da6-3713fd88568d">
      <Execution id="7a6ffd35-8a87-4ca7-b45e-520501600a2c" />
      <TestMethod codeBase="/home/vsts/work/1/s/payment.smartpay.bureau/src/Tests/bin/Release/net48/Optimis.Payment.SmartPayBureau.Tests.dll" adapterTypeName="executor://mstestadapter/v2" className="Optimis.Payment.SmartPayBureau.Tests.ExtensionsTests" name="ShouldReturnTheCorrectPaymentMethod" />
    </UnitTest>
    <UnitTest name="AttributeShouldReturnCorrectStatusForCountryCode (TES,False)" storage="/home/vsts/work/1/s/payment.smartpay.bureau/src/tests/bin/release/net48/optimis.payment.smartpaybureau.tests.dll" id="5d88724a-8999-b949-3953-2d7b33250b9e">
      <Execution id="f976bdb1-2385-4fe3-bd35-a9a707b7fc66" />
      <TestMethod codeBase="/home/vsts/work/1/s/payment.smartpay.bureau/src/Tests/bin/Release/net48/Optimis.Payment.SmartPayBureau.Tests.dll" adapterTypeName="executor://mstestadapter/v2" className="Optimis.Payment.SmartPayBureau.Tests.ExtensionsTests+CountryCodeTests" name="AttributeShouldReturnCorrectStatusForCountryCode" />
    </UnitTest>
    <UnitTest name="ShouldThrowOptimisExceptionWhenProfileIsNotFound" storage="/home/vsts/work/1/s/payment.smartpay.bureau/src/tests/bin/release/net48/optimis.payment.smartpaybureau.tests.dll" id="32ca7776-2272-3ec7-56fa-26cd76582f66">
      <Execution id="6ed3ddc9-8176-4e71-a2ac-c60d0277c732" />
      <TestMethod codeBase="/home/vsts/work/1/s/payment.smartpay.bureau/src/Tests/bin/Release/net48/Optimis.Payment.SmartPayBureau.Tests.dll" adapterTypeName="executor://mstestadapter/v2" className="Optimis.Payment.SmartPayBureau.Tests.ActionTests.StatusTests" name="ShouldThrowOptimisExceptionWhenProfileIsNotFound" />
    </UnitTest>
    <UnitTest name="YYYY-MM format" storage="/home/vsts/work/1/s/payment.smartpay.bureau/src/tests/bin/release/net48/optimis.payment.smartpaybureau.tests.dll" id="25fa6c41-be47-c14c-41d4-3c03825fd3f4">
      <Execution id="21cd7a16-f6ee-44b8-88bc-4590d0d8d924" />
      <TestMethod codeBase="/home/vsts/work/1/s/payment.smartpay.bureau/src/Tests/bin/Release/net48/Optimis.Payment.SmartPayBureau.Tests.dll" adapterTypeName="executor://mstestadapter/v2" className="Optimis.Payment.SmartPayBureau.Tests.ExtensionsTests" name="ShouldGetYearFromExpiryString" />
    </UnitTest>
    <UnitTest name="ShouldExtractExternalAuthenticationMessages" storage="/home/vsts/work/1/s/payment.smartpay.bureau/src/tests/bin/release/net48/optimis.payment.smartpaybureau.tests.dll" id="b80c15af-170b-a892-0764-b38d87d02f36">
      <Execution id="4c277d2d-5ee6-46f2-a3e3-ffb3b5796b76" />
      <TestMethod codeBase="/home/vsts/work/1/s/payment.smartpay.bureau/src/Tests/bin/Release/net48/Optimis.Payment.SmartPayBureau.Tests.dll" adapterTypeName="executor://mstestadapter/v2" className="Optimis.Payment.SmartPayBureau.Tests.MessageExtractionTests" name="ShouldExtractExternalAuthenticationMessages" />
    </UnitTest>
    <UnitTest name="ShouldThrowArgumentNullWhenRequestIsNull" storage="/home/vsts/work/1/s/payment.smartpay.bureau/src/tests/bin/release/net48/optimis.payment.smartpaybureau.tests.dll" id="10b31d38-d28f-2084-de66-b26a285f9b7d">
      <TestCategory>
        <TestCategoryItem TestCategory="BoilerPlate" />
      </TestCategory>
      <Execution id="81fb7b1b-931a-4756-ac0b-f9e5b99bc389" />
      <TestMethod codeBase="/home/vsts/work/1/s/payment.smartpay.bureau/src/Tests/bin/Release/net48/Optimis.Payment.SmartPayBureau.Tests.dll" adapterTypeName="executor://mstestadapter/v2" className="Optimis.Payment.SmartPayBureau.Tests.ActionTests.StatusTests" name="ShouldThrowArgumentNullWhenRequestIsNull" />
    </UnitTest>
    <UnitTest name="ShouldReturnCorrectTransactionStatus (PENDING,AwaitingUserInput,Optimis.SmartPayBureau.Client.error[])" storage="/home/vsts/work/1/s/payment.smartpay.bureau/src/tests/bin/release/net48/optimis.payment.smartpaybureau.tests.dll" id="aa47d6b1-108d-99f5-94b2-59cb8f57d7a1">
      <Execution id="88e6f8f1-e451-41ed-a37b-1d2e661d0be0" />
      <TestMethod codeBase="/home/vsts/work/1/s/payment.smartpay.bureau/src/Tests/bin/Release/net48/Optimis.Payment.SmartPayBureau.Tests.dll" adapterTypeName="executor://mstestadapter/v2" className="Optimis.Payment.SmartPayBureau.Tests.ExtensionsTests+TransactionStatusTests" name="ShouldReturnCorrectTransactionStatus" />
    </UnitTest>
    <UnitTest name="UserSelect" storage="/home/vsts/work/1/s/payment.smartpay.bureau/src/tests/bin/release/net48/optimis.payment.smartpaybureau.tests.dll" id="e9a74811-31d4-9672-9479-8c8858c817d3">
      <Execution id="3e3605bf-c377-4d60-9ac4-ee59aac67da7" />
      <TestMethod codeBase="/home/vsts/work/1/s/payment.smartpay.bureau/src/Tests/bin/Release/net48/Optimis.Payment.SmartPayBureau.Tests.dll" adapterTypeName="executor://mstestadapter/v2" className="Optimis.Payment.SmartPayBureau.Tests.ExtensionsTests" name="ShouldReturnTheCorrectBPpaymentMethod" />
    </UnitTest>
    <UnitTest name="ShouldReturnNullIfRecurringDetailsIsNull" storage="/home/vsts/work/1/s/payment.smartpay.bureau/src/tests/bin/release/net48/optimis.payment.smartpaybureau.tests.dll" id="5c8d2149-8167-8423-9488-d66fb6f098ae">
      <Execution id="7d0ade89-00fd-4b82-8ae8-ec07951d680f" />
      <TestMethod codeBase="/home/vsts/work/1/s/payment.smartpay.bureau/src/Tests/bin/Release/net48/Optimis.Payment.SmartPayBureau.Tests.dll" adapterTypeName="executor://mstestadapter/v2" className="Optimis.Payment.SmartPayBureau.Tests.ExtensionsTests+RecurringFrequencyTests" name="ShouldReturnNullIfRecurringDetailsIsNull" />
    </UnitTest>
    <UnitTest name="ShouldReturnCorrectPeriod" storage="/home/vsts/work/1/s/payment.smartpay.bureau/src/tests/bin/release/net48/optimis.payment.smartpaybureau.tests.dll" id="f87a3c24-9fac-e0ac-0fbf-ceacf1607988">
      <Execution id="713c6212-539b-47c9-9a5f-f910f520ff3c" />
      <TestMethod codeBase="/home/vsts/work/1/s/payment.smartpay.bureau/src/Tests/bin/Release/net48/Optimis.Payment.SmartPayBureau.Tests.dll" adapterTypeName="executor://mstestadapter/v2" className="Optimis.Payment.SmartPayBureau.Tests.ExtensionsTests+RecurringFrequencyTests" name="ShouldReturnCorrectPeriod" />
    </UnitTest>
    <UnitTest name="ShouldPartialRefundTransaction" storage="/home/vsts/work/1/s/payment.smartpay.bureau/src/tests/bin/release/net48/optimis.payment.smartpaybureau.tests.dll" id="84d89ea2-8b19-c526-5db5-e0a510c98fdb">
      <TestCategory>
        <TestCategoryItem TestCategory="Interesting" />
      </TestCategory>
      <Execution id="d848a73e-ad57-454a-9d0a-1107426ce52a" />
      <TestMethod codeBase="/home/vsts/work/1/s/payment.smartpay.bureau/src/Tests/bin/Release/net48/Optimis.Payment.SmartPayBureau.Tests.dll" adapterTypeName="executor://mstestadapter/v2" className="Optimis.Payment.SmartPayBureau.Tests.ActionTests.RefundTests" name="ShouldPartialRefundTransaction" />
    </UnitTest>
    <UnitTest name="AUTHENTICATED" storage="/home/vsts/work/1/s/payment.smartpay.bureau/src/tests/bin/release/net48/optimis.payment.smartpaybureau.tests.dll" id="de85d904-22d1-2d53-5f95-378c27a3eaaf">
      <Execution id="a554d084-4ab3-4d32-9217-2f1a13781ae8" />
      <TestMethod codeBase="/home/vsts/work/1/s/payment.smartpay.bureau/src/Tests/bin/Release/net48/Optimis.Payment.SmartPayBureau.Tests.dll" adapterTypeName="executor://mstestadapter/v2" className="Optimis.Payment.SmartPayBureau.Tests.ExtensionsTests" name="ShouldReturnCorrectExternalAuthStatusFromResponse" />
    </UnitTest>
    <UnitTest name="FirstPaymentOfARecurringSeries" storage="/home/vsts/work/1/s/payment.smartpay.bureau/src/tests/bin/release/net48/optimis.payment.smartpaybureau.tests.dll" id="8497b7c2-a24e-6ddf-4b8f-a8f3875f4280">
      <Execution id="f01d2300-5a50-4bbf-81f9-4b635814f5b4" />
      <TestMethod codeBase="/home/vsts/work/1/s/payment.smartpay.bureau/src/Tests/bin/Release/net48/Optimis.Payment.SmartPayBureau.Tests.dll" adapterTypeName="executor://mstestadapter/v2" className="Optimis.Payment.SmartPayBureau.Tests.ExtensionsTests+RecurringFrequencyTests+RecurringPaymentTests" name="FirstPaymentOfARecurringSeries" />
    </UnitTest>
    <UnitTest name="Error" storage="/home/vsts/work/1/s/payment.smartpay.bureau/src/tests/bin/release/net48/optimis.payment.smartpaybureau.tests.dll" id="b6e63550-9bb5-f997-a2d4-6a4fc6f323fb">
      <Execution id="e9591c3b-eee7-4fe2-beeb-44aba51c8e4c" />
      <TestMethod codeBase="/home/vsts/work/1/s/payment.smartpay.bureau/src/Tests/bin/Release/net48/Optimis.Payment.SmartPayBureau.Tests.dll" adapterTypeName="executor://mstestadapter/v2" className="Optimis.Payment.SmartPayBureau.Tests.ExtensionsTests" name="ShouldReturnCorrectExternalAuthStatusFromResponse" />
    </UnitTest>
    <UnitTest name="Unknown" storage="/home/vsts/work/1/s/payment.smartpay.bureau/src/tests/bin/release/net48/optimis.payment.smartpaybureau.tests.dll" id="2774d99f-029c-beaa-521c-d281f716c662">
      <Execution id="d2a2fadd-19cb-42d2-b7b4-2712fc6f0098" />
      <TestMethod codeBase="/home/vsts/work/1/s/payment.smartpay.bureau/src/Tests/bin/Release/net48/Optimis.Payment.SmartPayBureau.Tests.dll" adapterTypeName="executor://mstestadapter/v2" className="Optimis.Payment.SmartPayBureau.Tests.ExtensionsTests" name="ShouldGetMonthFromExpiryString" />
    </UnitTest>
    <UnitTest name="ShouldReturnTheCorrectCountryDiallingCode (DNK,45)" storage="/home/vsts/work/1/s/payment.smartpay.bureau/src/tests/bin/release/net48/optimis.payment.smartpaybureau.tests.dll" id="3f0bd07c-b704-15ac-93f5-529d50da5776">
      <Execution id="5b0d9128-e6a9-4c2c-a395-4d3f08d46774" />
      <TestMethod codeBase="/home/vsts/work/1/s/payment.smartpay.bureau/src/Tests/bin/Release/net48/Optimis.Payment.SmartPayBureau.Tests.dll" adapterTypeName="executor://mstestadapter/v2" className="Optimis.Payment.SmartPayBureau.Tests.ExtensionsTests" name="ShouldReturnTheCorrectCountryDiallingCode" />
    </UnitTest>
    <UnitTest name="ShouldReturnStatusUnknownAndAMessageWhenProviderResponseBodyIsNull" storage="/home/vsts/work/1/s/payment.smartpay.bureau/src/tests/bin/release/net48/optimis.payment.smartpaybureau.tests.dll" id="56dcae10-cee1-63b2-fc6a-5c29901857df">
      <TestCategory>
        <TestCategoryItem TestCategory="BoilerPlate" />
      </TestCategory>
      <Execution id="5ed753dd-30c2-49da-9253-cd84f3708f92" />
      <TestMethod codeBase="/home/vsts/work/1/s/payment.smartpay.bureau/src/Tests/bin/Release/net48/Optimis.Payment.SmartPayBureau.Tests.dll" adapterTypeName="executor://mstestadapter/v2" className="Optimis.Payment.SmartPayBureau.Tests.ActionTests.VerifyCallbackTests" name="ShouldReturnStatusUnknownAndAMessageWhenProviderResponseBodyIsNull" />
    </UnitTest>
    <UnitTest name="ShouldThrowArgumentNullWhenRequestIsNull" storage="/home/vsts/work/1/s/payment.smartpay.bureau/src/tests/bin/release/net48/optimis.payment.smartpaybureau.tests.dll" id="b5326c58-8183-3bca-b0b9-e4b2c477934a">
      <TestCategory>
        <TestCategoryItem TestCategory="BoilerPlate" />
      </TestCategory>
      <Execution id="c99b78f9-f903-4bfa-9b90-7ec50f983528" />
      <TestMethod codeBase="/home/vsts/work/1/s/payment.smartpay.bureau/src/Tests/bin/Release/net48/Optimis.Payment.SmartPayBureau.Tests.dll" adapterTypeName="executor://mstestadapter/v2" className="Optimis.Payment.SmartPayBureau.Tests.ActionTests.VerifyCallbackTests" name="ShouldThrowArgumentNullWhenRequestIsNull" />
    </UnitTest>
    <UnitTest name="ShouldReturnStatusUnknownAndAMessageWhenProviderResponseBodyIsNull" storage="/home/vsts/work/1/s/payment.smartpay.bureau/src/tests/bin/release/net48/optimis.payment.smartpaybureau.tests.dll" id="de6429c0-23aa-7a4c-02b7-3f0d4e9a4b93">
      <TestCategory>
        <TestCategoryItem TestCategory="Boilerplate" />
      </TestCategory>
      <Execution id="876ed1f5-b073-457c-a396-de87d3752f88" />
      <TestMethod codeBase="/home/vsts/work/1/s/payment.smartpay.bureau/src/Tests/bin/Release/net48/Optimis.Payment.SmartPayBureau.Tests.dll" adapterTypeName="executor://mstestadapter/v2" className="Optimis.Payment.SmartPayBureau.Tests.ActionTests.CaptureTests" name="ShouldReturnStatusUnknownAndAMessageWhenProviderResponseBodyIsNull" />
    </UnitTest>
    <UnitTest name="FirstPaymentOfAnAdhocSeries" storage="/home/vsts/work/1/s/payment.smartpay.bureau/src/tests/bin/release/net48/optimis.payment.smartpaybureau.tests.dll" id="cee03e62-3045-b87e-b4a2-b5a05580eff1">
      <Execution id="739ce04b-2e18-4925-89e8-397ee2ab87ae" />
      <TestMethod codeBase="/home/vsts/work/1/s/payment.smartpay.bureau/src/Tests/bin/Release/net48/Optimis.Payment.SmartPayBureau.Tests.dll" adapterTypeName="executor://mstestadapter/v2" className="Optimis.Payment.SmartPayBureau.Tests.ExtensionsTests+RecurringFrequencyTests+AdHocPaymentDetailsTests" name="FirstPaymentOfAnAdhocSeries" />
    </UnitTest>
    <UnitTest name="Missing params" storage="/home/vsts/work/1/s/payment.smartpay.bureau/src/tests/bin/release/net48/optimis.payment.smartpaybureau.tests.dll" id="c6399e55-9948-0644-6584-89fe9bda36cf">
      <TestCategory>
        <TestCategoryItem TestCategory="Interesting" />
      </TestCategory>
      <Execution id="dadb9c26-27be-4074-b448-909a093fee3d" />
      <TestMethod codeBase="/home/vsts/work/1/s/payment.smartpay.bureau/src/Tests/bin/Release/net48/Optimis.Payment.SmartPayBureau.Tests.dll" adapterTypeName="executor://mstestadapter/v2" className="Optimis.Payment.SmartPayBureau.Tests.ActionTests.VerifyCallbackTests" name="ShouldReturnInvalidResponseWithMessagesWhenUriIsIncorrectFormat" />
    </UnitTest>
    <UnitTest name="ShouldReturnStatusUnknownAndMessagesWhenRequestFailsValidation" storage="/home/vsts/work/1/s/payment.smartpay.bureau/src/tests/bin/release/net48/optimis.payment.smartpaybureau.tests.dll" id="16b3b326-cc84-6c59-cca4-fcf99dce36ba">
      <TestCategory>
        <TestCategoryItem TestCategory="BoilerPlate" />
      </TestCategory>
      <Execution id="8e1fbc57-3b45-4892-8814-85592be5beef" />
      <TestMethod codeBase="/home/vsts/work/1/s/payment.smartpay.bureau/src/Tests/bin/Release/net48/Optimis.Payment.SmartPayBureau.Tests.dll" adapterTypeName="executor://mstestadapter/v2" className="Optimis.Payment.SmartPayBureau.Tests.ActionTests.StatusTests" name="ShouldReturnStatusUnknownAndMessagesWhenRequestFailsValidation" />
    </UnitTest>
    <UnitTest name="ShouldReturnTheCorrectCountryCodeFromaString (AFG,)" storage="/home/vsts/work/1/s/payment.smartpay.bureau/src/tests/bin/release/net48/optimis.payment.smartpaybureau.tests.dll" id="6d36bd06-1bc1-c4be-650e-6ce901194bac">
      <Execution id="d63bcbba-edef-4169-b2b4-45c47d006dc1" />
      <TestMethod codeBase="/home/vsts/work/1/s/payment.smartpay.bureau/src/Tests/bin/Release/net48/Optimis.Payment.SmartPayBureau.Tests.dll" adapterTypeName="executor://mstestadapter/v2" className="Optimis.Payment.SmartPayBureau.Tests.ExtensionsTests+CountryCodeTests" name="ShouldReturnTheCorrectCountryCodeFromaString" />
    </UnitTest>
    <UnitTest name="ShouldReturnStatusUnknownAndAMessageWhenProviderResponseIsNull" storage="/home/vsts/work/1/s/payment.smartpay.bureau/src/tests/bin/release/net48/optimis.payment.smartpaybureau.tests.dll" id="9cf5f0af-12b3-5f84-e072-2b44ea20d4bf">
      <TestCategory>
        <TestCategoryItem TestCategory="Interesting" />
      </TestCategory>
      <Execution id="a575c9be-1ac2-4c5c-af6c-18c0b44c21a9" />
      <TestMethod codeBase="/home/vsts/work/1/s/payment.smartpay.bureau/src/Tests/bin/Release/net48/Optimis.Payment.SmartPayBureau.Tests.dll" adapterTypeName="executor://mstestadapter/v2" className="Optimis.Payment.SmartPayBureau.Tests.ActionTests.RegisterCardTests" name="ShouldReturnStatusUnknownAndAMessageWhenProviderResponseIsNull" />
    </UnitTest>
    <UnitTest name="ShouldSetTheTrxRefWhenLegacyTransactionNumberIsNull" storage="/home/vsts/work/1/s/payment.smartpay.bureau/src/tests/bin/release/net48/optimis.payment.smartpaybureau.tests.dll" id="4a841170-9862-d267-b0df-c437e1f8c222">
      <Execution id="56d4bb3c-a198-401e-a3cd-da6dcfa7eeec" />
      <TestMethod codeBase="/home/vsts/work/1/s/payment.smartpay.bureau/src/Tests/bin/Release/net48/Optimis.Payment.SmartPayBureau.Tests.dll" adapterTypeName="executor://mstestadapter/v2" className="Optimis.Payment.SmartPayBureau.Tests.ActionTests.RefundTests" name="ShouldSetTheTrxRefWhenLegacyTransactionNumberIsNull" />
    </UnitTest>
    <UnitTest name="ShouldReturnCorrectTransactionStatus (AUTHORISED,AwaitingCompletion,Optimis.SmartPayBureau.Client.error[])" storage="/home/vsts/work/1/s/payment.smartpay.bureau/src/tests/bin/release/net48/optimis.payment.smartpaybureau.tests.dll" id="00d0f0ea-2908-f516-3769-9ac87996e87a">
      <Execution id="2d7a18fc-ec73-4c40-adc8-b253dca2c936" />
      <TestMethod codeBase="/home/vsts/work/1/s/payment.smartpay.bureau/src/Tests/bin/Release/net48/Optimis.Payment.SmartPayBureau.Tests.dll" adapterTypeName="executor://mstestadapter/v2" className="Optimis.Payment.SmartPayBureau.Tests.ExtensionsTests+TransactionStatusTests" name="ShouldReturnCorrectTransactionStatus" />
    </UnitTest>
    <UnitTest name="PENDING_V1" storage="/home/vsts/work/1/s/payment.smartpay.bureau/src/tests/bin/release/net48/optimis.payment.smartpaybureau.tests.dll" id="ac593171-1552-cd7e-6139-10e2d49f6381">
      <Execution id="0232fc90-7a41-4122-8606-49bfecd16695" />
      <TestMethod codeBase="/home/vsts/work/1/s/payment.smartpay.bureau/src/Tests/bin/Release/net48/Optimis.Payment.SmartPayBureau.Tests.dll" adapterTypeName="executor://mstestadapter/v2" className="Optimis.Payment.SmartPayBureau.Tests.ExtensionsTests" name="ShouldReturnCorrectExternalAuthStatusFromResponse" />
    </UnitTest>
    <UnitTest name="ShouldThrowArgumentNullOnNullOptionsInTheConstructor" storage="/home/vsts/work/1/s/payment.smartpay.bureau/src/tests/bin/release/net48/optimis.payment.smartpaybureau.tests.dll" id="b1c40a64-cd26-77a6-5dd1-489c9e9f7ce6">
      <Execution id="e0b8cae1-1fe7-437c-bf2a-37575315fbf4" />
      <TestMethod codeBase="/home/vsts/work/1/s/payment.smartpay.bureau/src/Tests/bin/Release/net48/Optimis.Payment.SmartPayBureau.Tests.dll" adapterTypeName="executor://mstestadapter/v2" className="Optimis.Payment.SmartPayBureau.Tests.ProviderSignerV3Tests" name="ShouldThrowArgumentNullOnNullOptionsInTheConstructor" />
    </UnitTest>
    <UnitTest name="WPAY-8 Card Info" storage="/home/vsts/work/1/s/payment.smartpay.bureau/src/tests/bin/release/net48/optimis.payment.smartpaybureau.tests.dll" id="11916ca3-e2a9-dd5f-fecd-17f61b24712d">
      <TestCategory>
        <TestCategoryItem TestCategory="Interesting" />
      </TestCategory>
      <Execution id="123ba7f6-f6d0-40f9-a062-c06107ecc478" />
      <TestMethod codeBase="/home/vsts/work/1/s/payment.smartpay.bureau/src/Tests/bin/Release/net48/Optimis.Payment.SmartPayBureau.Tests.dll" adapterTypeName="executor://mstestadapter/v2" className="Optimis.Payment.SmartPayBureau.Tests.ActionTests.VerifyCallbackTests" name="ShouldSetStatusAndAddMessagesWhenCertainErrorsOccur" />
    </UnitTest>
    <UnitTest name="ShouldReturnStatusUnknownAndAMessageWhenProviderResponseBodyIsNull" storage="/home/vsts/work/1/s/payment.smartpay.bureau/src/tests/bin/release/net48/optimis.payment.smartpaybureau.tests.dll" id="f35d070a-4641-4634-dea9-a41eb0abdeaf">
      <TestCategory>
        <TestCategoryItem TestCategory="BoilerPlate" />
      </TestCategory>
      <Execution id="823d881b-34de-40f1-a1e6-dd0c379eb5d0" />
      <TestMethod codeBase="/home/vsts/work/1/s/payment.smartpay.bureau/src/Tests/bin/Release/net48/Optimis.Payment.SmartPayBureau.Tests.dll" adapterTypeName="executor://mstestadapter/v2" className="Optimis.Payment.SmartPayBureau.Tests.ActionTests.StatusTests" name="ShouldReturnStatusUnknownAndAMessageWhenProviderResponseBodyIsNull" />
    </UnitTest>
    <UnitTest name="ShouldReturnCorrectWindowSize (Medium,WINDOW_SIZE_390_400)" storage="/home/vsts/work/1/s/payment.smartpay.bureau/src/tests/bin/release/net48/optimis.payment.smartpaybureau.tests.dll" id="1f85aa92-a7b8-90e3-cd84-675231e8b2ea">
      <Execution id="bacfe150-1c12-4b50-bc08-94e31c7b7eb7" />
      <TestMethod codeBase="/home/vsts/work/1/s/payment.smartpay.bureau/src/Tests/bin/Release/net48/Optimis.Payment.SmartPayBureau.Tests.dll" adapterTypeName="executor://mstestadapter/v2" className="Optimis.Payment.SmartPayBureau.Tests.ExtensionsTests" name="ShouldReturnCorrectWindowSize" />
    </UnitTest>
    <UnitTest name="ShouldThrowArgumentNullWhenRequestIsNull" storage="/home/vsts/work/1/s/payment.smartpay.bureau/src/tests/bin/release/net48/optimis.payment.smartpaybureau.tests.dll" id="473f7879-5b1c-2342-8373-21a426ac7d99">
      <TestCategory>
        <TestCategoryItem TestCategory="Boilerplate" />
      </TestCategory>
      <Execution id="7a250b3d-9463-4388-9852-9707c6b775d1" />
      <TestMethod codeBase="/home/vsts/work/1/s/payment.smartpay.bureau/src/Tests/bin/Release/net48/Optimis.Payment.SmartPayBureau.Tests.dll" adapterTypeName="executor://mstestadapter/v2" className="Optimis.Payment.SmartPayBureau.Tests.ActionTests.CaptureTests" name="ShouldThrowArgumentNullWhenRequestIsNull" />
    </UnitTest>
    <UnitTest name="ShouldReturnCorrectWindowSize (FullScreen,FULL_SCREEN)" storage="/home/vsts/work/1/s/payment.smartpay.bureau/src/tests/bin/release/net48/optimis.payment.smartpaybureau.tests.dll" id="2d43241f-ee2e-eaea-1ee2-6b26ad25791c">
      <Execution id="2d79f1b8-40ea-45d1-b13e-f5829536d5c0" />
      <TestMethod codeBase="/home/vsts/work/1/s/payment.smartpay.bureau/src/Tests/bin/Release/net48/Optimis.Payment.SmartPayBureau.Tests.dll" adapterTypeName="executor://mstestadapter/v2" className="Optimis.Payment.SmartPayBureau.Tests.ExtensionsTests" name="ShouldReturnCorrectWindowSize" />
    </UnitTest>
    <UnitTest name="ShouldReturnCorrectTransactionStatus (BEFORE_VERIFICATION,AwaitingCompletion,Optimis.SmartPayBureau.Client.error[])" storage="/home/vsts/work/1/s/payment.smartpay.bureau/src/tests/bin/release/net48/optimis.payment.smartpaybureau.tests.dll" id="1fb8b099-ef59-6a03-f04e-e897dcfdbe0f">
      <Execution id="3d50cddb-8f61-4712-9d63-f873f907510a" />
      <TestMethod codeBase="/home/vsts/work/1/s/payment.smartpay.bureau/src/Tests/bin/Release/net48/Optimis.Payment.SmartPayBureau.Tests.dll" adapterTypeName="executor://mstestadapter/v2" className="Optimis.Payment.SmartPayBureau.Tests.ExtensionsTests+TransactionStatusTests" name="ShouldReturnCorrectTransactionStatus" />
    </UnitTest>
    <UnitTest name="ShouldThrowOperationCanceledIfCancellationRequested" storage="/home/vsts/work/1/s/payment.smartpay.bureau/src/tests/bin/release/net48/optimis.payment.smartpaybureau.tests.dll" id="cf6e05f9-3332-a5bb-31bc-614c18c6416d">
      <TestCategory>
        <TestCategoryItem TestCategory="BoilerPlate" />
      </TestCategory>
      <Execution id="f7a11467-3bd2-4d2a-9d7c-9936736b5bf6" />
      <TestMethod codeBase="/home/vsts/work/1/s/payment.smartpay.bureau/src/Tests/bin/Release/net48/Optimis.Payment.SmartPayBureau.Tests.dll" adapterTypeName="executor://mstestadapter/v2" className="Optimis.Payment.SmartPayBureau.Tests.ActionTests.CancelTests" name="ShouldThrowOperationCanceledIfCancellationRequested" />
    </UnitTest>
    <UnitTest name="ShouldThrowArgumentNullWhenRequestIsNull" storage="/home/vsts/work/1/s/payment.smartpay.bureau/src/tests/bin/release/net48/optimis.payment.smartpaybureau.tests.dll" id="4d1aa020-061c-ac2a-9b59-bb32cb08ad3c">
      <TestCategory>
        <TestCategoryItem TestCategory="BoilerPlate" />
      </TestCategory>
      <Execution id="cb9d9e73-7ab3-410c-afac-de5c9f362986" />
      <TestMethod codeBase="/home/vsts/work/1/s/payment.smartpay.bureau/src/Tests/bin/Release/net48/Optimis.Payment.SmartPayBureau.Tests.dll" adapterTypeName="executor://mstestadapter/v2" className="Optimis.Payment.SmartPayBureau.Tests.ActionTests.RegisterCardTests" name="ShouldThrowArgumentNullWhenRequestIsNull" />
    </UnitTest>
    <UnitTest name="ShouldAllowNoProviderReferenceInRefundRequest" storage="/home/vsts/work/1/s/payment.smartpay.bureau/src/tests/bin/release/net48/optimis.payment.smartpaybureau.tests.dll" id="73d46ecf-fc51-9de8-b928-5f9775f2f506">
      <Execution id="976c6b10-639a-4e57-a310-19a467fc7f23" />
      <TestMethod codeBase="/home/vsts/work/1/s/payment.smartpay.bureau/src/Tests/bin/Release/net48/Optimis.Payment.SmartPayBureau.Tests.dll" adapterTypeName="executor://mstestadapter/v2" className="Optimis.Payment.SmartPayBureau.Tests.RequestValidatorTests" name="ShouldAllowNoProviderReferenceInRefundRequest" />
    </UnitTest>
    <UnitTest name="ShouldVerifyCallback" storage="/home/vsts/work/1/s/payment.smartpay.bureau/src/tests/bin/release/net48/optimis.payment.smartpaybureau.tests.dll" id="03ceebc4-cb62-e21a-f6c4-7dfec1f2acbd">
      <Execution id="4dc048c4-b0e3-498b-b3b3-a980b3a0dc5d" />
      <TestMethod codeBase="/home/vsts/work/1/s/payment.smartpay.bureau/src/Tests/bin/Release/net48/Optimis.Payment.SmartPayBureau.Tests.dll" adapterTypeName="executor://mstestadapter/v2" className="Optimis.Payment.SmartPayBureau.Tests.ActionTests.VerifyCallbackTests" name="ShouldVerifyCallback" />
    </UnitTest>
    <UnitTest name="ShouldReturnStatusUnknownAndAMessageWhenProviderResponseIsNull" storage="/home/vsts/work/1/s/payment.smartpay.bureau/src/tests/bin/release/net48/optimis.payment.smartpaybureau.tests.dll" id="b346dfbf-3c2d-699a-985c-d7f8bf492fb1">
      <TestCategory>
        <TestCategoryItem TestCategory="Boilerplate" />
      </TestCategory>
      <Execution id="95e71713-e38f-40df-ba34-96added76236" />
      <TestMethod codeBase="/home/vsts/work/1/s/payment.smartpay.bureau/src/Tests/bin/Release/net48/Optimis.Payment.SmartPayBureau.Tests.dll" adapterTypeName="executor://mstestadapter/v2" className="Optimis.Payment.SmartPayBureau.Tests.ActionTests.CaptureTests" name="ShouldReturnStatusUnknownAndAMessageWhenProviderResponseIsNull" />
    </UnitTest>
    <UnitTest name="ShouldReturnTheCorrectCountryCodeFromaString (GBR,GBR)" storage="/home/vsts/work/1/s/payment.smartpay.bureau/src/tests/bin/release/net48/optimis.payment.smartpaybureau.tests.dll" id="1f670645-d56f-933d-d08f-b27b7f0b94c5">
      <Execution id="1a734904-8e6b-48d2-8f5d-c7b91df912c8" />
      <TestMethod codeBase="/home/vsts/work/1/s/payment.smartpay.bureau/src/Tests/bin/Release/net48/Optimis.Payment.SmartPayBureau.Tests.dll" adapterTypeName="executor://mstestadapter/v2" className="Optimis.Payment.SmartPayBureau.Tests.ExtensionsTests+CountryCodeTests" name="ShouldReturnTheCorrectCountryCodeFromaString" />
    </UnitTest>
    <UnitTest name="ShouldThrowOperationCanceledIfCancellationRequested" storage="/home/vsts/work/1/s/payment.smartpay.bureau/src/tests/bin/release/net48/optimis.payment.smartpaybureau.tests.dll" id="fa963db9-1434-5174-259d-d7d67be44055">
      <TestCategory>
        <TestCategoryItem TestCategory="Boilerplate" />
      </TestCategory>
      <Execution id="9e8ecb32-025e-4b29-822d-c6a5ed242ba1" />
      <TestMethod codeBase="/home/vsts/work/1/s/payment.smartpay.bureau/src/Tests/bin/Release/net48/Optimis.Payment.SmartPayBureau.Tests.dll" adapterTypeName="executor://mstestadapter/v2" className="Optimis.Payment.SmartPayBureau.Tests.ActionTests.CaptureTests" name="ShouldThrowOperationCanceledIfCancellationRequested" />
    </UnitTest>
    <UnitTest name="Null string" storage="/home/vsts/work/1/s/payment.smartpay.bureau/src/tests/bin/release/net48/optimis.payment.smartpaybureau.tests.dll" id="651dbae8-5cff-f20f-4e15-8a99e48babbc">
      <Execution id="70ae573b-55e1-4653-8b4a-5f3a73d2c26d" />
      <TestMethod codeBase="/home/vsts/work/1/s/payment.smartpay.bureau/src/Tests/bin/Release/net48/Optimis.Payment.SmartPayBureau.Tests.dll" adapterTypeName="executor://mstestadapter/v2" className="Optimis.Payment.SmartPayBureau.Tests.ProviderSignerV3Tests" name="ShouldThrowArgumentExceptionWhenRequestStringIsNullOrWhiteSpace" />
    </UnitTest>
    <UnitTest name="ShouldReturnNoValidationResultsWhenObjectFromAbstractionIsValid" storage="/home/vsts/work/1/s/payment.smartpay.bureau/src/tests/bin/release/net48/optimis.payment.smartpaybureau.tests.dll" id="6a76bdfe-8f90-20c9-8669-adb6bea4f12a">
      <Execution id="6bf7d441-b8b8-4f99-a856-90ff3c5f7dfb" />
      <TestMethod codeBase="/home/vsts/work/1/s/payment.smartpay.bureau/src/Tests/bin/Release/net48/Optimis.Payment.SmartPayBureau.Tests.dll" adapterTypeName="executor://mstestadapter/v2" className="Optimis.Payment.SmartPayBureau.Tests.RequestValidatorTests" name="ShouldReturnNoValidationResultsWhenObjectFromAbstractionIsValid" />
    </UnitTest>
    <UnitTest name="ShouldReturnNullWhenAuthResponseIsNull" storage="/home/vsts/work/1/s/payment.smartpay.bureau/src/tests/bin/release/net48/optimis.payment.smartpaybureau.tests.dll" id="e273d193-6126-6bc2-d7a3-42b6f222a59b">
      <Execution id="cf8cda6a-bddd-487f-bd75-dc9296edcb7d" />
      <TestMethod codeBase="/home/vsts/work/1/s/payment.smartpay.bureau/src/Tests/bin/Release/net48/Optimis.Payment.SmartPayBureau.Tests.dll" adapterTypeName="executor://mstestadapter/v2" className="Optimis.Payment.SmartPayBureau.Tests.ExtensionsTests+ResponseDescriptionTests" name="ShouldReturnNullWhenAuthResponseIsNull" />
    </UnitTest>
    <UnitTest name="ShouldSetTheTransactionReferenceWhenLegacyTransactionNumberIsNotNull" storage="/home/vsts/work/1/s/payment.smartpay.bureau/src/tests/bin/release/net48/optimis.payment.smartpaybureau.tests.dll" id="8871c6ef-8580-97ae-4c65-ecfb77a74b7b">
      <Execution id="9a2ddbe7-2f43-47c0-b7dd-8a0178848aca" />
      <TestMethod codeBase="/home/vsts/work/1/s/payment.smartpay.bureau/src/Tests/bin/Release/net48/Optimis.Payment.SmartPayBureau.Tests.dll" adapterTypeName="executor://mstestadapter/v2" className="Optimis.Payment.SmartPayBureau.Tests.ActionTests.CancelTests" name="ShouldSetTheTransactionReferenceWhenLegacyTransactionNumberIsNotNull" />
    </UnitTest>
    <UnitTest name="WPAY-9 Card Declined" storage="/home/vsts/work/1/s/payment.smartpay.bureau/src/tests/bin/release/net48/optimis.payment.smartpaybureau.tests.dll" id="479a1010-f6e9-9671-1803-2b402b0dd79f">
      <TestCategory>
        <TestCategoryItem TestCategory="Interesting" />
      </TestCategory>
      <Execution id="110b1ae2-7a77-4d25-9154-f6be6db65e5d" />
      <TestMethod codeBase="/home/vsts/work/1/s/payment.smartpay.bureau/src/Tests/bin/Release/net48/Optimis.Payment.SmartPayBureau.Tests.dll" adapterTypeName="executor://mstestadapter/v2" className="Optimis.Payment.SmartPayBureau.Tests.ActionTests.StatusTests" name="ShouldSetStatusAndAddMessagesWhenCertainErrorsOccur" />
    </UnitTest>
    <UnitTest name="Card" storage="/home/vsts/work/1/s/payment.smartpay.bureau/src/tests/bin/release/net48/optimis.payment.smartpaybureau.tests.dll" id="a8019242-1b8b-4dac-6b31-8bb78ccf691d">
      <Execution id="180b25ff-c4a2-4fb5-a61a-093512344025" />
      <TestMethod codeBase="/home/vsts/work/1/s/payment.smartpay.bureau/src/Tests/bin/Release/net48/Optimis.Payment.SmartPayBureau.Tests.dll" adapterTypeName="executor://mstestadapter/v2" className="Optimis.Payment.SmartPayBureau.Tests.ExtensionsTests" name="ShouldReturnTheCorrectBPpaymentMethod" />
    </UnitTest>
    <UnitTest name="ShouldSetTheTrxRefWhenLegacyTransactionNumberIsNull" storage="/home/vsts/work/1/s/payment.smartpay.bureau/src/tests/bin/release/net48/optimis.payment.smartpaybureau.tests.dll" id="953b7d46-eba8-e2d3-d9a6-d1f91d76e0c7">
      <Execution id="8bd3608f-48df-4336-968c-8f14cd8dcc0d" />
      <TestMethod codeBase="/home/vsts/work/1/s/payment.smartpay.bureau/src/Tests/bin/Release/net48/Optimis.Payment.SmartPayBureau.Tests.dll" adapterTypeName="executor://mstestadapter/v2" className="Optimis.Payment.SmartPayBureau.Tests.ActionTests.CancelTests" name="ShouldSetTheTrxRefWhenLegacyTransactionNumberIsNull" />
    </UnitTest>
    <UnitTest name="ShouldExtractCancelMessages" storage="/home/vsts/work/1/s/payment.smartpay.bureau/src/tests/bin/release/net48/optimis.payment.smartpaybureau.tests.dll" id="34ed5930-0905-87f5-13b8-aaedfba6b483">
      <Execution id="fc172b7b-1179-483f-801a-bcb5955fce95" />
      <TestMethod codeBase="/home/vsts/work/1/s/payment.smartpay.bureau/src/Tests/bin/Release/net48/Optimis.Payment.SmartPayBureau.Tests.dll" adapterTypeName="executor://mstestadapter/v2" className="Optimis.Payment.SmartPayBureau.Tests.MessageExtractionTests" name="ShouldExtractCancelMessages" />
    </UnitTest>
    <UnitTest name="ShouldReturnStatusUnknownAndAMessageWhenProviderReturnsErrors" storage="/home/vsts/work/1/s/payment.smartpay.bureau/src/tests/bin/release/net48/optimis.payment.smartpaybureau.tests.dll" id="7edc5100-eca1-470d-d2ed-037ada91af38">
      <TestCategory>
        <TestCategoryItem TestCategory="BoilerPlate" />
      </TestCategory>
      <Execution id="8600498c-e1f2-4379-826f-73588677418a" />
      <TestMethod codeBase="/home/vsts/work/1/s/payment.smartpay.bureau/src/Tests/bin/Release/net48/Optimis.Payment.SmartPayBureau.Tests.dll" adapterTypeName="executor://mstestadapter/v2" className="Optimis.Payment.SmartPayBureau.Tests.ActionTests.StatusTests" name="ShouldReturnStatusUnknownAndAMessageWhenProviderReturnsErrors" />
    </UnitTest>
    <UnitTest name="ShouldReturnCorrectTransactionStatus (AUTHENTICATE,AwaitingUserInput,Optimis.SmartPayBureau.Client.error[])" storage="/home/vsts/work/1/s/payment.smartpay.bureau/src/tests/bin/release/net48/optimis.payment.smartpaybureau.tests.dll" id="f4ccdd98-06c3-7563-20a4-b2602c08b6d6">
      <Execution id="13f55af7-4bc5-47c0-b9cb-35ca79e7ba7b" />
      <TestMethod codeBase="/home/vsts/work/1/s/payment.smartpay.bureau/src/Tests/bin/Release/net48/Optimis.Payment.SmartPayBureau.Tests.dll" adapterTypeName="executor://mstestadapter/v2" className="Optimis.Payment.SmartPayBureau.Tests.ExtensionsTests+TransactionStatusTests" name="ShouldReturnCorrectTransactionStatus" />
    </UnitTest>
    <UnitTest name="CardNoUserDetail" storage="/home/vsts/work/1/s/payment.smartpay.bureau/src/tests/bin/release/net48/optimis.payment.smartpaybureau.tests.dll" id="600245f2-231c-e3ab-6306-8014302485f9">
      <TestCategory>
        <TestCategoryItem TestCategory="Interesting" />
      </TestCategory>
      <Execution id="c371cd51-91d9-4f4f-93dd-7e60a7790b5d" />
      <TestMethod codeBase="/home/vsts/work/1/s/payment.smartpay.bureau/src/Tests/bin/Release/net48/Optimis.Payment.SmartPayBureau.Tests.dll" adapterTypeName="executor://mstestadapter/v2" className="Optimis.Payment.SmartPayBureau.Tests.ActionTests.CheckoutTests" name="ShouldCheckoutEachScenarioSuccessfully" />
    </UnitTest>
    <UnitTest name="ShouldReturnCorrectTransactionStatus (ALIPAY,AwaitingUserInput,Optimis.SmartPayBureau.Client.error[])" storage="/home/vsts/work/1/s/payment.smartpay.bureau/src/tests/bin/release/net48/optimis.payment.smartpaybureau.tests.dll" id="6030da1d-97fa-21a4-17e6-8b4edb67b33f">
      <Execution id="3db85d13-c4f1-471e-8ac7-4760d82887c5" />
      <TestMethod codeBase="/home/vsts/work/1/s/payment.smartpay.bureau/src/Tests/bin/Release/net48/Optimis.Payment.SmartPayBureau.Tests.dll" adapterTypeName="executor://mstestadapter/v2" className="Optimis.Payment.SmartPayBureau.Tests.ExtensionsTests+TransactionStatusTests" name="ShouldReturnCorrectTransactionStatus" />
    </UnitTest>
    <UnitTest name="ShouldThrowOperationCanceledIfCancellationRequested" storage="/home/vsts/work/1/s/payment.smartpay.bureau/src/tests/bin/release/net48/optimis.payment.smartpaybureau.tests.dll" id="dd322307-30fe-42eb-de03-3f10d5ac5bc1">
      <TestCategory>
        <TestCategoryItem TestCategory="BoilerPlate" />
      </TestCategory>
      <Execution id="621f0a85-fd27-40d7-9702-149c4ed773de" />
      <TestMethod codeBase="/home/vsts/work/1/s/payment.smartpay.bureau/src/Tests/bin/Release/net48/Optimis.Payment.SmartPayBureau.Tests.dll" adapterTypeName="executor://mstestadapter/v2" className="Optimis.Payment.SmartPayBureau.Tests.ActionTests.RegisterCardTests" name="ShouldThrowOperationCanceledIfCancellationRequested" />
    </UnitTest>
    <UnitTest name="ShouldReturnTheCorrectCountryDiallingCode (DEU,49)" storage="/home/vsts/work/1/s/payment.smartpay.bureau/src/tests/bin/release/net48/optimis.payment.smartpaybureau.tests.dll" id="f9fc4273-0a30-c961-78ae-382dc4054000">
      <Execution id="28de48c2-e183-4db1-8745-0a9163d30a33" />
      <TestMethod codeBase="/home/vsts/work/1/s/payment.smartpay.bureau/src/Tests/bin/Release/net48/Optimis.Payment.SmartPayBureau.Tests.dll" adapterTypeName="executor://mstestadapter/v2" className="Optimis.Payment.SmartPayBureau.Tests.ExtensionsTests" name="ShouldReturnTheCorrectCountryDiallingCode" />
    </UnitTest>
    <UnitTest name="ShouldThrowArgumentNullForOptions" storage="/home/vsts/work/1/s/payment.smartpay.bureau/src/tests/bin/release/net48/optimis.payment.smartpaybureau.tests.dll" id="b261375e-fd2d-3029-2da5-973d26ab235f">
      <Execution id="2bcedf69-e255-4c64-89b5-574b00c62f67" />
      <TestMethod codeBase="/home/vsts/work/1/s/payment.smartpay.bureau/src/Tests/bin/Release/net48/Optimis.Payment.SmartPayBureau.Tests.dll" adapterTypeName="executor://mstestadapter/v2" className="Optimis.Payment.SmartPayBureau.Tests.ProviderTests+CTor" name="ShouldThrowArgumentNullForOptions" />
    </UnitTest>
    <UnitTest name="ShouldExtractAllMessagesFromResponse" storage="/home/vsts/work/1/s/payment.smartpay.bureau/src/tests/bin/release/net48/optimis.payment.smartpaybureau.tests.dll" id="35a25e45-fb54-d63b-8e58-995c1cbea674">
      <Execution id="2e54da98-998e-4b09-8cd2-515c53d9c531" />
      <TestMethod codeBase="/home/vsts/work/1/s/payment.smartpay.bureau/src/Tests/bin/Release/net48/Optimis.Payment.SmartPayBureau.Tests.dll" adapterTypeName="executor://mstestadapter/v2" className="Optimis.Payment.SmartPayBureau.Tests.MessageExtractionTests" name="ShouldExtractAllMessagesFromResponse" />
    </UnitTest>
    <UnitTest name="WPAY-20 Browser Details" storage="/home/vsts/work/1/s/payment.smartpay.bureau/src/tests/bin/release/net48/optimis.payment.smartpaybureau.tests.dll" id="18b0a952-bcb3-797c-de4e-5b58e79b559e">
      <TestCategory>
        <TestCategoryItem TestCategory="Interesting" />
      </TestCategory>
      <Execution id="4adaf306-3a4c-4b4a-b889-39faeac0bb97" />
      <TestMethod codeBase="/home/vsts/work/1/s/payment.smartpay.bureau/src/Tests/bin/Release/net48/Optimis.Payment.SmartPayBureau.Tests.dll" adapterTypeName="executor://mstestadapter/v2" className="Optimis.Payment.SmartPayBureau.Tests.ActionTests.StatusTests" name="ShouldSetStatusAndAddMessagesWhenCertainErrorsOccur" />
    </UnitTest>
    <UnitTest name="SavedCardNoUserDetail" storage="/home/vsts/work/1/s/payment.smartpay.bureau/src/tests/bin/release/net48/optimis.payment.smartpaybureau.tests.dll" id="164a2c5b-e354-ac1a-d0ca-0f22934e0f13">
      <TestCategory>
        <TestCategoryItem TestCategory="Interesting" />
      </TestCategory>
      <Execution id="51efa09d-1d66-46df-a12e-3bfe77c22610" />
      <TestMethod codeBase="/home/vsts/work/1/s/payment.smartpay.bureau/src/Tests/bin/Release/net48/Optimis.Payment.SmartPayBureau.Tests.dll" adapterTypeName="executor://mstestadapter/v2" className="Optimis.Payment.SmartPayBureau.Tests.ActionTests.CheckoutTests" name="ShouldCheckoutEachScenarioSuccessfully" />
    </UnitTest>
    <UnitTest name="ShouldThrowOptimisExceptionWhenProfileIsNotFound" storage="/home/vsts/work/1/s/payment.smartpay.bureau/src/tests/bin/release/net48/optimis.payment.smartpaybureau.tests.dll" id="1a638f80-7f95-8971-a84c-b161975320ae">
      <Execution id="c3e7ff36-dfd5-4fb3-bee1-cd6615bae6ba" />
      <TestMethod codeBase="/home/vsts/work/1/s/payment.smartpay.bureau/src/Tests/bin/Release/net48/Optimis.Payment.SmartPayBureau.Tests.dll" adapterTypeName="executor://mstestadapter/v2" className="Optimis.Payment.SmartPayBureau.Tests.ActionTests.CheckoutTests" name="ShouldThrowOptimisExceptionWhenProfileIsNotFound" />
    </UnitTest>
    <UnitTest name="ShouldReturnStatusUnknownAndAMessageWhenProviderResponseIsNull" storage="/home/vsts/work/1/s/payment.smartpay.bureau/src/tests/bin/release/net48/optimis.payment.smartpaybureau.tests.dll" id="0d5f3881-9f74-5ba6-55cd-49929b97968a">
      <TestCategory>
        <TestCategoryItem TestCategory="BoilerPlate" />
      </TestCategory>
      <Execution id="0b1a7e66-6dac-4b42-bf8b-359cc7a04e06" />
      <TestMethod codeBase="/home/vsts/work/1/s/payment.smartpay.bureau/src/Tests/bin/Release/net48/Optimis.Payment.SmartPayBureau.Tests.dll" adapterTypeName="executor://mstestadapter/v2" className="Optimis.Payment.SmartPayBureau.Tests.ActionTests.VerifyCallbackTests" name="ShouldReturnStatusUnknownAndAMessageWhenProviderResponseIsNull" />
    </UnitTest>
    <UnitTest name="ShouldThrowOptimisExceptionWhenProfileIsNotFound" storage="/home/vsts/work/1/s/payment.smartpay.bureau/src/tests/bin/release/net48/optimis.payment.smartpaybureau.tests.dll" id="aadea723-6442-fab8-26c4-5c8c7346b3f7">
      <Execution id="c778d310-b39c-4aca-a13e-bcccae58a516" />
      <TestMethod codeBase="/home/vsts/work/1/s/payment.smartpay.bureau/src/Tests/bin/Release/net48/Optimis.Payment.SmartPayBureau.Tests.dll" adapterTypeName="executor://mstestadapter/v2" className="Optimis.Payment.SmartPayBureau.Tests.ActionTests.RegisterCardTests" name="ShouldThrowOptimisExceptionWhenProfileIsNotFound" />
    </UnitTest>
    <UnitTest name="ShouldReturnCorrectTransactionStatus (CANCELLED,CompleteCancelled,Optimis.SmartPayBureau.Client.error[])" storage="/home/vsts/work/1/s/payment.smartpay.bureau/src/tests/bin/release/net48/optimis.payment.smartpaybureau.tests.dll" id="3486a2c4-bd2d-23b4-67a1-87c819ac7834">
      <Execution id="e0490149-c08a-4165-afe9-d2016ee83d2a" />
      <TestMethod codeBase="/home/vsts/work/1/s/payment.smartpay.bureau/src/Tests/bin/Release/net48/Optimis.Payment.SmartPayBureau.Tests.dll" adapterTypeName="executor://mstestadapter/v2" className="Optimis.Payment.SmartPayBureau.Tests.ExtensionsTests+TransactionStatusTests" name="ShouldReturnCorrectTransactionStatus" />
    </UnitTest>
    <UnitTest name="ShouldThrowOperationCanceledIfCancellationRequested" storage="/home/vsts/work/1/s/payment.smartpay.bureau/src/tests/bin/release/net48/optimis.payment.smartpaybureau.tests.dll" id="97263f9c-6ce5-be77-b076-5342290c5469">
      <TestCategory>
        <TestCategoryItem TestCategory="BoilerPlate" />
      </TestCategory>
      <Execution id="399e19c8-ed57-4c30-a8a6-556b03fb84b0" />
      <TestMethod codeBase="/home/vsts/work/1/s/payment.smartpay.bureau/src/Tests/bin/Release/net48/Optimis.Payment.SmartPayBureau.Tests.dll" adapterTypeName="executor://mstestadapter/v2" className="Optimis.Payment.SmartPayBureau.Tests.ActionTests.RefundTests" name="ShouldThrowOperationCanceledIfCancellationRequested" />
    </UnitTest>
    <UnitTest name="ShouldReturnStatusUnknownAndMessagesWhenRequestFailsValidation" storage="/home/vsts/work/1/s/payment.smartpay.bureau/src/tests/bin/release/net48/optimis.payment.smartpaybureau.tests.dll" id="f98fa194-4736-27ab-c476-f403b0077a1a">
      <TestCategory>
        <TestCategoryItem TestCategory="BoilerPlate" />
      </TestCategory>
      <Execution id="2d4ad08e-da5a-4880-aae8-ac5a1c94356a" />
      <TestMethod codeBase="/home/vsts/work/1/s/payment.smartpay.bureau/src/Tests/bin/Release/net48/Optimis.Payment.SmartPayBureau.Tests.dll" adapterTypeName="executor://mstestadapter/v2" className="Optimis.Payment.SmartPayBureau.Tests.ActionTests.ForgetCardTests" name="ShouldReturnStatusUnknownAndMessagesWhenRequestFailsValidation" />
    </UnitTest>
    <UnitTest name="Correct Params, Invalid HMAC 2" storage="/home/vsts/work/1/s/payment.smartpay.bureau/src/tests/bin/release/net48/optimis.payment.smartpaybureau.tests.dll" id="f3815f6a-8938-1836-14ac-589e0b78c275">
      <TestCategory>
        <TestCategoryItem TestCategory="Interesting" />
      </TestCategory>
      <Execution id="7e2b3f14-5877-4a69-af1d-0c7e3790ae79" />
      <TestMethod codeBase="/home/vsts/work/1/s/payment.smartpay.bureau/src/Tests/bin/Release/net48/Optimis.Payment.SmartPayBureau.Tests.dll" adapterTypeName="executor://mstestadapter/v2" className="Optimis.Payment.SmartPayBureau.Tests.ActionTests.VerifyCallbackTests" name="ShouldReturnInvalidResponseWithMessagesWhenUriIsIncorrectFormat" />
    </UnitTest>
    <UnitTest name="ShouldReturnStatusUnknownAndAMessageWhenProviderReturnsErrors" storage="/home/vsts/work/1/s/payment.smartpay.bureau/src/tests/bin/release/net48/optimis.payment.smartpaybureau.tests.dll" id="2e75e45b-c9e1-d9d9-bfac-4d9ece6335ac">
      <TestCategory>
        <TestCategoryItem TestCategory="Interesting" />
      </TestCategory>
      <Execution id="99dd39af-7e45-407a-a954-7b735893ffe6" />
      <TestMethod codeBase="/home/vsts/work/1/s/payment.smartpay.bureau/src/Tests/bin/Release/net48/Optimis.Payment.SmartPayBureau.Tests.dll" adapterTypeName="executor://mstestadapter/v2" className="Optimis.Payment.SmartPayBureau.Tests.ActionTests.RegisterCardTests" name="ShouldReturnStatusUnknownAndAMessageWhenProviderReturnsErrors" />
    </UnitTest>
    <UnitTest name="ShouldCheckoutEachScenarioSuccessfully" storage="/home/vsts/work/1/s/payment.smartpay.bureau/src/tests/bin/release/net48/optimis.payment.smartpaybureau.tests.dll" id="bd0f3e87-2d49-7223-2c00-e0924f9c83f5">
      <TestCategory>
        <TestCategoryItem TestCategory="Interesting" />
      </TestCategory>
      <Execution id="215b742d-a8ad-4311-8a7b-3d9ec3fcee8f" />
      <TestMethod codeBase="/home/vsts/work/1/s/payment.smartpay.bureau/src/Tests/bin/Release/net48/Optimis.Payment.SmartPayBureau.Tests.dll" adapterTypeName="executor://mstestadapter/v2" className="Optimis.Payment.SmartPayBureau.Tests.ActionTests.CheckoutTests" name="ShouldCheckoutEachScenarioSuccessfully" />
    </UnitTest>
    <UnitTest name="ShouldReturnStatusUnknownAndAMessageWhenProviderResponseBodyIsNull" storage="/home/vsts/work/1/s/payment.smartpay.bureau/src/tests/bin/release/net48/optimis.payment.smartpaybureau.tests.dll" id="db9f74da-eb80-30c8-5f4a-0f9a9f953797">
      <TestCategory>
        <TestCategoryItem TestCategory="Interesting" />
      </TestCategory>
      <Execution id="e0b7d5c8-d553-4017-a744-eec0cfeebb25" />
      <TestMethod codeBase="/home/vsts/work/1/s/payment.smartpay.bureau/src/Tests/bin/Release/net48/Optimis.Payment.SmartPayBureau.Tests.dll" adapterTypeName="executor://mstestadapter/v2" className="Optimis.Payment.SmartPayBureau.Tests.ActionTests.RegisterCardTests" name="ShouldReturnStatusUnknownAndAMessageWhenProviderResponseBodyIsNull" />
    </UnitTest>
    <UnitTest name="ShouldThrowValidationExceptionOnUnrecognisedCountryCode (TES)" storage="/home/vsts/work/1/s/payment.smartpay.bureau/src/tests/bin/release/net48/optimis.payment.smartpaybureau.tests.dll" id="87033f7f-7293-f15d-39f0-c6868773f5ab">
      <Execution id="540f33c8-feb7-446b-9950-745500f20890" />
      <TestMethod codeBase="/home/vsts/work/1/s/payment.smartpay.bureau/src/Tests/bin/Release/net48/Optimis.Payment.SmartPayBureau.Tests.dll" adapterTypeName="executor://mstestadapter/v2" className="Optimis.Payment.SmartPayBureau.Tests.ExtensionsTests+CountryCodeTests" name="ShouldThrowValidationExceptionOnUnrecognisedCountryCode" />
    </UnitTest>
    <UnitTest name="ShouldThrowOperationCanceledIfCancellationRequested" storage="/home/vsts/work/1/s/payment.smartpay.bureau/src/tests/bin/release/net48/optimis.payment.smartpaybureau.tests.dll" id="c9149644-c226-b5d5-1fa6-5bd7744713a6">
      <TestCategory>
        <TestCategoryItem TestCategory="BoilerPlate" />
      </TestCategory>
      <Execution id="a5cd8fc0-f5fb-4b10-8133-7e55356b36b0" />
      <TestMethod codeBase="/home/vsts/work/1/s/payment.smartpay.bureau/src/Tests/bin/Release/net48/Optimis.Payment.SmartPayBureau.Tests.dll" adapterTypeName="executor://mstestadapter/v2" className="Optimis.Payment.SmartPayBureau.Tests.ActionTests.StatusTests" name="ShouldThrowOperationCanceledIfCancellationRequested" />
    </UnitTest>
    <UnitTest name="ShouldThrowArgumentNullForClock" storage="/home/vsts/work/1/s/payment.smartpay.bureau/src/tests/bin/release/net48/optimis.payment.smartpaybureau.tests.dll" id="078dc4dd-7db2-83cf-4e86-bc95086343a6">
      <Execution id="b55e907b-c742-4672-b71f-dc0633ef6f35" />
      <TestMethod codeBase="/home/vsts/work/1/s/payment.smartpay.bureau/src/Tests/bin/Release/net48/Optimis.Payment.SmartPayBureau.Tests.dll" adapterTypeName="executor://mstestadapter/v2" className="Optimis.Payment.SmartPayBureau.Tests.ProviderTests+CTor" name="ShouldThrowArgumentNullForClock" />
    </UnitTest>
    <UnitTest name="ShouldGetValidPaymentTypesAndCardsFromResponse" storage="/home/vsts/work/1/s/payment.smartpay.bureau/src/tests/bin/release/net48/optimis.payment.smartpaybureau.tests.dll" id="949bc5bc-4f53-b56d-1ae0-f975c3cf8cca">
      <Execution id="29b512eb-6937-4946-b1ff-0b5203d48c2b" />
      <TestMethod codeBase="/home/vsts/work/1/s/payment.smartpay.bureau/src/Tests/bin/Release/net48/Optimis.Payment.SmartPayBureau.Tests.dll" adapterTypeName="executor://mstestadapter/v2" className="Optimis.Payment.SmartPayBureau.Tests.ExtensionsTests" name="ShouldGetValidPaymentTypesAndCardsFromResponse" />
    </UnitTest>
    <UnitTest name="ShouldReturnCorrectTransactionStatus (INGENICO,AwaitingUserInput,Optimis.SmartPayBureau.Client.error[])" storage="/home/vsts/work/1/s/payment.smartpay.bureau/src/tests/bin/release/net48/optimis.payment.smartpaybureau.tests.dll" id="69a7dc3c-c44c-239f-f5c6-71449279587b">
      <Execution id="747be4fb-f485-413f-a268-46d8700d64a8" />
      <TestMethod codeBase="/home/vsts/work/1/s/payment.smartpay.bureau/src/Tests/bin/Release/net48/Optimis.Payment.SmartPayBureau.Tests.dll" adapterTypeName="executor://mstestadapter/v2" className="Optimis.Payment.SmartPayBureau.Tests.ExtensionsTests+TransactionStatusTests" name="ShouldReturnCorrectTransactionStatus" />
    </UnitTest>
    <UnitTest name="Incorrect params" storage="/home/vsts/work/1/s/payment.smartpay.bureau/src/tests/bin/release/net48/optimis.payment.smartpaybureau.tests.dll" id="b8a6aff8-1ae1-e5bf-6532-0065b2f37c95">
      <TestCategory>
        <TestCategoryItem TestCategory="Interesting" />
      </TestCategory>
      <Execution id="31fdff1a-61ac-4c67-9db9-f13340bb382d" />
      <TestMethod codeBase="/home/vsts/work/1/s/payment.smartpay.bureau/src/Tests/bin/Release/net48/Optimis.Payment.SmartPayBureau.Tests.dll" adapterTypeName="executor://mstestadapter/v2" className="Optimis.Payment.SmartPayBureau.Tests.ActionTests.VerifyCallbackTests" name="ShouldReturnInvalidResponseWithMessagesWhenUriIsIncorrectFormat" />
    </UnitTest>
    <UnitTest name="ShouldThrowArgumentNullWhenRequestIsNull" storage="/home/vsts/work/1/s/payment.smartpay.bureau/src/tests/bin/release/net48/optimis.payment.smartpaybureau.tests.dll" id="0f81a69c-6032-e972-62aa-6312066c0bef">
      <TestCategory>
        <TestCategoryItem TestCategory="BoilerPlate" />
      </TestCategory>
      <Execution id="88e30c02-9b2a-4c38-91fe-520b8233b0f2" />
      <TestMethod codeBase="/home/vsts/work/1/s/payment.smartpay.bureau/src/Tests/bin/Release/net48/Optimis.Payment.SmartPayBureau.Tests.dll" adapterTypeName="executor://mstestadapter/v2" className="Optimis.Payment.SmartPayBureau.Tests.ActionTests.RefundTests" name="ShouldThrowArgumentNullWhenRequestIsNull" />
    </UnitTest>
    <UnitTest name="ShouldReturnExternalAuthStatus" storage="/home/vsts/work/1/s/payment.smartpay.bureau/src/tests/bin/release/net48/optimis.payment.smartpaybureau.tests.dll" id="67829d85-3c52-f2ab-a7ce-7bd568a2ba55">
      <Execution id="14ef5868-d556-4878-b75c-f93bbd74dc60" />
      <TestMethod codeBase="/home/vsts/work/1/s/payment.smartpay.bureau/src/Tests/bin/Release/net48/Optimis.Payment.SmartPayBureau.Tests.dll" adapterTypeName="executor://mstestadapter/v2" className="Optimis.Payment.SmartPayBureau.Tests.ExtensionsTests" name="ShouldReturnExternalAuthStatus" />
    </UnitTest>
    <UnitTest name="ShouldExtractBankInformation" storage="/home/vsts/work/1/s/payment.smartpay.bureau/src/tests/bin/release/net48/optimis.payment.smartpaybureau.tests.dll" id="b6339c5b-f34b-700b-6f92-633c9a7b2875">
      <Execution id="beee2da0-455f-4685-b658-c6b267f3fdbb" />
      <TestMethod codeBase="/home/vsts/work/1/s/payment.smartpay.bureau/src/Tests/bin/Release/net48/Optimis.Payment.SmartPayBureau.Tests.dll" adapterTypeName="executor://mstestadapter/v2" className="Optimis.Payment.SmartPayBureau.Tests.MessageExtractionTests" name="ShouldExtractBankInformation" />
    </UnitTest>
    <UnitTest name="NO AUTH" storage="/home/vsts/work/1/s/payment.smartpay.bureau/src/tests/bin/release/net48/optimis.payment.smartpaybureau.tests.dll" id="931ab4b7-aef9-163c-fe9c-df9d028946fc">
      <Execution id="5972479d-435c-4164-a173-f45a5e5ecad3" />
      <TestMethod codeBase="/home/vsts/work/1/s/payment.smartpay.bureau/src/Tests/bin/Release/net48/Optimis.Payment.SmartPayBureau.Tests.dll" adapterTypeName="executor://mstestadapter/v2" className="Optimis.Payment.SmartPayBureau.Tests.ExtensionsTests" name="ShouldReturnCorrectExternalAuthStatusFromResponse" />
    </UnitTest>
    <UnitTest name="ShouldExtractBrowserInformation" storage="/home/vsts/work/1/s/payment.smartpay.bureau/src/tests/bin/release/net48/optimis.payment.smartpaybureau.tests.dll" id="5a6387cd-11d1-cbda-9a28-b2c04c2fa108">
      <Execution id="6da824c3-1ad7-4923-aea3-806012ee61b7" />
      <TestMethod codeBase="/home/vsts/work/1/s/payment.smartpay.bureau/src/Tests/bin/Release/net48/Optimis.Payment.SmartPayBureau.Tests.dll" adapterTypeName="executor://mstestadapter/v2" className="Optimis.Payment.SmartPayBureau.Tests.MessageExtractionTests" name="ShouldExtractBrowserInformation" />
    </UnitTest>
    <UnitTest name="ShouldThrowOperationCanceledIfCancellationRequested" storage="/home/vsts/work/1/s/payment.smartpay.bureau/src/tests/bin/release/net48/optimis.payment.smartpaybureau.tests.dll" id="b5d9a973-f269-1dde-e3f2-f8fea9f3c505">
      <TestCategory>
        <TestCategoryItem TestCategory="BoilerPlate" />
      </TestCategory>
      <Execution id="81b3868d-9697-4aac-8828-c89da25f7085" />
      <TestMethod codeBase="/home/vsts/work/1/s/payment.smartpay.bureau/src/Tests/bin/Release/net48/Optimis.Payment.SmartPayBureau.Tests.dll" adapterTypeName="executor://mstestadapter/v2" className="Optimis.Payment.SmartPayBureau.Tests.ActionTests.CheckoutTests" name="ShouldThrowOperationCanceledIfCancellationRequested" />
    </UnitTest>
    <UnitTest name="MM-YYYY format" storage="/home/vsts/work/1/s/payment.smartpay.bureau/src/tests/bin/release/net48/optimis.payment.smartpaybureau.tests.dll" id="2a877341-2887-4390-a26e-b08f5f0932c3">
      <Execution id="7187f103-89c6-4822-beaa-a96edc4fedc1" />
      <TestMethod codeBase="/home/vsts/work/1/s/payment.smartpay.bureau/src/Tests/bin/Release/net48/Optimis.Payment.SmartPayBureau.Tests.dll" adapterTypeName="executor://mstestadapter/v2" className="Optimis.Payment.SmartPayBureau.Tests.ExtensionsTests" name="ShouldGetYearFromExpiryString" />
    </UnitTest>
    <UnitTest name="ShouldReturnValidationResultsWhenObjectFromAbstractionInvalid" storage="/home/vsts/work/1/s/payment.smartpay.bureau/src/tests/bin/release/net48/optimis.payment.smartpaybureau.tests.dll" id="a01c599e-30b7-1db8-c907-c74105543595">
      <Execution id="b475c85c-5b5c-4668-b197-f6f06228bfde" />
      <TestMethod codeBase="/home/vsts/work/1/s/payment.smartpay.bureau/src/Tests/bin/Release/net48/Optimis.Payment.SmartPayBureau.Tests.dll" adapterTypeName="executor://mstestadapter/v2" className="Optimis.Payment.SmartPayBureau.Tests.RequestValidatorTests" name="ShouldReturnValidationResultsWhenObjectFromAbstractionInvalid" />
    </UnitTest>
    <UnitTest name="ShouldThrowOptimisExceptionWhenProfileIsNotFound" storage="/home/vsts/work/1/s/payment.smartpay.bureau/src/tests/bin/release/net48/optimis.payment.smartpaybureau.tests.dll" id="1dca3bce-8d12-528a-a6d5-9c43cadba373">
      <Execution id="9fccad95-cd0b-4a22-b778-0b6fdb81f9fd" />
      <TestMethod codeBase="/home/vsts/work/1/s/payment.smartpay.bureau/src/Tests/bin/Release/net48/Optimis.Payment.SmartPayBureau.Tests.dll" adapterTypeName="executor://mstestadapter/v2" className="Optimis.Payment.SmartPayBureau.Tests.ActionTests.CaptureTests" name="ShouldThrowOptimisExceptionWhenProfileIsNotFound" />
    </UnitTest>
    <UnitTest name="Unknown" storage="/home/vsts/work/1/s/payment.smartpay.bureau/src/tests/bin/release/net48/optimis.payment.smartpaybureau.tests.dll" id="eff09d83-bd92-0411-f0da-02775c83cec1">
      <Execution id="c31e09a0-293e-41fd-be2b-59b41c3601c1" />
      <TestMethod codeBase="/home/vsts/work/1/s/payment.smartpay.bureau/src/Tests/bin/Release/net48/Optimis.Payment.SmartPayBureau.Tests.dll" adapterTypeName="executor://mstestadapter/v2" className="Optimis.Payment.SmartPayBureau.Tests.ExtensionsTests" name="ShouldGetYearFromExpiryString" />
    </UnitTest>
    <UnitTest name="ShouldCaptureTransaction" storage="/home/vsts/work/1/s/payment.smartpay.bureau/src/tests/bin/release/net48/optimis.payment.smartpaybureau.tests.dll" id="4c4b0dbe-e052-0fd0-22a8-64e04b690360">
      <TestCategory>
        <TestCategoryItem TestCategory="Interesting" />
      </TestCategory>
      <Execution id="45bb93d2-f704-4fb7-9115-37b4e814a9c8" />
      <TestMethod codeBase="/home/vsts/work/1/s/payment.smartpay.bureau/src/Tests/bin/Release/net48/Optimis.Payment.SmartPayBureau.Tests.dll" adapterTypeName="executor://mstestadapter/v2" className="Optimis.Payment.SmartPayBureau.Tests.ActionTests.CaptureTests" name="ShouldCaptureTransaction" />
    </UnitTest>
    <UnitTest name="ShouldExtractAuthorisationMessages" storage="/home/vsts/work/1/s/payment.smartpay.bureau/src/tests/bin/release/net48/optimis.payment.smartpaybureau.tests.dll" id="56d17c22-3098-5609-c055-112eccf1af50">
      <Execution id="555c16ee-9498-4432-ae80-06ed2e4edc08" />
      <TestMethod codeBase="/home/vsts/work/1/s/payment.smartpay.bureau/src/Tests/bin/Release/net48/Optimis.Payment.SmartPayBureau.Tests.dll" adapterTypeName="executor://mstestadapter/v2" className="Optimis.Payment.SmartPayBureau.Tests.MessageExtractionTests" name="ShouldExtractAuthorisationMessages" />
    </UnitTest>
    <UnitTest name="ShouldGetFirstCaptureIdFromResponse" storage="/home/vsts/work/1/s/payment.smartpay.bureau/src/tests/bin/release/net48/optimis.payment.smartpaybureau.tests.dll" id="97683721-c474-5b19-e360-916b792579c9">
      <Execution id="cefe206d-6608-42e5-86c1-fe40306a0acb" />
      <TestMethod codeBase="/home/vsts/work/1/s/payment.smartpay.bureau/src/Tests/bin/Release/net48/Optimis.Payment.SmartPayBureau.Tests.dll" adapterTypeName="executor://mstestadapter/v2" className="Optimis.Payment.SmartPayBureau.Tests.ExtensionsTests" name="ShouldGetFirstCaptureIdFromResponse" />
    </UnitTest>
    <UnitTest name="Card" storage="/home/vsts/work/1/s/payment.smartpay.bureau/src/tests/bin/release/net48/optimis.payment.smartpaybureau.tests.dll" id="d815865c-a498-fd09-554d-da0b1e6d10aa">
      <Execution id="cc0c1e3f-9903-4b04-adb0-1538e33c0e83" />
      <TestMethod codeBase="/home/vsts/work/1/s/payment.smartpay.bureau/src/Tests/bin/Release/net48/Optimis.Payment.SmartPayBureau.Tests.dll" adapterTypeName="executor://mstestadapter/v2" className="Optimis.Payment.SmartPayBureau.Tests.ExtensionsTests" name="ShouldReturnTheCorrectPaymentMethod" />
    </UnitTest>
    <UnitTest name="ShouldExtractCaptureMessages" storage="/home/vsts/work/1/s/payment.smartpay.bureau/src/tests/bin/release/net48/optimis.payment.smartpaybureau.tests.dll" id="8a74e8d9-27ac-89a5-b9f9-f1982d2a50ed">
      <Execution id="34c3d019-6b90-42d4-b954-3985e2a303ad" />
      <TestMethod codeBase="/home/vsts/work/1/s/payment.smartpay.bureau/src/Tests/bin/Release/net48/Optimis.Payment.SmartPayBureau.Tests.dll" adapterTypeName="executor://mstestadapter/v2" className="Optimis.Payment.SmartPayBureau.Tests.MessageExtractionTests" name="ShouldExtractCaptureMessages" />
    </UnitTest>
    <UnitTest name="ShouldReturnStatusUnknownAndAMessageWhenProviderResponseIsNull" storage="/home/vsts/work/1/s/payment.smartpay.bureau/src/tests/bin/release/net48/optimis.payment.smartpaybureau.tests.dll" id="a9197f0a-8ee9-e62b-2829-2109af07411e">
      <TestCategory>
        <TestCategoryItem TestCategory="Interesting" />
      </TestCategory>
      <Execution id="7b8b15e7-ec6e-478f-9e69-f8b4e07bf9a5" />
      <TestMethod codeBase="/home/vsts/work/1/s/payment.smartpay.bureau/src/Tests/bin/Release/net48/Optimis.Payment.SmartPayBureau.Tests.dll" adapterTypeName="executor://mstestadapter/v2" className="Optimis.Payment.SmartPayBureau.Tests.ActionTests.CheckoutTests" name="ShouldReturnStatusUnknownAndAMessageWhenProviderResponseIsNull" />
    </UnitTest>
    <UnitTest name="ShouldReturnNullWhenHostResponseCodeIsNull" storage="/home/vsts/work/1/s/payment.smartpay.bureau/src/tests/bin/release/net48/optimis.payment.smartpaybureau.tests.dll" id="81ce7cc7-c11c-f72d-40b2-918e2610d155">
      <Execution id="9eaf2aa7-feca-46f4-90d3-2c3f1277764c" />
      <TestMethod codeBase="/home/vsts/work/1/s/payment.smartpay.bureau/src/Tests/bin/Release/net48/Optimis.Payment.SmartPayBureau.Tests.dll" adapterTypeName="executor://mstestadapter/v2" className="Optimis.Payment.SmartPayBureau.Tests.ExtensionsTests+ResponseDescriptionTests" name="ShouldReturnNullWhenHostResponseCodeIsNull" />
    </UnitTest>
    <UnitTest name="ShouldExtractResponderInformation" storage="/home/vsts/work/1/s/payment.smartpay.bureau/src/tests/bin/release/net48/optimis.payment.smartpaybureau.tests.dll" id="bbe06873-5587-57a7-4c05-c20596f08802">
      <Execution id="c2ac505a-6f7f-4c81-8032-91aec3b514cb" />
      <TestMethod codeBase="/home/vsts/work/1/s/payment.smartpay.bureau/src/Tests/bin/Release/net48/Optimis.Payment.SmartPayBureau.Tests.dll" adapterTypeName="executor://mstestadapter/v2" className="Optimis.Payment.SmartPayBureau.Tests.MessageExtractionTests" name="ShouldExtractResponderInformation" />
    </UnitTest>
    <UnitTest name="ShouldThrowOptimisExceptionWhenProfileIsNotFound" storage="/home/vsts/work/1/s/payment.smartpay.bureau/src/tests/bin/release/net48/optimis.payment.smartpaybureau.tests.dll" id="71263871-b345-a36d-9659-f3714dc2b43b">
      <Execution id="29d750f9-da96-4b8d-87ed-0421476714b6" />
      <TestMethod codeBase="/home/vsts/work/1/s/payment.smartpay.bureau/src/Tests/bin/Release/net48/Optimis.Payment.SmartPayBureau.Tests.dll" adapterTypeName="executor://mstestadapter/v2" className="Optimis.Payment.SmartPayBureau.Tests.ActionTests.RefundTests" name="ShouldThrowOptimisExceptionWhenProfileIsNotFound" />
    </UnitTest>
    <UnitTest name="ShouldReturnCorrectWindowSize (LargePortrait,WINDOW_SIZE_500_600)" storage="/home/vsts/work/1/s/payment.smartpay.bureau/src/tests/bin/release/net48/optimis.payment.smartpaybureau.tests.dll" id="650f89a6-f5e2-82dd-506d-a82c06c0fb58">
      <Execution id="6f2685a6-1ac2-41a5-a7aa-918533d36004" />
      <TestMethod codeBase="/home/vsts/work/1/s/payment.smartpay.bureau/src/Tests/bin/Release/net48/Optimis.Payment.SmartPayBureau.Tests.dll" adapterTypeName="executor://mstestadapter/v2" className="Optimis.Payment.SmartPayBureau.Tests.ExtensionsTests" name="ShouldReturnCorrectWindowSize" />
    </UnitTest>
    <UnitTest name="SubsequentPaymentsOfARecurringSeries" storage="/home/vsts/work/1/s/payment.smartpay.bureau/src/tests/bin/release/net48/optimis.payment.smartpaybureau.tests.dll" id="7d720a89-70af-cac9-1f44-7f4f56b7a818">
      <Execution id="37cc1ec6-de92-4d5c-877b-01aba6763bb5" />
      <TestMethod codeBase="/home/vsts/work/1/s/payment.smartpay.bureau/src/Tests/bin/Release/net48/Optimis.Payment.SmartPayBureau.Tests.dll" adapterTypeName="executor://mstestadapter/v2" className="Optimis.Payment.SmartPayBureau.Tests.ExtensionsTests+RecurringFrequencyTests+AdHocPaymentDetailsTests" name="SubsequentPaymentsOfARecurringSeries" />
    </UnitTest>
    <UnitTest name="ShouldReturnCorrectTransactionStatus (-1,Unknown,Optimis.SmartPayBureau.Client.error[])" storage="/home/vsts/work/1/s/payment.smartpay.bureau/src/tests/bin/release/net48/optimis.payment.smartpaybureau.tests.dll" id="7bf42b5d-91a8-dd82-1aab-608cc2cd3d55">
      <Execution id="aef83155-fc4a-4943-bcf1-3507ba5e15be" />
      <TestMethod codeBase="/home/vsts/work/1/s/payment.smartpay.bureau/src/Tests/bin/Release/net48/Optimis.Payment.SmartPayBureau.Tests.dll" adapterTypeName="executor://mstestadapter/v2" className="Optimis.Payment.SmartPayBureau.Tests.ExtensionsTests+TransactionStatusTests" name="ShouldReturnCorrectTransactionStatus" />
    </UnitTest>
    <UnitTest name="ShouldSetTheTransactionReferenceWhenLegacyTransactionNumberIsNotNull" storage="/home/vsts/work/1/s/payment.smartpay.bureau/src/tests/bin/release/net48/optimis.payment.smartpaybureau.tests.dll" id="e89eaea6-87d7-c54c-6626-d95ac312c7a4">
      <Execution id="b175a9b9-ac13-4e54-84bb-c29841e2ac47" />
      <TestMethod codeBase="/home/vsts/work/1/s/payment.smartpay.bureau/src/Tests/bin/Release/net48/Optimis.Payment.SmartPayBureau.Tests.dll" adapterTypeName="executor://mstestadapter/v2" className="Optimis.Payment.SmartPayBureau.Tests.ActionTests.RefundTests" name="ShouldSetTheTransactionReferenceWhenLegacyTransactionNumberIsNotNull" />
    </UnitTest>
    <UnitTest name="ShouldReturnHostMessageWhenSet" storage="/home/vsts/work/1/s/payment.smartpay.bureau/src/tests/bin/release/net48/optimis.payment.smartpaybureau.tests.dll" id="0fa6c5b5-a4ce-3874-d54f-69f4538d4db7">
      <Execution id="82a84046-7d01-4f6c-a158-9de0a152b557" />
      <TestMethod codeBase="/home/vsts/work/1/s/payment.smartpay.bureau/src/Tests/bin/Release/net48/Optimis.Payment.SmartPayBureau.Tests.dll" adapterTypeName="executor://mstestadapter/v2" className="Optimis.Payment.SmartPayBureau.Tests.ExtensionsTests+ResponseDescriptionTests" name="ShouldReturnHostMessageWhenSet" />
    </UnitTest>
    <UnitTest name="ShouldReturnStatusUnknownAndAMessageWhenProviderReturnsErrors" storage="/home/vsts/work/1/s/payment.smartpay.bureau/src/tests/bin/release/net48/optimis.payment.smartpaybureau.tests.dll" id="aaff236b-5026-37b0-14bd-8bc68da1568f">
      <TestCategory>
        <TestCategoryItem TestCategory="Interesting" />
      </TestCategory>
      <Execution id="09b31f0b-699b-4a66-a592-cc5a627c0f15" />
      <TestMethod codeBase="/home/vsts/work/1/s/payment.smartpay.bureau/src/Tests/bin/Release/net48/Optimis.Payment.SmartPayBureau.Tests.dll" adapterTypeName="executor://mstestadapter/v2" className="Optimis.Payment.SmartPayBureau.Tests.ActionTests.CheckoutTests" name="ShouldReturnStatusUnknownAndAMessageWhenProviderReturnsErrors" />
    </UnitTest>
    <UnitTest name="ShouldReturnCorrectWindowSize (LargeLandscape,WINDOW_SIZE_600_400)" storage="/home/vsts/work/1/s/payment.smartpay.bureau/src/tests/bin/release/net48/optimis.payment.smartpaybureau.tests.dll" id="118418ac-be74-b344-3e5f-7bd23cdc380e">
      <Execution id="974b3c62-23e7-4afa-81bb-b9f912fd2158" />
      <TestMethod codeBase="/home/vsts/work/1/s/payment.smartpay.bureau/src/Tests/bin/Release/net48/Optimis.Payment.SmartPayBureau.Tests.dll" adapterTypeName="executor://mstestadapter/v2" className="Optimis.Payment.SmartPayBureau.Tests.ExtensionsTests" name="ShouldReturnCorrectWindowSize" />
    </UnitTest>
    <UnitTest name="ShouldThrowArgumentNullWhenRequestIsNull" storage="/home/vsts/work/1/s/payment.smartpay.bureau/src/tests/bin/release/net48/optimis.payment.smartpaybureau.tests.dll" id="6db3b1a0-33c1-c016-b8c1-400fd1fcab46">
      <TestCategory>
        <TestCategoryItem TestCategory="BoilerPlate" />
      </TestCategory>
      <Execution id="700e4b12-c8cf-4d5c-ae33-24451b3d1a84" />
      <TestMethod codeBase="/home/vsts/work/1/s/payment.smartpay.bureau/src/Tests/bin/Release/net48/Optimis.Payment.SmartPayBureau.Tests.dll" adapterTypeName="executor://mstestadapter/v2" className="Optimis.Payment.SmartPayBureau.Tests.ActionTests.CancelTests" name="ShouldThrowArgumentNullWhenRequestIsNull" />
    </UnitTest>
    <UnitTest name="Whitespace" storage="/home/vsts/work/1/s/payment.smartpay.bureau/src/tests/bin/release/net48/optimis.payment.smartpaybureau.tests.dll" id="625d5b04-49eb-ab5c-bbe2-7c38b408ef98">
      <Execution id="ec6b6eb2-1319-4298-9231-55ffb28359b6" />
      <TestMethod codeBase="/home/vsts/work/1/s/payment.smartpay.bureau/src/Tests/bin/Release/net48/Optimis.Payment.SmartPayBureau.Tests.dll" adapterTypeName="executor://mstestadapter/v2" className="Optimis.Payment.SmartPayBureau.Tests.ProviderSignerV3Tests" name="ShouldThrowArgumentExceptionWhenRequestStringIsNullOrWhiteSpace" />
    </UnitTest>
    <UnitTest name="ShouldReturnCorrectTransactionStatus (VERIFIED,Unknown,Optimis.SmartPayBureau.Client.error[])" storage="/home/vsts/work/1/s/payment.smartpay.bureau/src/tests/bin/release/net48/optimis.payment.smartpaybureau.tests.dll" id="0700b622-f13b-5f26-1631-69b16de2d634">
      <Execution id="2e755893-c869-476b-91c2-dfe72335bd3b" />
      <TestMethod codeBase="/home/vsts/work/1/s/payment.smartpay.bureau/src/Tests/bin/Release/net48/Optimis.Payment.SmartPayBureau.Tests.dll" adapterTypeName="executor://mstestadapter/v2" className="Optimis.Payment.SmartPayBureau.Tests.ExtensionsTests+TransactionStatusTests" name="ShouldReturnCorrectTransactionStatus" />
    </UnitTest>
    <UnitTest name="AttributeShouldReturnCorrectStatusForCountryCode (,False)" storage="/home/vsts/work/1/s/payment.smartpay.bureau/src/tests/bin/release/net48/optimis.payment.smartpaybureau.tests.dll" id="cf680249-8bea-c168-59ca-49f3b3b4b325">
      <Execution id="894662e5-b288-4b98-8a44-70116b58953b" />
      <TestMethod codeBase="/home/vsts/work/1/s/payment.smartpay.bureau/src/Tests/bin/Release/net48/Optimis.Payment.SmartPayBureau.Tests.dll" adapterTypeName="executor://mstestadapter/v2" className="Optimis.Payment.SmartPayBureau.Tests.ExtensionsTests+CountryCodeTests" name="AttributeShouldReturnCorrectStatusForCountryCode" />
    </UnitTest>
    <UnitTest name="ShouldSetTheTransactionReferenceWhenLegacyTransactionNumberIsNotNull" storage="/home/vsts/work/1/s/payment.smartpay.bureau/src/tests/bin/release/net48/optimis.payment.smartpaybureau.tests.dll" id="d309737f-8bde-90e3-0615-7890eb082811">
      <Execution id="b8c4d4cc-256f-40a7-9c23-57f034791589" />
      <TestMethod codeBase="/home/vsts/work/1/s/payment.smartpay.bureau/src/Tests/bin/Release/net48/Optimis.Payment.SmartPayBureau.Tests.dll" adapterTypeName="executor://mstestadapter/v2" className="Optimis.Payment.SmartPayBureau.Tests.ActionTests.StatusTests" name="ShouldSetTheTransactionReferenceWhenLegacyTransactionNumberIsNotNull" />
    </UnitTest>
    <UnitTest name="ShouldRefundTransaction" storage="/home/vsts/work/1/s/payment.smartpay.bureau/src/tests/bin/release/net48/optimis.payment.smartpaybureau.tests.dll" id="b4390802-5010-9e58-1c40-c2dc3db43712">
      <TestCategory>
        <TestCategoryItem TestCategory="Interesting" />
      </TestCategory>
      <Execution id="712ba902-ad18-43b0-83ab-6baec008fe8d" />
      <TestMethod codeBase="/home/vsts/work/1/s/payment.smartpay.bureau/src/Tests/bin/Release/net48/Optimis.Payment.SmartPayBureau.Tests.dll" adapterTypeName="executor://mstestadapter/v2" className="Optimis.Payment.SmartPayBureau.Tests.ActionTests.RefundTests" name="ShouldRefundTransaction" />
    </UnitTest>
  </TestDefinitions>
  <TestEntries>
    <TestEntry testId="e7d8c60a-a78e-021e-f338-d6871015868e" executionId="fb91ba1e-f278-476a-b7e4-8d76af051851" testListId="8c84fa94-04c1-424b-9868-57a2d4851a1d" />
    <TestEntry testId="1f670645-d56f-933d-d08f-b27b7f0b94c5" executionId="1a734904-8e6b-48d2-8f5d-c7b91df912c8" testListId="8c84fa94-04c1-424b-9868-57a2d4851a1d" />
    <TestEntry testId="f3815f6a-8938-1836-14ac-589e0b78c275" executionId="7e2b3f14-5877-4a69-af1d-0c7e3790ae79" testListId="8c84fa94-04c1-424b-9868-57a2d4851a1d" />
    <TestEntry testId="8b568998-aa4a-e6fc-5842-0df3b2a98adc" executionId="37ca72af-0a7c-4d78-9f70-2b5be1224cd7" testListId="8c84fa94-04c1-424b-9868-57a2d4851a1d" />
    <TestEntry testId="0f4db286-3c61-ca8c-739c-00f6d7453f01" executionId="3868a66f-5636-4142-ba1b-4419c81a9301" testListId="8c84fa94-04c1-424b-9868-57a2d4851a1d" />
    <TestEntry testId="87033f7f-7293-f15d-39f0-c6868773f5ab" executionId="540f33c8-feb7-446b-9950-745500f20890" testListId="8c84fa94-04c1-424b-9868-57a2d4851a1d" />
    <TestEntry testId="5a6387cd-11d1-cbda-9a28-b2c04c2fa108" executionId="6da824c3-1ad7-4923-aea3-806012ee61b7" testListId="8c84fa94-04c1-424b-9868-57a2d4851a1d" />
    <TestEntry testId="164a2c5b-e354-ac1a-d0ca-0f22934e0f13" executionId="51efa09d-1d66-46df-a12e-3bfe77c22610" testListId="8c84fa94-04c1-424b-9868-57a2d4851a1d" />
    <TestEntry testId="a70a19ba-1b6e-12f7-fa00-2c945790e66d" executionId="3dcbf370-32ca-4e9d-9adb-6347ff0b2711" testListId="8c84fa94-04c1-424b-9868-57a2d4851a1d" />
    <TestEntry testId="7edc5100-eca1-470d-d2ed-037ada91af38" executionId="8600498c-e1f2-4379-826f-73588677418a" testListId="8c84fa94-04c1-424b-9868-57a2d4851a1d" />
    <TestEntry testId="7f021ba4-ce47-c759-0e9a-e85913d720db" executionId="c8c636c5-8d1a-40d1-9b20-65d968042613" testListId="8c84fa94-04c1-424b-9868-57a2d4851a1d" />
    <TestEntry testId="bd0f3e87-2d49-7223-2c00-e0924f9c83f5" executionId="868217d3-4a8f-4036-9886-314c10b3f4b9" testListId="8c84fa94-04c1-424b-9868-57a2d4851a1d" />
    <TestEntry testId="ab28ccf6-333d-b4aa-d447-f56c9db347dc" executionId="ab1fd446-307d-427f-bf62-3fb17af2e668" testListId="8c84fa94-04c1-424b-9868-57a2d4851a1d" />
    <TestEntry testId="16b3b326-cc84-6c59-cca4-fcf99dce36ba" executionId="8e1fbc57-3b45-4892-8814-85592be5beef" testListId="8c84fa94-04c1-424b-9868-57a2d4851a1d" />
    <TestEntry testId="bbe06873-5587-57a7-4c05-c20596f08802" executionId="c2ac505a-6f7f-4c81-8032-91aec3b514cb" testListId="8c84fa94-04c1-424b-9868-57a2d4851a1d" />
    <TestEntry testId="b346dfbf-3c2d-699a-985c-d7f8bf492fb1" executionId="95e71713-e38f-40df-ba34-96added76236" testListId="8c84fa94-04c1-424b-9868-57a2d4851a1d" />
    <TestEntry testId="aa47d6b1-108d-99f5-94b2-59cb8f57d7a1" executionId="88e6f8f1-e451-41ed-a37b-1d2e661d0be0" testListId="8c84fa94-04c1-424b-9868-57a2d4851a1d" />
    <TestEntry testId="22d45d7c-261c-a3ed-c9ba-05d4b8217242" executionId="eb8e2541-a008-46b4-876d-78fd8597af5b" testListId="8c84fa94-04c1-424b-9868-57a2d4851a1d" />
    <TestEntry testId="fdfb1a8a-03c0-c004-80b1-15cb51a9925a" executionId="8e909b7b-ebe2-419e-8981-1825fae111ee" testListId="8c84fa94-04c1-424b-9868-57a2d4851a1d" />
    <TestEntry testId="fa963db9-1434-5174-259d-d7d67be44055" executionId="9e8ecb32-025e-4b29-822d-c6a5ed242ba1" testListId="8c84fa94-04c1-424b-9868-57a2d4851a1d" />
    <TestEntry testId="eff09d83-bd92-0411-f0da-02775c83cec1" executionId="c31e09a0-293e-41fd-be2b-59b41c3601c1" testListId="8c84fa94-04c1-424b-9868-57a2d4851a1d" />
    <TestEntry testId="d1961d8c-ff91-ed5b-2daa-ea7911098b62" executionId="9a7b6314-0e42-416b-a3ca-729e255f13ac" testListId="8c84fa94-04c1-424b-9868-57a2d4851a1d" />
    <TestEntry testId="9801fb59-c57e-5801-2fe7-0d635dc7d934" executionId="f47f8d93-20aa-4757-9444-3f4ceaa2d05a" testListId="8c84fa94-04c1-424b-9868-57a2d4851a1d" />
    <TestEntry testId="5aa5ea04-6bfa-51ef-b206-a607967dfccc" executionId="402552e4-eb47-493b-98ed-9b45cac3063e" testListId="8c84fa94-04c1-424b-9868-57a2d4851a1d" />
    <TestEntry testId="b6339c5b-f34b-700b-6f92-633c9a7b2875" executionId="beee2da0-455f-4685-b658-c6b267f3fdbb" testListId="8c84fa94-04c1-424b-9868-57a2d4851a1d" />
    <TestEntry testId="8a19cc13-e9ae-fab0-9fcf-bab61bab3f54" executionId="294b405e-a86f-4e5f-9378-7ffaf4467a95" testListId="8c84fa94-04c1-424b-9868-57a2d4851a1d" />
    <TestEntry testId="9310dba4-9950-11c6-2796-11498a681546" executionId="6032ba1f-29c5-4944-a232-3ab185cd37d5" testListId="8c84fa94-04c1-424b-9868-57a2d4851a1d" />
    <TestEntry testId="a9197f0a-8ee9-e62b-2829-2109af07411e" executionId="7b8b15e7-ec6e-478f-9e69-f8b4e07bf9a5" testListId="8c84fa94-04c1-424b-9868-57a2d4851a1d" />
    <TestEntry testId="4a841170-9862-d267-b0df-c437e1f8c222" executionId="56d4bb3c-a198-401e-a3cd-da6dcfa7eeec" testListId="8c84fa94-04c1-424b-9868-57a2d4851a1d" />
    <TestEntry testId="1dca3bce-8d12-528a-a6d5-9c43cadba373" executionId="9fccad95-cd0b-4a22-b778-0b6fdb81f9fd" testListId="8c84fa94-04c1-424b-9868-57a2d4851a1d" />
    <TestEntry testId="e89eaea6-87d7-c54c-6626-d95ac312c7a4" executionId="b175a9b9-ac13-4e54-84bb-c29841e2ac47" testListId="8c84fa94-04c1-424b-9868-57a2d4851a1d" />
    <TestEntry testId="1f85aa92-a7b8-90e3-cd84-675231e8b2ea" executionId="bacfe150-1c12-4b50-bc08-94e31c7b7eb7" testListId="8c84fa94-04c1-424b-9868-57a2d4851a1d" />
    <TestEntry testId="de6429c0-23aa-7a4c-02b7-3f0d4e9a4b93" executionId="876ed1f5-b073-457c-a396-de87d3752f88" testListId="8c84fa94-04c1-424b-9868-57a2d4851a1d" />
    <TestEntry testId="479a1010-f6e9-9671-1803-2b402b0dd79f" executionId="110b1ae2-7a77-4d25-9154-f6be6db65e5d" testListId="8c84fa94-04c1-424b-9868-57a2d4851a1d" />
    <TestEntry testId="b261375e-fd2d-3029-2da5-973d26ab235f" executionId="2bcedf69-e255-4c64-89b5-574b00c62f67" testListId="8c84fa94-04c1-424b-9868-57a2d4851a1d" />
    <TestEntry testId="de85d904-22d1-2d53-5f95-378c27a3eaaf" executionId="a554d084-4ab3-4d32-9217-2f1a13781ae8" testListId="8c84fa94-04c1-424b-9868-57a2d4851a1d" />
    <TestEntry testId="0ed4bcc1-7723-170d-d3e0-27feb4c8b890" executionId="706da2d4-e082-4be9-beab-8c0cbb195e61" testListId="8c84fa94-04c1-424b-9868-57a2d4851a1d" />
    <TestEntry testId="bd0f3e87-2d49-7223-2c00-e0924f9c83f5" executionId="2fb3f724-b060-4a88-bea9-a6fe1dda88c8" testListId="8c84fa94-04c1-424b-9868-57a2d4851a1d" />
    <TestEntry testId="d0f1b942-6143-e709-c747-a266749b886a" executionId="d1cb0871-b712-44e2-9e11-f4361f4629de" testListId="8c84fa94-04c1-424b-9868-57a2d4851a1d" />
    <TestEntry testId="1470dc2f-2837-0db2-86ba-cbf170e3a57a" executionId="448dcdb4-d013-42fe-903d-50b802d615b0" testListId="8c84fa94-04c1-424b-9868-57a2d4851a1d" />
    <TestEntry testId="931ab4b7-aef9-163c-fe9c-df9d028946fc" executionId="5972479d-435c-4164-a173-f45a5e5ecad3" testListId="8c84fa94-04c1-424b-9868-57a2d4851a1d" />
    <TestEntry testId="2d43241f-ee2e-eaea-1ee2-6b26ad25791c" executionId="2d79f1b8-40ea-45d1-b13e-f5829536d5c0" testListId="8c84fa94-04c1-424b-9868-57a2d4851a1d" />
    <TestEntry testId="f87a3c24-9fac-e0ac-0fbf-ceacf1607988" executionId="a2be9d22-0f16-41ed-bc50-5877d35aff44" testListId="8c84fa94-04c1-424b-9868-57a2d4851a1d" />
    <TestEntry testId="03b63410-9ef7-d8b9-b08c-0822217ba785" executionId="875d83bf-9fa3-48b9-b58b-8c393517b270" testListId="8c84fa94-04c1-424b-9868-57a2d4851a1d" />
    <TestEntry testId="0f81a69c-6032-e972-62aa-6312066c0bef" executionId="88e30c02-9b2a-4c38-91fe-520b8233b0f2" testListId="8c84fa94-04c1-424b-9868-57a2d4851a1d" />
    <TestEntry testId="657d1624-3e31-b7a4-86e1-b2905ca4dd45" executionId="f9904bff-6278-4da4-8a38-040ba08aabd8" testListId="8c84fa94-04c1-424b-9868-57a2d4851a1d" />
    <TestEntry testId="600245f2-231c-e3ab-6306-8014302485f9" executionId="c371cd51-91d9-4f4f-93dd-7e60a7790b5d" testListId="8c84fa94-04c1-424b-9868-57a2d4851a1d" />
    <TestEntry testId="a8019242-1b8b-4dac-6b31-8bb78ccf691d" executionId="180b25ff-c4a2-4fb5-a61a-093512344025" testListId="8c84fa94-04c1-424b-9868-57a2d4851a1d" />
    <TestEntry testId="edaca9e8-b563-259f-cf5b-d16e71917a5d" executionId="b5ed6718-5886-440f-b600-69f872b1405f" testListId="8c84fa94-04c1-424b-9868-57a2d4851a1d" />
    <TestEntry testId="ef50a747-b633-a32d-55bb-d79f6dcd20b2" executionId="00d61cea-98b8-45b9-b542-9e080183a145" testListId="8c84fa94-04c1-424b-9868-57a2d4851a1d" />
    <TestEntry testId="b1c40a64-cd26-77a6-5dd1-489c9e9f7ce6" executionId="e0b8cae1-1fe7-437c-bf2a-37575315fbf4" testListId="8c84fa94-04c1-424b-9868-57a2d4851a1d" />
    <TestEntry testId="324d4a31-7176-fbdd-5c3c-c7acd24cb06e" executionId="08c20459-4a1e-474d-83b0-f9b7a559324c" testListId="8c84fa94-04c1-424b-9868-57a2d4851a1d" />
    <TestEntry testId="2e75e45b-c9e1-d9d9-bfac-4d9ece6335ac" executionId="99dd39af-7e45-407a-a954-7b735893ffe6" testListId="8c84fa94-04c1-424b-9868-57a2d4851a1d" />
    <TestEntry testId="3f0bd07c-b704-15ac-93f5-529d50da5776" executionId="5b0d9128-e6a9-4c2c-a395-4d3f08d46774" testListId="8c84fa94-04c1-424b-9868-57a2d4851a1d" />
    <TestEntry testId="0fa6c5b5-a4ce-3874-d54f-69f4538d4db7" executionId="82a84046-7d01-4f6c-a158-9de0a152b557" testListId="8c84fa94-04c1-424b-9868-57a2d4851a1d" />
    <TestEntry testId="2ab0e3ad-daef-2497-fc12-efdc78e834e5" executionId="7861cb92-9c02-4eb5-b1d2-4b6d6dacf5a0" testListId="8c84fa94-04c1-424b-9868-57a2d4851a1d" />
    <TestEntry testId="6db3b1a0-33c1-c016-b8c1-400fd1fcab46" executionId="700e4b12-c8cf-4d5c-ae33-24451b3d1a84" testListId="8c84fa94-04c1-424b-9868-57a2d4851a1d" />
    <TestEntry testId="949bc5bc-4f53-b56d-1ae0-f975c3cf8cca" executionId="29b512eb-6937-4946-b1ff-0b5203d48c2b" testListId="8c84fa94-04c1-424b-9868-57a2d4851a1d" />
    <TestEntry testId="0d5f3881-9f74-5ba6-55cd-49929b97968a" executionId="0b1a7e66-6dac-4b42-bf8b-359cc7a04e06" testListId="8c84fa94-04c1-424b-9868-57a2d4851a1d" />
    <TestEntry testId="d815865c-a498-fd09-554d-da0b1e6d10aa" executionId="cc0c1e3f-9903-4b04-adb0-1538e33c0e83" testListId="8c84fa94-04c1-424b-9868-57a2d4851a1d" />
    <TestEntry testId="ee202971-b172-ce95-4153-81705c9863f0" executionId="5a0ecfe9-5940-4fec-9492-88a3b88d3b7a" testListId="8c84fa94-04c1-424b-9868-57a2d4851a1d" />
    <TestEntry testId="35a25e45-fb54-d63b-8e58-995c1cbea674" executionId="2e54da98-998e-4b09-8cd2-515c53d9c531" testListId="8c84fa94-04c1-424b-9868-57a2d4851a1d" />
    <TestEntry testId="6418872a-cf52-2479-ca3f-3648cfcf0064" executionId="4bc02387-c0d1-4bc5-b433-e734a048f725" testListId="8c84fa94-04c1-424b-9868-57a2d4851a1d" />
    <TestEntry testId="6030da1d-97fa-21a4-17e6-8b4edb67b33f" executionId="3db85d13-c4f1-471e-8ac7-4760d82887c5" testListId="8c84fa94-04c1-424b-9868-57a2d4851a1d" />
    <TestEntry testId="12124c31-87cb-74bb-6037-c6d2ed5968da" executionId="307a1b28-d84b-463d-a15f-bb59542fb67f" testListId="8c84fa94-04c1-424b-9868-57a2d4851a1d" />
    <TestEntry testId="14a75706-78d9-5245-a1e5-40328647eb94" executionId="e2f3645c-bf90-41b7-b70f-33ffc91b0523" testListId="8c84fa94-04c1-424b-9868-57a2d4851a1d" />
    <TestEntry testId="6d36bd06-1bc1-c4be-650e-6ce901194bac" executionId="d63bcbba-edef-4169-b2b4-45c47d006dc1" testListId="8c84fa94-04c1-424b-9868-57a2d4851a1d" />
    <TestEntry testId="953b7d46-eba8-e2d3-d9a6-d1f91d76e0c7" executionId="8bd3608f-48df-4336-968c-8f14cd8dcc0d" testListId="8c84fa94-04c1-424b-9868-57a2d4851a1d" />
    <TestEntry testId="d5216fe9-fa5a-5d23-fdd7-178e43d8e62c" executionId="3fede2b8-065e-492e-8890-6a6eb35c6316" testListId="8c84fa94-04c1-424b-9868-57a2d4851a1d" />
    <TestEntry testId="f380e459-0611-dbc0-e0a0-1ca3194b0111" executionId="51f2c4b5-2387-4e91-9dc7-aeaca2f7732f" testListId="8c84fa94-04c1-424b-9868-57a2d4851a1d" />
    <TestEntry testId="bd0f3e87-2d49-7223-2c00-e0924f9c83f5" executionId="f2d295e1-9e43-48a2-8c51-c9d24f722123" testListId="8c84fa94-04c1-424b-9868-57a2d4851a1d" />
    <TestEntry testId="625d5b04-49eb-ab5c-bbe2-7c38b408ef98" executionId="ec6b6eb2-1319-4298-9231-55ffb28359b6" testListId="8c84fa94-04c1-424b-9868-57a2d4851a1d" />
    <TestEntry testId="1a638f80-7f95-8971-a84c-b161975320ae" executionId="c3e7ff36-dfd5-4fb3-bee1-cd6615bae6ba" testListId="8c84fa94-04c1-424b-9868-57a2d4851a1d" />
    <TestEntry testId="0700b622-f13b-5f26-1631-69b16de2d634" executionId="2e755893-c869-476b-91c2-dfe72335bd3b" testListId="8c84fa94-04c1-424b-9868-57a2d4851a1d" />
    <TestEntry testId="cf6e05f9-3332-a5bb-31bc-614c18c6416d" executionId="f7a11467-3bd2-4d2a-9d7c-9936736b5bf6" testListId="8c84fa94-04c1-424b-9868-57a2d4851a1d" />
    <TestEntry testId="56dcae10-cee1-63b2-fc6a-5c29901857df" executionId="5ed753dd-30c2-49da-9253-cd84f3708f92" testListId="8c84fa94-04c1-424b-9868-57a2d4851a1d" />
    <TestEntry testId="c4260e34-f7a3-5baa-8da6-3713fd88568d" executionId="7a6ffd35-8a87-4ca7-b45e-520501600a2c" testListId="8c84fa94-04c1-424b-9868-57a2d4851a1d" />
    <TestEntry testId="c315f05c-f93c-cce8-24f4-d7732cc89d41" executionId="db7d802c-a0b5-41a9-8dde-901440095394" testListId="8c84fa94-04c1-424b-9868-57a2d4851a1d" />
    <TestEntry testId="349bb34e-f1aa-9612-d7c2-c1cc0a194215" executionId="29c2e08c-bb74-42a3-957b-47e929742086" testListId="8c84fa94-04c1-424b-9868-57a2d4851a1d" />
    <TestEntry testId="650f89a6-f5e2-82dd-506d-a82c06c0fb58" executionId="6f2685a6-1ac2-41a5-a7aa-918533d36004" testListId="8c84fa94-04c1-424b-9868-57a2d4851a1d" />
    <TestEntry testId="aadea723-6442-fab8-26c4-5c8c7346b3f7" executionId="c778d310-b39c-4aca-a13e-bcccae58a516" testListId="8c84fa94-04c1-424b-9868-57a2d4851a1d" />
    <TestEntry testId="69be6d02-c0c4-bd3b-3757-35526cf9a713" executionId="5c3e579b-5d51-4dd8-8bdc-0bb9c694aaae" testListId="8c84fa94-04c1-424b-9868-57a2d4851a1d" />
    <TestEntry testId="b8a6aff8-1ae1-e5bf-6532-0065b2f37c95" executionId="31fdff1a-61ac-4c67-9db9-f13340bb382d" testListId="8c84fa94-04c1-424b-9868-57a2d4851a1d" />
    <TestEntry testId="8a74e8d9-27ac-89a5-b9f9-f1982d2a50ed" executionId="34c3d019-6b90-42d4-b954-3985e2a303ad" testListId="8c84fa94-04c1-424b-9868-57a2d4851a1d" />
    <TestEntry testId="f87a3c24-9fac-e0ac-0fbf-ceacf1607988" executionId="8e659497-97e7-445f-80ed-31a98ff86fd6" testListId="8c84fa94-04c1-424b-9868-57a2d4851a1d" />
    <TestEntry testId="03ceebc4-cb62-e21a-f6c4-7dfec1f2acbd" executionId="4dc048c4-b0e3-498b-b3b3-a980b3a0dc5d" testListId="8c84fa94-04c1-424b-9868-57a2d4851a1d" />
    <TestEntry testId="878e5a41-635c-e2d9-b932-afc9b2fdfeee" executionId="f59d2f82-d23f-49af-b2fa-290bfbf1f399" testListId="8c84fa94-04c1-424b-9868-57a2d4851a1d" />
    <TestEntry testId="ff7bc51f-96f8-8b43-a95f-5510620589ca" executionId="7bcada5b-e505-4093-81ee-f52d75efeeb9" testListId="8c84fa94-04c1-424b-9868-57a2d4851a1d" />
    <TestEntry testId="32ca7776-2272-3ec7-56fa-26cd76582f66" executionId="6ed3ddc9-8176-4e71-a2ac-c60d0277c732" testListId="8c84fa94-04c1-424b-9868-57a2d4851a1d" />
    <TestEntry testId="d309737f-8bde-90e3-0615-7890eb082811" executionId="b8c4d4cc-256f-40a7-9c23-57f034791589" testListId="8c84fa94-04c1-424b-9868-57a2d4851a1d" />
    <TestEntry testId="10b31d38-d28f-2084-de66-b26a285f9b7d" executionId="81fb7b1b-931a-4756-ac0b-f9e5b99bc389" testListId="8c84fa94-04c1-424b-9868-57a2d4851a1d" />
    <TestEntry testId="a01c599e-30b7-1db8-c907-c74105543595" executionId="b475c85c-5b5c-4668-b197-f6f06228bfde" testListId="8c84fa94-04c1-424b-9868-57a2d4851a1d" />
    <TestEntry testId="71263871-b345-a36d-9659-f3714dc2b43b" executionId="29d750f9-da96-4b8d-87ed-0421476714b6" testListId="8c84fa94-04c1-424b-9868-57a2d4851a1d" />
    <TestEntry testId="473f7879-5b1c-2342-8373-21a426ac7d99" executionId="7a250b3d-9463-4388-9852-9707c6b775d1" testListId="8c84fa94-04c1-424b-9868-57a2d4851a1d" />
    <TestEntry testId="0bdcc7fa-3eec-05f9-f64a-861f85e76da2" executionId="c20f74dd-c08c-4ed9-8aa4-310e4ecd0eb6" testListId="8c84fa94-04c1-424b-9868-57a2d4851a1d" />
    <TestEntry testId="078dc4dd-7db2-83cf-4e86-bc95086343a6" executionId="b55e907b-c742-4672-b71f-dc0633ef6f35" testListId="8c84fa94-04c1-424b-9868-57a2d4851a1d" />
    <TestEntry testId="2d43241f-ee2e-eaea-1ee2-6b26ad25791c" executionId="2f24a306-08dc-41ff-9265-fef3371816d4" testListId="8c84fa94-04c1-424b-9868-57a2d4851a1d" />
    <TestEntry testId="77d88c57-7546-91c6-2ac0-f2e485837b94" executionId="9d417b4c-067c-4fbb-9022-42e40740a60c" testListId="8c84fa94-04c1-424b-9868-57a2d4851a1d" />
    <TestEntry testId="f98fa194-4736-27ab-c476-f403b0077a1a" executionId="2d4ad08e-da5a-4880-aae8-ac5a1c94356a" testListId="8c84fa94-04c1-424b-9868-57a2d4851a1d" />
    <TestEntry testId="cee03e62-3045-b87e-b4a2-b5a05580eff1" executionId="739ce04b-2e18-4925-89e8-397ee2ab87ae" testListId="8c84fa94-04c1-424b-9868-57a2d4851a1d" />
    <TestEntry testId="c9149644-c226-b5d5-1fa6-5bd7744713a6" executionId="a5cd8fc0-f5fb-4b10-8133-7e55356b36b0" testListId="8c84fa94-04c1-424b-9868-57a2d4851a1d" />
    <TestEntry testId="d731cb6d-8c14-5265-20f3-68193a8390a2" executionId="6e5740a4-3e36-47f2-aa03-aad2bdf10d46" testListId="8c84fa94-04c1-424b-9868-57a2d4851a1d" />
    <TestEntry testId="cf680249-8bea-c168-59ca-49f3b3b4b325" executionId="894662e5-b288-4b98-8a44-70116b58953b" testListId="8c84fa94-04c1-424b-9868-57a2d4851a1d" />
    <TestEntry testId="8ded2231-f6e8-f413-4369-b06100f2e149" executionId="42ddce3b-6ed7-4f0c-afd8-4bb911312daf" testListId="8c84fa94-04c1-424b-9868-57a2d4851a1d" />
    <TestEntry testId="e7afd072-de89-718d-e806-5a4abe0ba67d" executionId="e5cae373-86f5-4229-914a-526fb126fa86" testListId="8c84fa94-04c1-424b-9868-57a2d4851a1d" />
    <TestEntry testId="97683721-c474-5b19-e360-916b792579c9" executionId="cefe206d-6608-42e5-86c1-fe40306a0acb" testListId="8c84fa94-04c1-424b-9868-57a2d4851a1d" />
    <TestEntry testId="91dd6d48-f4f7-2180-7fe8-fa73445da9e6" executionId="aa7c6d5d-44a1-4481-b12a-2dd3d626702d" testListId="8c84fa94-04c1-424b-9868-57a2d4851a1d" />
    <TestEntry testId="e9a74811-31d4-9672-9479-8c8858c817d3" executionId="3e3605bf-c377-4d60-9ac4-ee59aac67da7" testListId="8c84fa94-04c1-424b-9868-57a2d4851a1d" />
    <TestEntry testId="bd0f3e87-2d49-7223-2c00-e0924f9c83f5" executionId="0402c463-9b7d-4d67-bc88-525c13e9210d" testListId="8c84fa94-04c1-424b-9868-57a2d4851a1d" />
    <TestEntry testId="05c642ea-f6ad-dfe9-586e-5db97a6e034c" executionId="8e3ca42c-b2cd-4c63-b1fd-8a0932ccd8dd" testListId="8c84fa94-04c1-424b-9868-57a2d4851a1d" />
    <TestEntry testId="ea8ddf2c-7695-9758-f2f1-63406c0eeacd" executionId="1b81aa04-ccee-4504-afe3-48ba85cafb25" testListId="8c84fa94-04c1-424b-9868-57a2d4851a1d" />
    <TestEntry testId="25fa6c41-be47-c14c-41d4-3c03825fd3f4" executionId="21cd7a16-f6ee-44b8-88bc-4590d0d8d924" testListId="8c84fa94-04c1-424b-9868-57a2d4851a1d" />
    <TestEntry testId="6a76bdfe-8f90-20c9-8669-adb6bea4f12a" executionId="6bf7d441-b8b8-4f99-a856-90ff3c5f7dfb" testListId="8c84fa94-04c1-424b-9868-57a2d4851a1d" />
    <TestEntry testId="d2e83fa4-7367-d690-7680-4ac979e36eec" executionId="898b7660-1c8d-4b9e-b9c9-8b2e4bdea0d1" testListId="8c84fa94-04c1-424b-9868-57a2d4851a1d" />
    <TestEntry testId="7d0b294a-d739-d1b1-4ed8-632afb6c2797" executionId="62441b83-6737-48ef-840f-92818aeec680" testListId="8c84fa94-04c1-424b-9868-57a2d4851a1d" />
    <TestEntry testId="f35d070a-4641-4634-dea9-a41eb0abdeaf" executionId="823d881b-34de-40f1-a1e6-dd0c379eb5d0" testListId="8c84fa94-04c1-424b-9868-57a2d4851a1d" />
    <TestEntry testId="b5e314ea-39c4-91c7-4d8e-cf6e2fc20fc0" executionId="3b1dc998-ef05-4335-baf3-c1cbcec94ea8" testListId="8c84fa94-04c1-424b-9868-57a2d4851a1d" />
    <TestEntry testId="a01e612e-fa38-1aa7-dec6-c704fb1ebbec" executionId="44b41727-1645-4ff1-a7ce-4e85307ebeb2" testListId="8c84fa94-04c1-424b-9868-57a2d4851a1d" />
    <TestEntry testId="4d1aa020-061c-ac2a-9b59-bb32cb08ad3c" executionId="cb9d9e73-7ab3-410c-afac-de5c9f362986" testListId="8c84fa94-04c1-424b-9868-57a2d4851a1d" />
    <TestEntry testId="1c4d3a17-98ad-9f7c-8132-6929c6e96385" executionId="048fba24-2f70-4ea6-9a1d-91288de47c14" testListId="8c84fa94-04c1-424b-9868-57a2d4851a1d" />
    <TestEntry testId="d87e6aab-b88f-8865-9562-b6a2d3f29df4" executionId="b12e4ee0-b0e3-4c3b-8fb3-863fdfd0dcda" testListId="8c84fa94-04c1-424b-9868-57a2d4851a1d" />
    <TestEntry testId="71b74b19-0efa-ddcd-605c-640d7b3f3c81" executionId="6afac90a-796e-402b-91f3-9470911300d0" testListId="8c84fa94-04c1-424b-9868-57a2d4851a1d" />
    <TestEntry testId="651dbae8-5cff-f20f-4e15-8a99e48babbc" executionId="70ae573b-55e1-4653-8b4a-5f3a73d2c26d" testListId="8c84fa94-04c1-424b-9868-57a2d4851a1d" />
    <TestEntry testId="db9f74da-eb80-30c8-5f4a-0f9a9f953797" executionId="e0b7d5c8-d553-4017-a744-eec0cfeebb25" testListId="8c84fa94-04c1-424b-9868-57a2d4851a1d" />
    <TestEntry testId="4c4b0dbe-e052-0fd0-22a8-64e04b690360" executionId="45bb93d2-f704-4fb7-9115-37b4e814a9c8" testListId="8c84fa94-04c1-424b-9868-57a2d4851a1d" />
    <TestEntry testId="bd0f3e87-2d49-7223-2c00-e0924f9c83f5" executionId="049c9db0-ca91-46b2-ae42-46ab2965d88f" testListId="8c84fa94-04c1-424b-9868-57a2d4851a1d" />
    <TestEntry testId="00d0f0ea-2908-f516-3769-9ac87996e87a" executionId="2d7a18fc-ec73-4c40-adc8-b253dca2c936" testListId="8c84fa94-04c1-424b-9868-57a2d4851a1d" />
    <TestEntry testId="f4ccdd98-06c3-7563-20a4-b2602c08b6d6" executionId="13f55af7-4bc5-47c0-b9cb-35ca79e7ba7b" testListId="8c84fa94-04c1-424b-9868-57a2d4851a1d" />
    <TestEntry testId="df03ff3a-952d-b1df-79d2-b9f5051fb6a4" executionId="6f752d98-1a5f-4a2c-9bf4-1321ae1c35a4" testListId="8c84fa94-04c1-424b-9868-57a2d4851a1d" />
    <TestEntry testId="aaff236b-5026-37b0-14bd-8bc68da1568f" executionId="09b31f0b-699b-4a66-a592-cc5a627c0f15" testListId="8c84fa94-04c1-424b-9868-57a2d4851a1d" />
    <TestEntry testId="b4390802-5010-9e58-1c40-c2dc3db43712" executionId="712ba902-ad18-43b0-83ab-6baec008fe8d" testListId="8c84fa94-04c1-424b-9868-57a2d4851a1d" />
    <TestEntry testId="0ac78b68-dffb-02b2-4fc2-b7bf7c5b4d4f" executionId="18a014a5-bed8-4fa9-8522-eee34a3a967f" testListId="8c84fa94-04c1-424b-9868-57a2d4851a1d" />
    <TestEntry testId="34ed5930-0905-87f5-13b8-aaedfba6b483" executionId="fc172b7b-1179-483f-801a-bcb5955fce95" testListId="8c84fa94-04c1-424b-9868-57a2d4851a1d" />
    <TestEntry testId="8497b7c2-a24e-6ddf-4b8f-a8f3875f4280" executionId="f01d2300-5a50-4bbf-81f9-4b635814f5b4" testListId="8c84fa94-04c1-424b-9868-57a2d4851a1d" />
    <TestEntry testId="bd0f3e87-2d49-7223-2c00-e0924f9c83f5" executionId="215b742d-a8ad-4311-8a7b-3d9ec3fcee8f" testListId="8c84fa94-04c1-424b-9868-57a2d4851a1d" />
    <TestEntry testId="18b0a952-bcb3-797c-de4e-5b58e79b559e" executionId="4adaf306-3a4c-4b4a-b889-39faeac0bb97" testListId="8c84fa94-04c1-424b-9868-57a2d4851a1d" />
    <TestEntry testId="b586de7d-1e4f-5d7d-fede-ffaaade982bb" executionId="63cc3595-1e0a-4e53-92fc-109af4afdd47" testListId="8c84fa94-04c1-424b-9868-57a2d4851a1d" />
    <TestEntry testId="f68ddeb3-7789-1eb2-6afe-d1fb5899993a" executionId="ffb591cd-c315-4068-858f-80aa2fcc4c26" testListId="8c84fa94-04c1-424b-9868-57a2d4851a1d" />
    <TestEntry testId="3548b906-5c85-78c4-ba18-778275e8ba1d" executionId="210efb91-4dac-4696-aa2b-ba76cc10f18f" testListId="8c84fa94-04c1-424b-9868-57a2d4851a1d" />
    <TestEntry testId="82a86977-5dd9-47db-085d-325fef4b70a7" executionId="cbcb7150-9154-4cb4-a1a9-b7e540f1e561" testListId="8c84fa94-04c1-424b-9868-57a2d4851a1d" />
    <TestEntry testId="f87a3c24-9fac-e0ac-0fbf-ceacf1607988" executionId="4aa4ae05-2136-43cb-a4f9-d55ac7ce0f9a" testListId="8c84fa94-04c1-424b-9868-57a2d4851a1d" />
    <TestEntry testId="d82b5ce2-5ccf-4bd2-d2ea-5ea4b83e5c13" executionId="e89fea4e-033b-4870-8348-1cb70bbdde6e" testListId="8c84fa94-04c1-424b-9868-57a2d4851a1d" />
    <TestEntry testId="73d46ecf-fc51-9de8-b928-5f9775f2f506" executionId="976c6b10-639a-4e57-a310-19a467fc7f23" testListId="8c84fa94-04c1-424b-9868-57a2d4851a1d" />
    <TestEntry testId="118418ac-be74-b344-3e5f-7bd23cdc380e" executionId="974b3c62-23e7-4afa-81bb-b9f912fd2158" testListId="8c84fa94-04c1-424b-9868-57a2d4851a1d" />
    <TestEntry testId="7bf42b5d-91a8-dd82-1aab-608cc2cd3d55" executionId="aef83155-fc4a-4943-bcf1-3507ba5e15be" testListId="8c84fa94-04c1-424b-9868-57a2d4851a1d" />
    <TestEntry testId="56d17c22-3098-5609-c055-112eccf1af50" executionId="555c16ee-9498-4432-ae80-06ed2e4edc08" testListId="8c84fa94-04c1-424b-9868-57a2d4851a1d" />
    <TestEntry testId="cbf58ec5-b9d6-b6ad-56eb-d316267b70ef" executionId="4d229210-a147-4dab-bf6d-5aecec25f538" testListId="8c84fa94-04c1-424b-9868-57a2d4851a1d" />
    <TestEntry testId="4123c2f2-e7fa-2a00-d580-32a48077e3f0" executionId="8a3414f5-021a-4159-bc30-0f3d27d4142a" testListId="8c84fa94-04c1-424b-9868-57a2d4851a1d" />
    <TestEntry testId="dfe0ae2f-b595-710d-0282-818b37e150a4" executionId="784ebe87-2f0c-4b1c-a1ce-7579696d6444" testListId="8c84fa94-04c1-424b-9868-57a2d4851a1d" />
    <TestEntry testId="c6399e55-9948-0644-6584-89fe9bda36cf" executionId="dadb9c26-27be-4074-b448-909a093fee3d" testListId="8c84fa94-04c1-424b-9868-57a2d4851a1d" />
    <TestEntry testId="8871c6ef-8580-97ae-4c65-ecfb77a74b7b" executionId="9a2ddbe7-2f43-47c0-b7dd-8a0178848aca" testListId="8c84fa94-04c1-424b-9868-57a2d4851a1d" />
    <TestEntry testId="5c8d2149-8167-8423-9488-d66fb6f098ae" executionId="7d0ade89-00fd-4b82-8ae8-ec07951d680f" testListId="8c84fa94-04c1-424b-9868-57a2d4851a1d" />
    <TestEntry testId="6ead0c04-6414-f232-01d4-bd3b87df66eb" executionId="8ec062e5-a775-4844-9e96-eeebca78fd81" testListId="8c84fa94-04c1-424b-9868-57a2d4851a1d" />
    <TestEntry testId="f9fc4273-0a30-c961-78ae-382dc4054000" executionId="28de48c2-e183-4db1-8745-0a9163d30a33" testListId="8c84fa94-04c1-424b-9868-57a2d4851a1d" />
    <TestEntry testId="1fb8b099-ef59-6a03-f04e-e897dcfdbe0f" executionId="3d50cddb-8f61-4712-9d63-f873f907510a" testListId="8c84fa94-04c1-424b-9868-57a2d4851a1d" />
    <TestEntry testId="91a2a5f4-16b1-86b6-5e98-1e343e2a8b12" executionId="34e7aa2f-7b5c-489b-ba5f-7f7593b366e4" testListId="8c84fa94-04c1-424b-9868-57a2d4851a1d" />
    <TestEntry testId="f87a3c24-9fac-e0ac-0fbf-ceacf1607988" executionId="e97fd729-bc85-4658-b07c-b44ae304cc90" testListId="8c84fa94-04c1-424b-9868-57a2d4851a1d" />
    <TestEntry testId="b5326c58-8183-3bca-b0b9-e4b2c477934a" executionId="c99b78f9-f903-4bfa-9b90-7ec50f983528" testListId="8c84fa94-04c1-424b-9868-57a2d4851a1d" />
    <TestEntry testId="8add659f-8989-50f0-f434-c1eb8881ce15" executionId="08e8ad65-c03f-4b38-b80e-2943a2c50750" testListId="8c84fa94-04c1-424b-9868-57a2d4851a1d" />
    <TestEntry testId="8d3b298b-66dc-3d75-500a-925aa4ea8ff0" executionId="17ca82a9-97ae-4a3a-8b32-80d8ba149e8e" testListId="8c84fa94-04c1-424b-9868-57a2d4851a1d" />
    <TestEntry testId="2774d99f-029c-beaa-521c-d281f716c662" executionId="d2a2fadd-19cb-42d2-b7b4-2712fc6f0098" testListId="8c84fa94-04c1-424b-9868-57a2d4851a1d" />
    <TestEntry testId="3f8bceb8-f634-7014-46bd-047108d5185f" executionId="287cbb6c-54af-4f76-a908-a6779e66a0ca" testListId="8c84fa94-04c1-424b-9868-57a2d4851a1d" />
    <TestEntry testId="11916ca3-e2a9-dd5f-fecd-17f61b24712d" executionId="123ba7f6-f6d0-40f9-a062-c06107ecc478" testListId="8c84fa94-04c1-424b-9868-57a2d4851a1d" />
    <TestEntry testId="dd64f93f-fc1c-a776-b80e-1fcb8025e091" executionId="9b03fc2e-1b4a-4d74-bff2-1a144ad210bd" testListId="8c84fa94-04c1-424b-9868-57a2d4851a1d" />
    <TestEntry testId="1ccd7017-60fd-89cf-dd0d-9e555ce49f9f" executionId="c0155db7-af6f-449f-a298-9c50fb3e086c" testListId="8c84fa94-04c1-424b-9868-57a2d4851a1d" />
    <TestEntry testId="9cf5f0af-12b3-5f84-e072-2b44ea20d4bf" executionId="a575c9be-1ac2-4c5c-af6c-18c0b44c21a9" testListId="8c84fa94-04c1-424b-9868-57a2d4851a1d" />
    <TestEntry testId="05910a97-fa9a-c3c7-2578-d3b1a3cbc2a0" executionId="de9746f3-4c23-4ff3-9c0e-1bb8ae319840" testListId="8c84fa94-04c1-424b-9868-57a2d4851a1d" />
    <TestEntry testId="1177111d-d5cc-6841-9c56-0380d96e62d9" executionId="7727fe49-981c-494b-ae30-289fbd2f0548" testListId="8c84fa94-04c1-424b-9868-57a2d4851a1d" />
    <TestEntry testId="4602236f-5e84-9cd8-f274-cd453b8666fe" executionId="199882b7-c44c-41d5-8bf1-ca78162c6e9c" testListId="8c84fa94-04c1-424b-9868-57a2d4851a1d" />
    <TestEntry testId="aed45da8-83a2-691b-7538-1429950b27e0" executionId="1a2385b2-ca1f-49bc-912d-f0d111e3d2f0" testListId="8c84fa94-04c1-424b-9868-57a2d4851a1d" />
    <TestEntry testId="f42c7cc5-2a3c-853c-5950-c1a90130d310" executionId="19f28c0b-41d3-45d2-b206-12341931c538" testListId="8c84fa94-04c1-424b-9868-57a2d4851a1d" />
    <TestEntry testId="84d89ea2-8b19-c526-5db5-e0a510c98fdb" executionId="d848a73e-ad57-454a-9d0a-1107426ce52a" testListId="8c84fa94-04c1-424b-9868-57a2d4851a1d" />
    <TestEntry testId="c462a7d9-488b-8a13-9f6c-c52e1d87b658" executionId="b256dae2-a47d-430f-b34c-a2d41a750cd0" testListId="8c84fa94-04c1-424b-9868-57a2d4851a1d" />
    <TestEntry testId="69a7dc3c-c44c-239f-f5c6-71449279587b" executionId="747be4fb-f485-413f-a268-46d8700d64a8" testListId="8c84fa94-04c1-424b-9868-57a2d4851a1d" />
    <TestEntry testId="bd0f3e87-2d49-7223-2c00-e0924f9c83f5" executionId="8fb79b60-bc07-4326-ab88-86321cbbda1d" testListId="8c84fa94-04c1-424b-9868-57a2d4851a1d" />
    <TestEntry testId="92bb55e1-400e-074f-a777-9f930d360b73" executionId="6b66f0c3-e3d0-4fb9-9af5-447b3e5d77a3" testListId="8c84fa94-04c1-424b-9868-57a2d4851a1d" />
    <TestEntry testId="a927a4f6-fdeb-731f-afab-563abd3fb8fc" executionId="801450ed-c670-48e0-886d-61b2e45290a3" testListId="8c84fa94-04c1-424b-9868-57a2d4851a1d" />
    <TestEntry testId="3486a2c4-bd2d-23b4-67a1-87c819ac7834" executionId="e0490149-c08a-4165-afe9-d2016ee83d2a" testListId="8c84fa94-04c1-424b-9868-57a2d4851a1d" />
    <TestEntry testId="b5d9a973-f269-1dde-e3f2-f8fea9f3c505" executionId="81b3868d-9697-4aac-8828-c89da25f7085" testListId="8c84fa94-04c1-424b-9868-57a2d4851a1d" />
    <TestEntry testId="c3de3e0e-d882-22a3-b644-0383a90e3cb7" executionId="9b12ab1f-b285-43e6-923c-ca2ea6a54177" testListId="8c84fa94-04c1-424b-9868-57a2d4851a1d" />
    <TestEntry testId="97263f9c-6ce5-be77-b076-5342290c5469" executionId="399e19c8-ed57-4c30-a8a6-556b03fb84b0" testListId="8c84fa94-04c1-424b-9868-57a2d4851a1d" />
    <TestEntry testId="72696739-a554-3542-506c-2bf484c9604c" executionId="993af70f-17f3-49d8-af6b-5927ce276110" testListId="8c84fa94-04c1-424b-9868-57a2d4851a1d" />
    <TestEntry testId="e273d193-6126-6bc2-d7a3-42b6f222a59b" executionId="cf8cda6a-bddd-487f-bd75-dc9296edcb7d" testListId="8c84fa94-04c1-424b-9868-57a2d4851a1d" />
    <TestEntry testId="897aab27-2851-7abf-2094-16ddb472f792" executionId="21f4569e-6dfe-4396-9b8b-60425575154c" testListId="8c84fa94-04c1-424b-9868-57a2d4851a1d" />
    <TestEntry testId="cbf66374-bebb-b061-6514-5370d9651490" executionId="a71be8ff-f8a4-41cc-9516-033cddfff7f7" testListId="8c84fa94-04c1-424b-9868-57a2d4851a1d" />
    <TestEntry testId="f87a3c24-9fac-e0ac-0fbf-ceacf1607988" executionId="713c6212-539b-47c9-9a5f-f910f520ff3c" testListId="8c84fa94-04c1-424b-9868-57a2d4851a1d" />
    <TestEntry testId="67829d85-3c52-f2ab-a7ce-7bd568a2ba55" executionId="14ef5868-d556-4878-b75c-f93bbd74dc60" testListId="8c84fa94-04c1-424b-9868-57a2d4851a1d" />
    <TestEntry testId="7d720a89-70af-cac9-1f44-7f4f56b7a818" executionId="37cc1ec6-de92-4d5c-877b-01aba6763bb5" testListId="8c84fa94-04c1-424b-9868-57a2d4851a1d" />
    <TestEntry testId="44ed7928-74b7-0b2f-f164-272f13015bab" executionId="5cb43971-2508-402d-bd0b-711bc249bcca" testListId="8c84fa94-04c1-424b-9868-57a2d4851a1d" />
    <TestEntry testId="bd0f3e87-2d49-7223-2c00-e0924f9c83f5" executionId="2dba4e1d-829a-419c-9912-5f55561279cf" testListId="8c84fa94-04c1-424b-9868-57a2d4851a1d" />
    <TestEntry testId="ac593171-1552-cd7e-6139-10e2d49f6381" executionId="0232fc90-7a41-4122-8606-49bfecd16695" testListId="8c84fa94-04c1-424b-9868-57a2d4851a1d" />
    <TestEntry testId="bdf832c7-4b1b-46ba-108c-24820aecab6c" executionId="1c944049-8d85-405e-a3e2-f7323538611e" testListId="8c84fa94-04c1-424b-9868-57a2d4851a1d" />
    <TestEntry testId="dd322307-30fe-42eb-de03-3f10d5ac5bc1" executionId="621f0a85-fd27-40d7-9702-149c4ed773de" testListId="8c84fa94-04c1-424b-9868-57a2d4851a1d" />
    <TestEntry testId="5d88724a-8999-b949-3953-2d7b33250b9e" executionId="f976bdb1-2385-4fe3-bd35-a9a707b7fc66" testListId="8c84fa94-04c1-424b-9868-57a2d4851a1d" />
    <TestEntry testId="2a877341-2887-4390-a26e-b08f5f0932c3" executionId="7187f103-89c6-4822-beaa-a96edc4fedc1" testListId="8c84fa94-04c1-424b-9868-57a2d4851a1d" />
    <TestEntry testId="39bb32bc-3a25-a743-bd59-6e02864ae828" executionId="7949d569-97fe-4fdc-8754-6992e425c5c3" testListId="8c84fa94-04c1-424b-9868-57a2d4851a1d" />
    <TestEntry testId="e506aabf-a52c-3ffc-e7ce-9668498b5a6c" executionId="2d79e31e-c297-4abc-8850-b56ea9b01438" testListId="8c84fa94-04c1-424b-9868-57a2d4851a1d" />
    <TestEntry testId="f87a3c24-9fac-e0ac-0fbf-ceacf1607988" executionId="dd70684f-fa95-4119-901c-e5cd6d76d025" testListId="8c84fa94-04c1-424b-9868-57a2d4851a1d" />
    <TestEntry testId="b80c15af-170b-a892-0764-b38d87d02f36" executionId="4c277d2d-5ee6-46f2-a3e3-ffb3b5796b76" testListId="8c84fa94-04c1-424b-9868-57a2d4851a1d" />
    <TestEntry testId="b6e63550-9bb5-f997-a2d4-6a4fc6f323fb" executionId="e9591c3b-eee7-4fe2-beeb-44aba51c8e4c" testListId="8c84fa94-04c1-424b-9868-57a2d4851a1d" />
    <TestEntry testId="cf5fb565-abce-cb01-897e-0f5212e7aeeb" executionId="6a84d71e-a8f4-4a68-8705-5dd2b2c62f5b" testListId="8c84fa94-04c1-424b-9868-57a2d4851a1d" />
    <TestEntry testId="70b47c13-a465-4226-d5c7-a8b223a58c03" executionId="1358bf05-0103-4d55-b93a-afb20bd70a67" testListId="8c84fa94-04c1-424b-9868-57a2d4851a1d" />
    <TestEntry testId="81ce7cc7-c11c-f72d-40b2-918e2610d155" executionId="9eaf2aa7-feca-46f4-90d3-2c3f1277764c" testListId="8c84fa94-04c1-424b-9868-57a2d4851a1d" />
    <TestEntry testId="cee64311-c3a3-36e2-29e0-c336e2c8c9bb" executionId="b60278fc-9354-44c2-ae15-7a297e3784c1" testListId="8c84fa94-04c1-424b-9868-57a2d4851a1d" />
  </TestEntries>
  <TestLists>
    <TestList name="Results Not in a List" id="8c84fa94-04c1-424b-9868-57a2d4851a1d" />
    <TestList name="All Loaded Results" id="19431567-8539-422a-85d7-44ee4e166bda" />
  </TestLists>
  <ResultSummary outcome="Completed">
    <Counters total="204" executed="204" passed="204" failed="0" error="0" timeout="0" aborted="0" inconclusive="0" passedButRunAborted="0" notRunnable="0" notExecuted="0" disconnected="0" warning="0" completed="0" inProgress="0" pending="0" />
    <CollectorDataEntries>
      <Collector agentName="fv-az635-124" uri="datacollector://microsoft/CoverletCodeCoverage/1.0" collectorDisplayName="XPlat code coverage">
        <UriAttachments>
          <UriAttachment>
            <A href="fv-az635-124/coverage.cobertura.xml"></A>
          </UriAttachment>
        </UriAttachments>
      </Collector>
    </CollectorDataEntries>
  </ResultSummary>
</TestRun>